match
match_id 1657668768417_nm
match_time 1657668768420
num_bots 2
##MatchConfig
mode DEATHMATCH
num_rounds 500
random_seed 1657668768417
move_time_limit 1000
coin_spawn_period 5
coin_spawn_volume 2
##MapConfig
map_size 59 33
view_radius 11
mining_radius 1
attack_radius 4
block 16 0
block 17 0
block 18 0
block 45 0
block 46 0
block 47 0
block 16 1
block 17 1
block 18 1
block 16 2
block 17 2
block 18 2
block 13 3
block 14 3
block 15 3
block 16 3
block 17 3
block 18 3
block 13 4
block 14 4
block 15 4
block 16 4
block 17 4
block 18 4
block 13 5
block 14 5
block 15 5
block 16 5
block 17 5
block 18 5
block 10 6
block 11 6
block 5 7
block 6 7
block 7 7
block 8 7
block 10 7
block 11 7
block 32 7
block 33 7
block 34 7
block 5 8
block 6 8
block 7 8
block 8 8
block 10 8
block 11 8
block 18 8
block 19 8
block 20 8
block 21 8
block 22 8
block 23 8
block 32 8
block 33 8
block 34 8
block 35 8
block 36 8
block 37 8
block 38 8
block 3 9
block 4 9
block 5 9
block 6 9
block 7 9
block 8 9
block 18 9
block 19 9
block 20 9
block 21 9
block 22 9
block 23 9
block 30 9
block 31 9
block 32 9
block 33 9
block 34 9
block 35 9
block 36 9
block 37 9
block 38 9
block 3 10
block 4 10
block 5 10
block 6 10
block 7 10
block 8 10
block 18 10
block 19 10
block 20 10
block 21 10
block 22 10
block 23 10
block 30 10
block 31 10
block 33 10
block 34 10
block 35 10
block 36 10
block 37 10
block 38 10
block 3 11
block 4 11
block 5 11
block 6 11
block 7 11
block 8 11
block 18 11
block 19 11
block 20 11
block 21 11
block 22 11
block 23 11
block 30 11
block 31 11
block 33 11
block 34 11
block 35 11
block 36 11
block 37 11
block 38 11
block 3 12
block 4 12
block 5 12
block 6 12
block 7 12
block 8 12
block 9 12
block 10 12
block 11 12
block 12 12
block 13 12
block 18 12
block 19 12
block 20 12
block 21 12
block 22 12
block 23 12
block 30 12
block 31 12
block 47 12
block 48 12
block 49 12
block 50 12
block 51 12
block 52 12
block 53 12
block 7 13
block 8 13
block 9 13
block 10 13
block 11 13
block 12 13
block 13 13
block 18 13
block 19 13
block 20 13
block 21 13
block 22 13
block 23 13
block 30 13
block 31 13
block 47 13
block 48 13
block 49 13
block 50 13
block 51 13
block 52 13
block 53 13
block 54 13
block 55 13
block 56 13
block 57 13
block 58 13
block 47 14
block 48 14
block 49 14
block 50 14
block 51 14
block 52 14
block 53 14
block 54 14
block 55 14
block 56 14
block 57 14
block 58 14
block 11 15
block 12 15
block 13 15
block 14 15
block 15 15
block 47 15
block 48 15
block 49 15
block 50 15
block 51 15
block 52 15
block 53 15
block 54 15
block 55 15
block 56 15
block 57 15
block 58 15
block 11 16
block 12 16
block 13 16
block 14 16
block 15 16
block 47 16
block 48 16
block 49 16
block 50 16
block 51 16
block 52 16
block 53 16
block 55 16
block 56 16
block 57 16
block 58 16
block 11 17
block 12 17
block 13 17
block 14 17
block 15 17
block 16 17
block 17 17
block 41 17
block 42 17
block 43 17
block 55 17
block 56 17
block 57 17
block 58 17
block 11 18
block 12 18
block 13 18
block 14 18
block 15 18
block 16 18
block 17 18
block 27 18
block 28 18
block 29 18
block 30 18
block 31 18
block 32 18
block 33 18
block 41 18
block 42 18
block 43 18
block 55 18
block 56 18
block 57 18
block 58 18
block 11 19
block 12 19
block 13 19
block 14 19
block 15 19
block 16 19
block 17 19
block 27 19
block 28 19
block 29 19
block 30 19
block 31 19
block 32 19
block 33 19
block 41 19
block 42 19
block 43 19
block 55 19
block 56 19
block 57 19
block 58 19
block 11 20
block 12 20
block 13 20
block 14 20
block 15 20
block 27 20
block 28 20
block 29 20
block 30 20
block 31 20
block 32 20
block 33 20
block 41 20
block 42 20
block 43 20
block 27 21
block 28 21
block 29 21
block 30 21
block 31 21
block 32 21
block 33 21
block 41 21
block 42 21
block 43 21
block 16 22
block 17 22
block 27 22
block 28 22
block 29 22
block 30 22
block 31 22
block 32 22
block 33 22
block 16 23
block 17 23
block 27 23
block 28 23
block 29 23
block 30 23
block 31 23
block 32 23
block 33 23
block 14 24
block 15 24
block 16 24
block 17 24
block 18 24
block 19 24
block 14 25
block 15 25
block 16 25
block 17 25
block 18 25
block 19 25
block 16 26
block 17 26
block 16 27
block 17 27
block 38 27
block 39 27
block 16 28
block 17 28
block 38 28
block 39 28
block 45 28
block 46 28
block 47 28
block 16 29
block 17 29
block 18 29
block 45 29
block 46 29
block 47 29
block 6 30
block 7 30
block 8 30
block 9 30
block 10 30
block 11 30
block 16 30
block 17 30
block 18 30
block 45 30
block 46 30
block 47 30
block 6 31
block 7 31
block 8 31
block 9 31
block 10 31
block 11 31
block 16 31
block 17 31
block 18 31
block 45 31
block 46 31
block 47 31
block 16 32
block 17 32
block 18 32
block 45 32
block 46 32
block 47 32
##BotsAndCoinsInfo
bot_name 0 server-starter-bot
bot_name 1 MEDU7A
bot 0 44 8
bot_coins 0 0
bot 1 4 8
bot_coins 1 0
coin 43 14
coin 16 20
round 1
bot 0 45 8
bot 1 3 7
round 2
bot 0 46 8
bot 1 2 6
round 3
bot 0 47 8
bot 1 1 5
round 4
bot 0 48 8
bot 1 0 4
round 5
bot 0 49 8
bot 1 58 3
coin 23 16
coin 35 16
round 6
bot 0 50 8
bot 1 57 2
round 7
bot 0 49 9
bot 1 56 1
round 8
bot 0 48 10
bot 1 55 0
round 9
bot 0 47 11
bot 1 54 32
round 10
bot 0 46 12
bot 1 53 31
coin 4 8
coin 54 24
round 11
bot 0 45 13
bot 1 52 30
round 12
bot 0 44 14
bot 1 51 29
coin_collected 43 14 0
bot_coins 0 1
round 13
bot 0 43 15
bot 1 52 28
round 14
bot 0 44 16
bot 1 53 27
round 15
bot 0 45 17
bot 1 54 26
coin 54 29
coin 4 3
round 16
bot 0 46 18
bot 1 54 25
coin_collected 54 24 1
bot_coins 1 1
round 17
bot 0 47 19
bot 1 53 26
round 18
bot 0 48 20
bot 1 53 27
round 19
bot 0 49 21
bot 1 54 28
coin_collected 54 29 1
bot_coins 1 2
round 20
bot 0 48 21
bot 1 53 27
coin 32 5
coin 26 27
round 21
bot 0 47 21
bot 1 52 26
round 22
bot 0 46 21
bot 1 51 25
round 23
bot 0 45 21
bot 1 50 24
round 24
bot 0 44 21
bot 1 49 23
round 25
bot 1 48 22
coin 25 17
coin 33 15
round 26
bot 1 47 23
attack 1 0
bot_coins 0 0
bot_coins 1 3
match_over 0
round 27
bot 1 46 24
round 28
bot 1 45 25
round 29
bot 1 44 26
round 30
bot 1 43 25
coin 26 8
coin 32 24
round 31
bot 1 42 24
round 32
bot 1 41 23
round 33
bot 1 40 22
round 34
bot 1 39 21
round 35
bot 1 38 20
coin 21 29
coin 37 3
round 36
bot 1 37 19
round 37
bot 1 36 18
round 38
bot 1 35 17
coin_collected 35 16 1
bot_coins 1 4
round 39
bot 1 34 16
round 40
bot 1 33 15
coin_collected 33 15 1
bot_coins 1 5
coin 14 9
coin 44 23
round 41
bot 1 32 14
round 42
bot 1 31 14
round 43
bot 1 30 14
round 44
bot 1 29 15
round 45
bot 1 28 16
coin 17 11
coin 41 22
round 46
bot 1 27 17
round 47
bot 1 26 17
coin_collected 25 17 1
bot_coins 1 6
round 48
bot 1 25 16
round 49
bot 1 24 16
coin_collected 23 16 1
bot_coins 1 7
round 50
bot 1 23 15
coin 0 9
coin 58 23
round 51
bot 1 22 15
round 52
bot 1 21 16
round 53
bot 1 20 17
round 54
bot 1 19 18
round 55
bot 1 18 19
coin 4 6
coin 54 26
round 56
bot 1 17 20
coin_collected 16 20 1
bot_coins 1 8
round 57
bot 1 18 21
round 58
bot 1 19 22
round 59
bot 1 20 23
round 60
bot 1 21 24
coin 48 30
coin 10 2
round 61
bot 1 22 25
round 62
bot 1 23 26
round 63
bot 1 24 27
round 64
bot 1 25 27
coin_collected 26 27 1
bot_coins 1 9
round 65
bot 1 24 27
coin 10 32
coin 48 0
round 66
bot 1 23 28
round 67
bot 1 22 29
coin_collected 21 29 1
bot_coins 1 10
round 68
bot 1 23 28
round 69
bot 1 24 27
round 70
bot 1 25 27
coin 15 8
coin 43 24
round 71
bot 1 26 28
round 72
bot 1 27 27
round 73
bot 1 28 26
round 74
bot 1 29 26
round 75
bot 1 30 25
coin 15 27
coin 43 5
round 76
bot 1 31 24
coin_collected 32 24 1
bot_coins 1 11
round 77
bot 1 32 25
round 78
bot 1 33 26
round 79
bot 1 34 27
round 80
bot 1 35 28
coin 34 21
coin 24 11
round 81
bot 1 36 28
round 82
bot 1 37 29
round 83
bot 1 38 30
round 84
bot 1 39 29
round 85
bot 1 40 28
coin 36 6
coin 22 26
round 86
bot 1 41 27
round 87
bot 1 42 26
round 88
bot 1 43 25
coin_collected 43 24 1
bot_coins 1 12
round 89
bot 1 44 24
coin_collected 44 23 1
bot_coins 1 13
round 90
bot 1 43 23
coin 34 3
coin 24 29
round 91
bot 1 42 22
coin_collected 41 22 1
bot_coins 1 14
round 92
bot 1 43 23
round 93
bot 1 44 24
round 94
bot 1 45 25
round 95
bot 1 46 26
coin 0 31
coin 58 1
round 96
bot 1 47 27
round 97
bot 1 48 28
round 98
bot 1 48 29
coin_collected 48 30 1
bot_coins 1 15
round 99
bot 1 49 30
round 100
bot 1 48 31
coin 42 30
coin 15 2
round 101
bot 1 48 32
coin_collected 48 0 1
bot_coins 1 16
round 102
bot 1 49 0
round 103
bot 1 48 1
round 104
bot 1 47 2
round 105
bot 1 46 3
coin 22 32
coin 36 0
round 106
bot 1 45 4
round 107
bot 1 44 5
coin_collected 43 5 1
bot_coins 1 17
round 108
bot 1 45 4
round 109
bot 1 46 3
round 110
bot 1 45 2
coin 24 22
coin 34 12
round 111
bot 1 44 1
round 112
bot 1 43 0
round 113
bot 1 42 32
round 114
bot 1 42 31
coin_collected 42 30 1
bot_coins 1 18
round 115
bot 1 41 30
coin 33 6
coin 25 26
round 116
bot 1 40 30
round 117
bot 1 39 31
round 118
bot 1 38 32
round 119
bot 1 37 0
coin_collected 36 0 1
bot_coins 1 19
round 120
bot 1 36 1
coin 3 8
coin 55 24
round 121
bot 1 35 2
round 122
bot 1 34 3
coin_collected 34 3 1
bot_coins 1 20
round 123
bot 1 33 4
round 124
bot 1 33 5
coin_collected 33 6 1
bot_coins 1 21
coin_collected 32 5 1
bot_coins 1 22
round 125
bot 1 34 5
coin 55 32
coin 3 0
round 126
bot 1 35 6
coin_collected 36 6 1
bot_coins 1 23
round 127
bot 1 36 5
round 128
bot 1 37 4
coin_collected 37 3 1
bot_coins 1 24
round 129
bot 1 36 3
round 130
bot 1 35 2
coin 20 14
coin 38 18
round 131
bot 1 34 1
round 132
bot 1 33 2
round 133
bot 1 32 3
round 134
bot 1 31 4
round 135
bot 1 30 5
coin 26 32
coin 32 0
round 136
bot 1 29 6
round 137
bot 1 28 7
round 138
bot 1 27 8
coin_collected 26 8 1
bot_coins 1 25
round 139
bot 1 26 9
round 140
bot 1 25 10
coin 46 11
coin 12 21
round 141
bot 1 24 11
coin_collected 24 11 1
bot_coins 1 26
round 142
bot 1 24 12
round 143
bot 1 24 13
round 144
bot 1 23 14
round 145
bot 1 22 15
coin 54 10
coin 4 22
round 146
bot 1 21 14
coin_collected 20 14 1
bot_coins 1 27
round 147
bot 1 20 15
round 148
bot 1 19 14
round 149
bot 1 18 14
round 150
bot 1 17 13
coin 28 13
coin 30 17
round 151
bot 1 16 12
round 152
bot 1 15 11
round 153
bot 1 14 10
coin_collected 14 9 1
bot_coins 1 28
round 154
bot 1 15 9
coin_collected 15 8 1
bot_coins 1 29
round 155
bot 1 15 10
coin 17 10
coin 41 22
round 156
bot 1 16 9
round 157
bot 1 17 10
coin_collected 17 10 1
bot_coins 1 30
coin_collected 17 11 1
bot_coins 1 31
round 158
bot 1 16 9
round 159
bot 1 15 8
round 160
bot 1 14 7
coin 57 1
coin 1 31
round 161
bot 1 13 6
round 162
bot 1 12 5
round 163
bot 1 11 4
round 164
bot 1 10 3
coin_collected 10 2 1
bot_coins 1 32
round 165
bot 1 9 2
coin 48 20
coin 10 11
round 166
bot 1 8 3
round 167
bot 1 7 4
round 168
bot 1 6 5
round 169
bot 1 5 6
coin_collected 4 6 1
bot_coins 1 33
round 170
bot 1 4 7
coin_collected 4 8 1
bot_coins 1 34
coin 40 20
coin 17 12
round 171
bot 1 3 7
coin_collected 3 8 1
bot_coins 1 35
round 172
bot 1 2 8
round 173
bot 1 1 9
coin_collected 0 9 1
bot_coins 1 36
round 174
bot 1 0 8
round 175
bot 1 58 7
coin 7 5
coin 51 27
round 176
bot 1 57 6
round 177
bot 1 56 5
round 178
bot 1 55 4
round 179
bot 1 55 3
round 180
bot 1 56 2
coin 17 8
coin 41 24
round 181
bot 1 57 1
coin_collected 58 1 1
bot_coins 1 37
coin_collected 57 1 1
bot_coins 1 38
round 182
bot 1 57 0
round 183
bot 1 58 32
round 184
bot 1 0 31
coin_collected 0 31 1
bot_coins 1 39
coin_collected 1 31 1
bot_coins 1 40
round 185
bot 1 1 32
coin 14 21
coin 44 11
round 186
bot 1 2 0
coin_collected 3 0 1
bot_coins 1 41
round 187
bot 1 3 1
round 188
bot 1 4 2
coin_collected 4 3 1
bot_coins 1 42
round 189
bot 1 5 2
round 190
bot 1 6 3
coin 6 29
coin 52 3
round 191
bot 1 7 4
coin_collected 7 5 1
bot_coins 1 43
round 192
bot 1 7 3
round 193
bot 1 8 2
round 194
bot 1 9 1
round 195
bot 1 10 0
coin_collected 10 32 1
bot_coins 1 44
coin 20 5
coin 37 27
round 196
bot 1 11 32
round 197
bot 1 12 0
round 198
bot 1 13 1
round 199
bot 1 14 2
coin_collected 15 2 1
bot_coins 1 45
round 200
bot 1 13 1
coin 11 11
coin 47 21
round 201
bot 1 12 0
round 202
bot 1 11 32
round 203
bot 1 12 31
round 204
bot 1 13 30
round 205
bot 1 14 29
coin 39 5
coin 19 27
round 206
bot 1 15 28
coin_collected 15 27 1
bot_coins 1 46
round 207
bot 1 14 27
round 208
bot 1 13 26
round 209
bot 1 12 25
round 210
bot 1 13 24
coin 49 20
coin 9 11
round 211
bot 1 14 23
round 212
bot 1 14 22
coin_collected 14 21 1
bot_coins 1 47
round 213
bot 1 13 21
coin_collected 12 21 1
bot_coins 1 48
round 214
bot 1 12 22
round 215
bot 1 11 23
coin 23 23
coin 35 7
round 216
bot 1 10 24
round 217
bot 1 9 25
round 218
bot 1 8 26
round 219
bot 1 7 27
round 220
bot 1 6 28
coin_collected 6 29 1
bot_coins 1 49
coin 50 2
coin 8 29
round 221
bot 1 7 29
coin_collected 8 29 1
bot_coins 1 50
round 222
bot 1 6 28
round 223
bot 1 5 27
round 224
bot 1 4 26
round 225
bot 1 3 25
coin 39 16
coin 19 16
round 226
bot 1 3 24
round 227
bot 1 4 23
coin_collected 4 22 1
bot_coins 1 51
round 228
bot 1 3 22
round 229
bot 1 2 21
round 230
bot 1 1 22
coin 28 4
coin 30 28
round 231
bot 1 0 23
coin_collected 58 23 1
bot_coins 1 52
round 232
bot 1 58 22
round 233
bot 1 57 23
round 234
bot 1 56 24
coin_collected 55 24 1
bot_coins 1 53
round 235
bot 1 55 24
coin 40 6
coin 18 26
round 236
bot 1 54 25
coin_collected 54 26 1
bot_coins 1 54
round 237
bot 1 53 24
round 238
bot 1 52 23
round 239
bot 1 51 22
round 240
bot 1 50 21
coin 24 10
coin 34 22
round 241
bot 1 49 20
coin_collected 49 20 1
bot_coins 1 55
coin_collected 48 20 1
bot_coins 1 56
round 242
bot 1 48 21
coin_collected 47 21 1
bot_coins 1 57
round 243
bot 1 47 20
round 244
bot 1 46 19
round 245
bot 1 45 20
coin 33 13
coin 25 19
round 246
bot 1 44 21
round 247
bot 1 43 22
round 248
bot 1 42 22
coin_collected 41 22 1
bot_coins 1 58
round 249
bot 1 41 23
coin_collected 41 24 1
bot_coins 1 59
round 250
bot 1 40 22
coin 12 3
coin 46 27
round 251
bot 1 40 21
coin_collected 40 20 1
bot_coins 1 60
round 252
bot 1 39 20
round 253
bot 1 38 19
coin_collected 38 18 1
bot_coins 1 61
round 254
bot 1 37 20
round 255
bot 1 36 21
coin 55 11
coin 3 21
round 256
bot 1 35 22
coin_collected 34 22 1
bot_coins 1 62
round 257
bot 1 34 22
coin_collected 34 21 1
bot_coins 1 63
round 258
bot 1 34 23
round 259
bot 1 35 24
round 260
bot 1 36 25
coin 56 25
coin 2 7
round 261
bot 1 37 26
coin_collected 37 27 1
bot_coins 1 64
round 262
bot 1 36 27
round 263
bot 1 35 28
round 264
bot 1 34 29
round 265
bot 1 33 30
coin 40 5
coin 18 27
round 266
bot 1 32 31
round 267
bot 1 32 32
coin_collected 32 0 1
bot_coins 1 65
round 268
bot 1 33 0
round 269
bot 1 34 1
round 270
bot 1 35 0
coin 28 12
coin 29 17
round 271
bot 1 36 1
round 272
bot 1 37 2
round 273
bot 1 38 3
round 274
bot 1 39 4
coin_collected 39 5 1
bot_coins 1 66
round 275
bot 1 40 5
coin_collected 40 5 1
bot_coins 1 67
coin_collected 40 6 1
bot_coins 1 68
coin 54 18
coin 4 14
round 276
bot 1 41 6
round 277
bot 1 42 7
round 278
bot 1 43 8
round 279
bot 1 44 9
round 280
bot 1 45 10
coin 44 20
coin 14 12
round 281
bot 1 45 11
coin_collected 46 11 1
bot_coins 1 69
coin_collected 44 11 1
bot_coins 1 70
round 282
bot 1 46 10
round 283
bot 1 47 9
round 284
bot 1 48 8
round 285
bot 1 49 7
coin 37 22
coin 21 7
round 286
bot 1 50 7
round 287
bot 1 51 8
round 288
bot 1 52 9
round 289
bot 1 53 10
coin_collected 54 10 1
bot_coins 1 71
round 290
bot 1 54 11
coin_collected 55 11 1
bot_coins 1 72
coin 9 2
coin 49 30
round 291
bot 1 55 10
round 292
bot 1 56 9
round 293
bot 1 57 8
round 294
bot 1 58 7
round 295
bot 1 0 6
coin 43 32
coin 15 0
round 296
bot 1 1 7
coin_collected 2 7 1
bot_coins 1 73
round 297
bot 1 2 6
round 298
bot 1 3 5
round 299
bot 1 4 4
round 300
bot 1 5 3
coin 50 11
coin 8 21
round 301
bot 1 6 4
round 302
bot 1 7 3
round 303
bot 1 8 2
coin_collected 9 2 1
bot_coins 1 74
round 304
bot 1 9 3
round 305
bot 1 10 4
coin 7 25
coin 51 7
round 306
bot 1 11 3
coin_collected 12 3 1
bot_coins 1 75
round 307
bot 1 10 4
round 308
bot 1 11 5
round 309
bot 1 12 6
round 310
bot 1 12 7
coin 21 22
coin 39 10
round 311
bot 1 12 8
round 312
bot 1 12 9
round 313
bot 1 11 10
coin_collected 11 11 1
bot_coins 1 76
round 314
bot 1 10 11
coin_collected 10 11 1
bot_coins 1 77
coin_collected 9 11 1
bot_coins 1 78
round 315
bot 1 11 10
coin 24 13
coin 34 19
round 316
bot 1 12 9
round 317
bot 1 13 10
round 318
bot 1 14 11
coin_collected 14 12 1
bot_coins 1 79
round 319
bot 1 15 12
round 320
bot 1 16 12
coin_collected 17 12 1
bot_coins 1 80
coin 17 11
coin 41 22
round 321
bot 1 17 12
coin_collected 17 11 1
bot_coins 1 81
round 322
bot 1 17 13
round 323
bot 1 18 14
round 324
bot 1 19 15
coin_collected 19 16 1
bot_coins 1 82
round 325
bot 1 18 16
coin 30 14
coin 28 17
round 326
bot 1 19 17
round 327
bot 1 20 18
round 328
bot 1 21 19
round 329
bot 1 22 20
round 330
bot 1 23 21
coin 26 22
coin 32 10
round 331
bot 1 23 22
coin_collected 23 23 1
bot_coins 1 83
coin_collected 24 22 1
bot_coins 1 84
round 332
bot 1 22 23
round 333
bot 1 21 24
round 334
bot 1 20 25
round 335
bot 1 19 26
coin_collected 18 26 1
bot_coins 1 85
coin_collected 19 27 1
bot_coins 1 86
coin 56 31
coin 2 1
round 336
bot 1 18 27
coin_collected 18 27 1
bot_coins 1 87
round 337
bot 1 19 28
round 338
bot 1 20 27
round 339
bot 1 21 26
coin_collected 22 26 1
bot_coins 1 88
round 340
bot 1 22 27
coin 12 5
coin 46 26
round 341
bot 1 23 28
round 342
bot 1 24 29
coin_collected 24 29 1
bot_coins 1 89
round 343
bot 1 25 30
round 344
bot 1 26 31
coin_collected 26 32 1
bot_coins 1 90
round 345
bot 1 27 30
coin 25 10
coin 34 22
round 346
bot 1 28 29
round 347
bot 1 29 28
coin_collected 30 28 1
bot_coins 1 91
round 348
bot 1 28 27
round 349
bot 1 27 26
round 350
bot 1 26 26
coin_collected 25 26 1
bot_coins 1 92
coin 45 14
coin 13 21
round 351
bot 1 27 25
round 352
bot 1 27 24
round 353
bot 1 26 23
coin_collected 26 22 1
bot_coins 1 93
round 354
bot 1 25 22
round 355
bot 1 24 21
coin 3 20
coin 55 12
round 356
bot 1 25 20
coin_collected 25 19 1
bot_coins 1 94
round 357
bot 1 25 19
round 358
bot 1 26 18
round 359
bot 1 27 17
coin_collected 28 17 1
bot_coins 1 95
round 360
bot 1 28 16
coin 18 27
coin 40 5
round 361
bot 1 29 17
coin_collected 29 17 1
bot_coins 1 96
coin_collected 30 17 1
bot_coins 1 97
round 362
bot 1 30 16
round 363
bot 1 30 15
coin_collected 30 14 1
bot_coins 1 98
round 364
bot 1 29 14
round 365
bot 1 28 13
coin_collected 28 12 1
bot_coins 1 99
coin_collected 28 13 1
bot_coins 1 100
coin 48 1
coin 10 32
round 366
bot 1 27 12
round 367
bot 1 26 11
round 368
bot 1 25 10
coin_collected 24 10 1
bot_coins 1 101
coin_collected 25 10 1
bot_coins 1 102
round 369
bot 1 25 11
round 370
bot 1 24 12
coin_collected 24 13 1
bot_coins 1 103
coin 53 17
coin 5 15
round 371
bot 1 25 11
round 372
bot 1 26 10
round 373
bot 1 27 11
round 374
bot 1 28 12
round 375
bot 1 29 13
coin 38 22
coin 17 10
round 376
bot 1 30 14
round 377
bot 1 31 14
round 378
bot 1 32 13
coin_collected 33 13 1
bot_coins 1 104
round 379
bot 1 33 12
coin_collected 34 12 1
bot_coins 1 105
round 380
bot 1 32 11
coin_collected 32 10 1
bot_coins 1 106
coin 23 32
coin 35 0
round 381
bot 1 33 12
round 382
bot 1 34 13
round 383
bot 1 35 14
round 384
bot 1 36 15
round 385
bot 1 37 16
coin 10 18
coin 46 14
round 386
bot 1 38 16
coin_collected 39 16 1
bot_coins 1 107
round 387
bot 1 39 17
round 388
bot 1 38 18
round 389
bot 1 37 19
round 390
bot 1 38 20
coin 42 27
coin 16 6
round 391
bot 1 39 21
round 392
bot 1 38 22
coin_collected 37 22 1
bot_coins 1 108
coin_collected 38 22 1
bot_coins 1 109
round 393
bot 1 39 21
round 394
bot 1 40 22
coin_collected 41 22 1
bot_coins 1 110
round 395
bot 1 41 22
coin 48 2
coin 10 29
round 396
bot 1 42 22
round 397
bot 1 43 23
round 398
bot 1 44 24
round 399
bot 1 45 25
round 400
bot 1 46 26
coin_collected 46 26 1
bot_coins 1 111
coin_collected 46 27 1
bot_coins 1 112
coin 39 9
coin 19 23
round 401
bot 1 47 27
round 402
bot 1 48 28
round 403
bot 1 49 29
coin_collected 49 30 1
bot_coins 1 113
round 404
bot 1 50 30
round 405
bot 1 51 31
coin 40 14
coin 18 18
round 406
bot 1 50 32
round 407
bot 1 49 0
round 408
bot 1 48 1
coin_collected 48 1 1
bot_coins 1 114
coin_collected 48 2 1
bot_coins 1 115
round 409
bot 1 49 2
coin_collected 50 2 1
bot_coins 1 116
round 410
bot 1 50 3
coin 13 27
coin 45 5
round 411
bot 1 51 3
coin_collected 52 3 1
bot_coins 1 117
round 412
bot 1 52 3
round 413
bot 1 53 2
round 414
bot 1 54 1
round 415
bot 1 55 0
coin_collected 55 32 1
bot_coins 1 118
coin 15 28
coin 43 4
round 416
bot 1 56 32
coin_collected 56 31 1
bot_coins 1 119
round 417
bot 1 57 31
round 418
bot 1 58 32
round 419
bot 1 0 0
round 420
bot 1 1 1
coin_collected 2 1 1
bot_coins 1 120
coin 16 20
coin 42 12
round 421
bot 1 2 0
round 422
bot 1 3 32
round 423
bot 1 4 31
round 424
bot 1 5 32
round 425
bot 1 6 0
coin 24 13
coin 35 19
round 426
bot 1 7 1
round 427
bot 1 8 0
round 428
bot 1 9 32
coin_collected 10 32 1
bot_coins 1 121
round 429
bot 1 8 0
round 430
bot 1 9 1
coin 57 25
coin 1 7
round 431
bot 1 10 2
round 432
bot 1 11 3
round 433
bot 1 12 4
coin_collected 12 5 1
bot_coins 1 122
round 434
bot 1 12 5
round 435
bot 1 13 6
coin 36 24
coin 22 7
round 436
bot 1 14 6
round 437
bot 1 15 7
round 438
bot 1 16 8
coin_collected 17 8 1
bot_coins 1 123
round 439
bot 1 16 7
coin_collected 16 6 1
bot_coins 1 124
round 440
bot 1 17 6
coin 3 30
coin 55 2
round 441
bot 1 18 6
round 442
bot 1 19 5
coin_collected 20 5 1
bot_coins 1 125
round 443
bot 1 20 6
round 444
bot 1 21 7
coin_collected 21 7 1
bot_coins 1 126
coin_collected 22 7 1
bot_coins 1 127
round 445
bot 1 22 6
coin 44 25
coin 14 7
round 446
bot 1 23 5
round 447
bot 1 24 4
round 448
bot 1 25 3
round 449
bot 1 26 2
round 450
bot 1 25 1
coin 43 0
coin 15 32
round 451
bot 1 24 0
round 452
bot 1 23 32
coin_collected 22 32 1
bot_coins 1 128
coin_collected 23 32 1
bot_coins 1 129
round 453
bot 1 22 31
round 454
bot 1 21 30
round 455
bot 1 20 29
coin 38 12
coin 20 20
round 456
bot 1 19 28
round 457
bot 1 18 27
coin_collected 18 27 1
bot_coins 1 130
round 458
bot 1 19 26
round 459
bot 1 20 25
round 460
bot 1 20 24
coin 27 32
coin 31 0
round 461
bot 1 21 23
coin_collected 21 22 1
bot_coins 1 131
round 462
bot 1 20 23
coin_collected 19 23 1
bot_coins 1 132
round 463
bot 1 21 22
round 464
bot 1 20 21
coin_collected 20 20 1
bot_coins 1 133
round 465
bot 1 19 20
coin 49 28
coin 9 4
round 466
bot 1 18 19
coin_collected 18 18 1
bot_coins 1 134
round 467
bot 1 17 20
coin_collected 16 20 1
bot_coins 1 135
round 468
bot 1 16 20
round 469
bot 1 15 21
round 470
bot 1 14 21
coin_collected 13 21 1
bot_coins 1 136
coin 51 28
coin 7 4
round 471
bot 1 13 21
round 472
bot 1 12 21
round 473
bot 1 11 21
round 474
bot 1 10 20
round 475
bot 1 9 21
coin_collected 8 21 1
bot_coins 1 137
coin 5 28
coin 53 4
round 476
bot 1 9 20
round 477
bot 1 10 19
coin_collected 10 18 1
bot_coins 1 138
round 478
bot 1 9 18
round 479
bot 1 8 17
round 480
bot 1 7 16
coin 9 19
coin 49 11
round 481
bot 1 6 15
coin_collected 5 15 1
bot_coins 1 139
round 482
bot 1 5 14
coin_collected 4 14 1
bot_coins 1 140
round 483
bot 1 4 15
round 484
bot 1 3 16
round 485
bot 1 2 17
coin 54 32
coin 4 0
round 486
bot 1 1 18
round 487
bot 1 2 19
round 488
bot 1 3 20
coin_collected 3 20 1
bot_coins 1 141
coin_collected 3 21 1
bot_coins 1 142
round 489
bot 1 2 21
round 490
bot 1 1 22
coin 15 8
coin 43 24
round 491
bot 1 0 23
round 492
bot 1 58 24
round 493
bot 1 57 25
coin_collected 56 25 1
bot_coins 1 143
coin_collected 57 25 1
bot_coins 1 144
round 494
bot 1 56 24
round 495
bot 1 55 25
coin 37 4
coin 21 28
round 496
bot 1 54 24
round 497
bot 1 53 25
round 498
bot 1 52 26
round 499
bot 1 51 27
coin_collected 51 27 1
bot_coins 1 145
coin_collected 51 28 1
bot_coins 1 146
round 500
bot 1 50 28
coin_collected 49 28 1
bot_coins 1 147
coin 30 26
coin 28 6
match_over 1
