match
match_id 1657669213007_oa
match_time 1657669213011
num_bots 2
##MatchConfig
mode DEATHMATCH
num_rounds 500
random_seed 1657669213007
move_time_limit 1000
coin_spawn_period 5
coin_spawn_volume 2
##MapConfig
map_size 59 33
view_radius 11
mining_radius 1
attack_radius 4
block 16 0
block 17 0
block 18 0
block 45 0
block 46 0
block 47 0
block 16 1
block 17 1
block 18 1
block 16 2
block 17 2
block 18 2
block 13 3
block 14 3
block 15 3
block 16 3
block 17 3
block 18 3
block 13 4
block 14 4
block 15 4
block 16 4
block 17 4
block 18 4
block 13 5
block 14 5
block 15 5
block 16 5
block 17 5
block 18 5
block 10 6
block 11 6
block 5 7
block 6 7
block 7 7
block 8 7
block 10 7
block 11 7
block 32 7
block 33 7
block 34 7
block 5 8
block 6 8
block 7 8
block 8 8
block 10 8
block 11 8
block 18 8
block 19 8
block 20 8
block 21 8
block 22 8
block 23 8
block 32 8
block 33 8
block 34 8
block 35 8
block 36 8
block 37 8
block 38 8
block 3 9
block 4 9
block 5 9
block 6 9
block 7 9
block 8 9
block 18 9
block 19 9
block 20 9
block 21 9
block 22 9
block 23 9
block 30 9
block 31 9
block 32 9
block 33 9
block 34 9
block 35 9
block 36 9
block 37 9
block 38 9
block 3 10
block 4 10
block 5 10
block 6 10
block 7 10
block 8 10
block 18 10
block 19 10
block 20 10
block 21 10
block 22 10
block 23 10
block 30 10
block 31 10
block 33 10
block 34 10
block 35 10
block 36 10
block 37 10
block 38 10
block 3 11
block 4 11
block 5 11
block 6 11
block 7 11
block 8 11
block 18 11
block 19 11
block 20 11
block 21 11
block 22 11
block 23 11
block 30 11
block 31 11
block 33 11
block 34 11
block 35 11
block 36 11
block 37 11
block 38 11
block 3 12
block 4 12
block 5 12
block 6 12
block 7 12
block 8 12
block 9 12
block 10 12
block 11 12
block 12 12
block 13 12
block 18 12
block 19 12
block 20 12
block 21 12
block 22 12
block 23 12
block 30 12
block 31 12
block 47 12
block 48 12
block 49 12
block 50 12
block 51 12
block 52 12
block 53 12
block 7 13
block 8 13
block 9 13
block 10 13
block 11 13
block 12 13
block 13 13
block 18 13
block 19 13
block 20 13
block 21 13
block 22 13
block 23 13
block 30 13
block 31 13
block 47 13
block 48 13
block 49 13
block 50 13
block 51 13
block 52 13
block 53 13
block 54 13
block 55 13
block 56 13
block 57 13
block 58 13
block 47 14
block 48 14
block 49 14
block 50 14
block 51 14
block 52 14
block 53 14
block 54 14
block 55 14
block 56 14
block 57 14
block 58 14
block 11 15
block 12 15
block 13 15
block 14 15
block 15 15
block 47 15
block 48 15
block 49 15
block 50 15
block 51 15
block 52 15
block 53 15
block 54 15
block 55 15
block 56 15
block 57 15
block 58 15
block 11 16
block 12 16
block 13 16
block 14 16
block 15 16
block 47 16
block 48 16
block 49 16
block 50 16
block 51 16
block 52 16
block 53 16
block 55 16
block 56 16
block 57 16
block 58 16
block 11 17
block 12 17
block 13 17
block 14 17
block 15 17
block 16 17
block 17 17
block 41 17
block 42 17
block 43 17
block 55 17
block 56 17
block 57 17
block 58 17
block 11 18
block 12 18
block 13 18
block 14 18
block 15 18
block 16 18
block 17 18
block 27 18
block 28 18
block 29 18
block 30 18
block 31 18
block 32 18
block 33 18
block 41 18
block 42 18
block 43 18
block 55 18
block 56 18
block 57 18
block 58 18
block 11 19
block 12 19
block 13 19
block 14 19
block 15 19
block 16 19
block 17 19
block 27 19
block 28 19
block 29 19
block 30 19
block 31 19
block 32 19
block 33 19
block 41 19
block 42 19
block 43 19
block 55 19
block 56 19
block 57 19
block 58 19
block 11 20
block 12 20
block 13 20
block 14 20
block 15 20
block 27 20
block 28 20
block 29 20
block 30 20
block 31 20
block 32 20
block 33 20
block 41 20
block 42 20
block 43 20
block 27 21
block 28 21
block 29 21
block 30 21
block 31 21
block 32 21
block 33 21
block 41 21
block 42 21
block 43 21
block 16 22
block 17 22
block 27 22
block 28 22
block 29 22
block 30 22
block 31 22
block 32 22
block 33 22
block 16 23
block 17 23
block 27 23
block 28 23
block 29 23
block 30 23
block 31 23
block 32 23
block 33 23
block 14 24
block 15 24
block 16 24
block 17 24
block 18 24
block 19 24
block 14 25
block 15 25
block 16 25
block 17 25
block 18 25
block 19 25
block 16 26
block 17 26
block 16 27
block 17 27
block 38 27
block 39 27
block 16 28
block 17 28
block 38 28
block 39 28
block 45 28
block 46 28
block 47 28
block 16 29
block 17 29
block 18 29
block 45 29
block 46 29
block 47 29
block 6 30
block 7 30
block 8 30
block 9 30
block 10 30
block 11 30
block 16 30
block 17 30
block 18 30
block 45 30
block 46 30
block 47 30
block 6 31
block 7 31
block 8 31
block 9 31
block 10 31
block 11 31
block 16 31
block 17 31
block 18 31
block 45 31
block 46 31
block 47 31
block 16 32
block 17 32
block 18 32
block 45 32
block 46 32
block 47 32
##BotsAndCoinsInfo
bot_name 0 server-starter-bot
bot_name 1 MEDU7A
bot 0 44 8
bot_coins 0 0
bot 1 4 8
bot_coins 1 0
coin 32 26
coin 26 6
round 1
bot 0 43 9
bot 1 3 7
round 2
bot 0 42 10
bot 1 2 6
round 3
bot 0 41 11
bot 1 1 5
round 4
bot 0 40 12
bot 1 0 4
round 5
bot 0 39 13
bot 1 58 3
coin 42 3
coin 15 29
round 6
bot 0 38 14
bot 1 57 2
round 7
bot 0 37 15
bot 1 56 1
round 8
bot 0 36 16
bot 1 55 0
round 9
bot 0 37 16
bot 1 54 32
round 10
bot 0 38 16
bot 1 53 31
coin 30 31
coin 28 1
round 11
bot 0 39 16
bot 1 52 30
round 12
bot 0 40 16
bot 1 51 29
round 13
bot 0 41 16
bot 1 50 28
round 14
bot 0 42 16
bot 1 51 27
round 15
bot 0 43 16
bot 1 50 26
coin 9 7
coin 49 25
round 16
bot 1 49 25
coin_collected 49 25 1
bot_coins 1 1
round 17
bot 1 48 24
round 18
bot 1 47 23
round 19
bot 1 46 24
round 20
bot 1 45 25
coin 7 5
coin 51 27
round 21
bot 1 46 26
round 22
bot 0 42 15
bot 1 47 25
round 23
bot 0 41 14
bot 1 48 25
round 24
bot 0 40 13
bot 1 49 26
round 25
bot 0 39 12
bot 1 50 27
coin_collected 51 27 1
bot_coins 1 2
coin 44 2
coin 14 30
round 26
bot 1 51 27
round 27
bot 1 52 28
round 28
bot 1 53 27
round 29
bot 1 54 26
round 30
bot 1 55 26
coin 8 0
coin 50 32
round 31
bot 1 54 27
round 32
bot 1 53 28
round 33
bot 1 52 29
round 34
bot 1 51 30
round 35
bot 1 50 31
coin_collected 50 32 1
bot_coins 1 3
coin 45 9
coin 13 23
round 36
bot 1 49 32
round 37
bot 1 48 0
round 38
bot 0 40 12
bot 1 47 1
round 39
bot 0 41 12
bot 1 46 2
round 40
bot 0 42 12
bot 1 45 2
coin_collected 44 2 1
bot_coins 1 4
coin 15 2
coin 43 30
round 41
bot 0 43 12
bot 1 44 3
round 42
bot 0 44 12
bot 1 43 3
coin_collected 42 3 1
bot_coins 1 5
round 43
bot 0 45 12
bot 1 42 2
round 44
bot 0 46 12
bot 1 41 1
round 45
bot 1 41 0
coin 19 30
coin 39 2
round 46
bot 1 40 0
round 47
bot 1 39 1
coin_collected 39 2 1
bot_coins 1 6
round 48
bot 1 39 0
round 49
bot 1 40 32
round 50
bot 1 41 31
coin 32 17
coin 26 15
round 51
bot 1 42 30
coin_collected 43 30 1
bot_coins 1 7
round 52
bot 1 41 29
round 53
bot 1 40 28
round 54
bot 1 39 29
round 55
bot 1 38 29
coin 50 11
coin 8 21
round 56
bot 0 45 11
bot 1 37 28
round 57
bot 0 44 10
bot 1 36 27
round 58
bot 0 43 9
bot 1 35 28
round 59
bot 0 42 8
bot 1 34 27
round 60
bot 0 41 7
bot 1 33 26
coin_collected 32 26 1
bot_coins 1 8
coin 24 3
coin 34 29
round 61
bot 0 40 6
bot 1 33 27
round 62
bot 0 39 5
bot 1 34 28
coin_collected 34 29 1
bot_coins 1 9
round 63
bot 0 38 4
bot 1 33 29
round 64
bot 0 39 4
bot 1 32 30
round 65
bot 0 40 4
bot 1 31 31
coin_collected 30 31 1
bot_coins 1 10
coin 11 11
coin 47 21
round 66
bot 0 41 4
bot 1 30 32
round 67
bot 0 42 4
bot 1 29 0
round 68
bot 0 43 4
bot 1 28 1
coin_collected 28 1 1
bot_coins 1 11
round 69
bot 0 44 4
bot 1 27 1
round 70
bot 0 43 5
bot 1 26 2
coin 41 0
coin 19 32
round 71
bot 0 42 6
bot 1 25 3
coin_collected 24 3 1
bot_coins 1 12
round 72
bot 0 41 7
bot 1 25 4
round 73
bot 0 40 8
bot 1 26 5
coin_collected 26 6 1
bot_coins 1 13
round 74
bot 0 39 9
bot 1 25 4
round 75
bot 1 24 3
coin 52 31
coin 6 1
round 76
bot 1 23 2
round 77
bot 1 22 1
round 78
bot 1 21 0
round 79
bot 1 20 32
coin_collected 19 32 1
bot_coins 1 14
round 80
bot 1 19 31
coin_collected 19 30 1
bot_coins 1 15
coin 44 28
coin 14 2
round 81
bot 1 19 30
round 82
bot 1 19 29
round 83
bot 1 18 28
round 84
bot 1 18 27
round 85
bot 1 19 26
coin 22 2
coin 36 30
round 86
bot 1 20 25
round 87
bot 1 20 24
round 88
bot 1 21 23
round 89
bot 1 20 22
round 90
bot 1 19 21
coin 26 10
coin 32 24
round 91
bot 1 18 20
round 92
bot 1 17 20
round 93
bot 0 39 10
bot 1 16 21
round 94
bot 0 39 11
bot 1 15 22
round 95
bot 0 39 12
bot 1 14 23
coin_collected 13 23 1
bot_coins 1 16
coin 55 5
coin 3 27
round 96
bot 0 39 13
bot 1 13 24
round 97
bot 0 39 14
bot 1 12 25
round 98
bot 0 39 15
bot 1 11 26
round 99
bot 0 39 16
bot 1 12 27
round 100
bot 0 39 15
bot 1 13 28
coin 10 5
coin 48 27
round 101
bot 0 39 14
bot 1 14 29
coin_collected 14 30 1
bot_coins 1 17
coin_collected 15 29 1
bot_coins 1 18
round 102
bot 0 39 13
bot 1 13 30
round 103
bot 0 39 12
bot 1 12 31
round 104
bot 0 39 11
bot 1 11 32
round 105
bot 0 39 10
bot 1 12 0
coin 3 7
coin 55 25
round 106
bot 0 39 11
bot 1 13 1
round 107
bot 0 39 12
bot 1 14 2
coin_collected 15 2 1
bot_coins 1 19
coin_collected 14 2 1
bot_coins 1 20
round 108
bot 0 39 13
bot 1 13 1
round 109
bot 0 39 14
bot 1 12 2
round 110
bot 0 39 15
bot 1 11 3
coin 33 13
coin 25 19
round 111
bot 0 39 16
bot 1 10 4
coin_collected 10 5 1
bot_coins 1 21
round 112
bot 0 39 17
bot 1 9 4
round 113
bot 0 39 18
bot 1 8 5
coin_collected 7 5 1
bot_coins 1 22
round 114
bot 0 39 19
bot 1 9 6
coin_collected 9 7 1
bot_coins 1 23
round 115
bot 0 39 18
bot 1 8 5
coin 47 9
coin 11 23
round 116
bot 0 39 17
bot 1 7 4
round 117
bot 0 39 16
bot 1 6 3
round 118
bot 0 39 15
bot 1 6 2
coin_collected 6 1 1
bot_coins 1 24
round 119
bot 0 39 14
bot 1 6 1
round 120
bot 0 39 13
bot 1 7 0
coin_collected 8 0 1
bot_coins 1 25
coin 15 6
coin 43 26
round 121
bot 0 38 14
bot 1 6 32
round 122
bot 0 37 15
bot 1 5 31
round 123
bot 0 36 16
bot 1 4 30
round 124
bot 0 35 17
bot 1 3 29
round 125
bot 0 34 18
bot 1 3 28
coin_collected 3 27 1
bot_coins 1 26
coin 44 31
coin 14 1
round 126
bot 1 2 27
round 127
bot 1 1 26
round 128
bot 1 0 25
round 129
bot 1 58 24
round 130
bot 1 57 25
coin 26 19
coin 32 13
round 131
bot 1 56 25
coin_collected 55 25 1
bot_coins 1 27
round 132
bot 1 55 26
round 133
bot 1 54 27
round 134
bot 1 53 28
round 135
bot 1 52 29
coin 32 10
coin 26 22
round 136
bot 1 52 30
coin_collected 52 31 1
bot_coins 1 28
round 137
bot 1 51 29
round 138
bot 1 50 28
round 139
bot 1 49 27
coin_collected 48 27 1
bot_coins 1 29
round 140
bot 1 48 26
coin 36 4
coin 22 28
round 141
bot 1 47 25
round 142
bot 1 46 26
round 143
bot 1 45 27
round 144
bot 0 34 17
bot 1 44 26
coin_collected 43 26 1
bot_coins 1 30
round 145
bot 0 34 16
bot 1 44 27
coin_collected 44 28 1
bot_coins 1 31
coin 7 24
coin 51 8
round 146
bot 0 34 15
bot 1 43 28
round 147
bot 0 34 14
bot 1 43 29
round 148
bot 0 34 13
bot 1 44 30
coin_collected 33 13 0
bot_coins 0 1
coin_collected 44 31 1
bot_coins 1 32
round 149
bot 0 34 12
bot 1 43 31
round 150
bot 1 42 32
coin 10 16
coin 48 17
round 151
bot 1 41 0
coin_collected 41 0 1
bot_coins 1 33
round 152
bot 1 40 1
round 153
bot 1 39 2
round 154
bot 1 38 3
round 155
bot 1 37 4
coin_collected 36 4 1
bot_coins 1 34
coin 26 21
coin 32 11
round 156
bot 1 38 5
round 157
bot 1 39 6
round 158
bot 1 40 5
round 159
bot 1 41 4
round 160
bot 1 42 5
coin 27 26
coin 31 6
round 161
bot 1 43 6
round 162
bot 1 44 7
round 163
bot 1 45 8
coin_collected 45 9 1
bot_coins 1 35
round 164
bot 1 46 9
coin_collected 47 9 1
bot_coins 1 36
round 165
bot 1 47 9
coin 8 5
coin 50 27
round 166
bot 1 48 10
round 167
bot 1 49 11
coin_collected 50 11 1
bot_coins 1 37
round 168
bot 0 33 12
bot 1 50 10
round 169
bot 0 32 12
bot 1 51 9
coin_collected 32 11 0
bot_coins 0 2
coin_collected 32 13 0
bot_coins 0 3
coin_collected 51 8 1
bot_coins 1 38
round 170
bot 1 52 8
coin 51 11
coin 7 21
round 171
bot 1 52 9
round 172
bot 1 51 10
coin_collected 51 11 1
bot_coins 1 39
round 173
bot 1 52 9
round 174
bot 1 53 8
round 175
bot 1 54 7
coin 37 24
coin 21 7
round 176
bot 0 32 11
bot 1 55 6
coin_collected 32 10 0
bot_coins 0 4
coin_collected 55 5 1
bot_coins 1 40
round 177
bot 0 32 10
bot 1 56 7
round 178
bot 1 57 8
round 179
bot 1 58 7
round 180
bot 1 0 6
coin 20 14
coin 38 18
round 181
bot 1 1 6
round 182
bot 1 2 7
coin_collected 3 7 1
bot_coins 1 41
round 183
bot 1 3 6
round 184
bot 1 4 5
round 185
bot 1 5 4
coin 18 21
coin 40 11
round 186
bot 1 6 4
round 187
bot 1 7 5
coin_collected 8 5 1
bot_coins 1 42
round 188
bot 1 8 6
round 189
bot 1 9 7
round 190
bot 1 9 8
coin 54 17
coin 4 15
round 191
bot 1 10 9
round 192
bot 1 11 10
coin_collected 11 11 1
bot_coins 1 43
round 193
bot 1 12 9
round 194
bot 1 13 9
round 195
bot 1 14 8
coin 55 24
coin 3 8
round 196
bot 1 15 7
coin_collected 15 6 1
bot_coins 1 44
round 197
bot 1 16 6
round 198
bot 1 17 6
round 199
bot 1 18 6
round 200
bot 1 19 6
coin 57 5
coin 1 27
round 201
bot 1 20 7
coin_collected 21 7 1
bot_coins 1 45
round 202
bot 1 19 6
round 203
bot 1 20 5
round 204
bot 1 21 4
round 205
bot 1 22 3
coin_collected 22 2 1
bot_coins 1 46
coin 6 21
coin 52 11
round 206
bot 1 23 2
round 207
bot 0 32 11
bot 1 24 1
round 208
bot 0 32 12
bot 1 25 0
round 209
bot 0 32 13
bot 1 24 32
round 210
bot 0 32 14
bot 1 24 31
coin 20 32
coin 38 0
round 211
bot 0 32 15
bot 1 23 30
round 212
bot 0 32 16
bot 1 22 29
coin_collected 22 28 1
bot_coins 1 47
coin_collected 32 17 0
bot_coins 0 5
round 213
bot 0 32 17
bot 1 21 30
round 214
bot 1 20 31
coin_collected 20 32 1
bot_coins 1 48
round 215
bot 0 31 17
bot 1 19 30
coin 53 21
coin 5 13
round 216
bot 0 30 17
bot 1 19 29
round 217
bot 0 29 17
bot 1 20 28
round 218
bot 0 28 17
bot 1 21 27
round 219
bot 0 27 17
bot 1 22 26
round 220
bot 0 26 17
bot 1 23 25
coin 21 7
coin 37 25
round 221
bot 0 25 17
bot 1 24 24
round 222
bot 0 24 17
bot 1 25 23
round 223
bot 0 23 17
bot 1 26 22
coin_collected 26 21 1
bot_coins 1 49
coin_collected 26 22 1
bot_coins 1 50
round 224
bot 0 22 17
bot 1 25 21
round 225
bot 0 21 17
bot 1 24 20
coin 19 31
coin 39 1
round 226
bot 0 20 17
bot 1 25 19
coin_collected 25 19 1
bot_coins 1 51
coin_collected 26 19 1
bot_coins 1 52
round 227
bot 0 19 17
bot 1 26 18
round 228
bot 0 18 17
bot 1 27 17
round 229
bot 1 26 16
coin_collected 26 15 1
bot_coins 1 53
round 230
bot 0 17 16
bot 1 27 15
coin 2 11
coin 56 21
round 231
bot 0 16 15
bot 1 28 14
round 232
bot 0 15 14
bot 1 28 13
round 233
bot 0 14 13
bot 1 27 12
round 234
bot 1 26 11
coin_collected 26 10 1
bot_coins 1 54
round 235
bot 1 27 10
coin 35 14
coin 23 18
round 236
bot 1 28 9
round 237
bot 1 29 8
round 238
bot 1 30 7
round 239
bot 1 31 6
coin_collected 31 6 1
bot_coins 1 55
round 240
bot 1 32 5
coin 0 13
coin 58 20
round 241
bot 1 33 4
round 242
bot 1 34 3
round 243
bot 1 35 2
round 244
bot 1 36 1
round 245
bot 1 37 0
coin_collected 38 0 1
bot_coins 1 56
coin 55 21
coin 2 12
round 246
bot 1 38 1
coin_collected 39 1 1
bot_coins 1 57
round 247
bot 1 37 0
round 248
bot 1 36 32
round 249
bot 1 36 31
coin_collected 36 30 1
bot_coins 1 58
round 250
bot 1 37 30
coin 6 5
coin 52 27
round 251
bot 1 38 29
round 252
bot 1 37 28
round 253
bot 1 37 27
round 254
bot 1 38 26
round 255
bot 1 37 25
coin_collected 37 24 1
bot_coins 1 59
coin_collected 37 25 1
bot_coins 1 60
coin 11 1
coin 48 31
round 256
bot 1 36 24
round 257
bot 1 35 23
round 258
bot 1 34 23
round 259
bot 1 33 24
coin_collected 32 24 1
bot_coins 1 61
round 260
bot 1 34 23
coin 43 15
coin 16 16
round 261
bot 1 35 22
round 262
bot 1 36 21
round 263
bot 1 37 20
round 264
bot 1 38 19
coin_collected 38 18 1
bot_coins 1 62
round 265
bot 1 39 18
coin 47 23
coin 11 9
round 266
bot 1 40 17
round 267
bot 0 15 14
bot 1 41 16
round 268
bot 0 16 15
bot 1 42 15
coin_collected 16 16 0
bot_coins 0 6
coin_collected 43 15 1
bot_coins 1 63
round 269
bot 0 17 16
bot 1 41 14
round 270
bot 0 18 17
bot 1 41 13
coin 10 21
coin 48 11
round 271
bot 0 19 18
bot 1 40 12
coin_collected 40 11 1
bot_coins 1 64
round 272
bot 0 20 19
bot 1 39 11
round 273
bot 0 21 20
bot 1 38 12
round 274
bot 0 21 19
bot 1 37 13
round 275
bot 0 21 18
bot 1 36 14
coin_collected 35 14 1
bot_coins 1 65
coin 31 14
coin 26 18
round 276
bot 0 21 17
bot 1 35 13
round 277
bot 0 21 16
bot 1 34 12
round 278
bot 0 21 15
bot 1 33 13
round 279
bot 0 21 14
bot 1 32 14
coin_collected 31 14 1
bot_coins 1 66
coin_collected 20 14 0
bot_coins 0 7
round 280
bot 1 31 14
coin 7 22
coin 51 10
round 281
bot 1 30 14
round 282
bot 1 29 15
round 283
bot 1 28 16
round 284
bot 1 27 17
round 285
bot 1 26 18
coin_collected 26 18 1
bot_coins 1 67
coin 21 15
coin 37 17
round 286
bot 1 25 19
coin_collected 21 15 0
bot_coins 0 8
round 287
bot 1 24 18
coin_collected 23 18 1
bot_coins 1 68
round 288
bot 1 23 17
attack 1 0
bot_coins 0 0
bot_coins 1 76
match_over 0
round 289
bot 1 22 18
round 290
bot 1 21 19
coin 3 26
coin 55 6
round 291
bot 1 20 20
round 292
bot 1 19 21
coin_collected 18 21 1
bot_coins 1 77
round 293
bot 1 18 20
round 294
bot 1 17 20
round 295
bot 1 16 21
coin 24 21
coin 34 12
round 296
bot 1 15 22
round 297
bot 1 14 21
round 298
bot 1 13 22
round 299
bot 1 12 23
coin_collected 11 23 1
bot_coins 1 78
round 300
bot 1 11 22
coin 3 13
coin 54 19
round 301
bot 1 10 21
coin_collected 10 21 1
bot_coins 1 79
round 302
bot 1 9 20
round 303
bot 1 8 21
coin_collected 8 21 1
bot_coins 1 80
coin_collected 7 21 1
bot_coins 1 81
round 304
bot 1 7 21
coin_collected 6 21 1
bot_coins 1 82
coin_collected 7 22 1
bot_coins 1 83
round 305
bot 1 6 22
coin 8 0
coin 50 32
round 306
bot 1 7 23
coin_collected 7 24 1
bot_coins 1 84
round 307
bot 1 6 24
round 308
bot 1 5 25
round 309
bot 1 4 26
coin_collected 3 26 1
bot_coins 1 85
round 310
bot 1 3 27
coin 27 15
coin 31 17
round 311
bot 1 2 27
coin_collected 1 27 1
bot_coins 1 86
round 312
bot 1 1 26
round 313
bot 1 0 25
round 314
bot 1 58 24
round 315
bot 1 57 23
coin 51 23
coin 9 9
round 316
bot 1 56 22
coin_collected 56 21 1
bot_coins 1 87
round 317
bot 1 55 22
coin_collected 55 21 1
bot_coins 1 88
round 318
bot 1 55 23
coin_collected 55 24 1
bot_coins 1 89
round 319
bot 1 54 24
round 320
bot 1 53 25
coin 30 32
coin 28 0
round 321
bot 1 52 26
coin_collected 52 27 1
bot_coins 1 90
round 322
bot 1 51 27
coin_collected 50 27 1
bot_coins 1 91
round 323
bot 1 50 26
round 324
bot 1 49 25
round 325
bot 1 48 24
coin 5 18
coin 54 12
round 326
bot 1 47 23
coin_collected 47 23 1
bot_coins 1 92
round 327
bot 1 47 22
coin_collected 47 21 1
bot_coins 1 93
round 328
bot 1 48 23
round 329
bot 1 49 23
round 330
bot 1 50 23
coin_collected 51 23 1
bot_coins 1 94
coin 57 21
coin 1 11
round 331
bot 1 50 22
round 332
bot 1 51 21
round 333
bot 1 52 20
round 334
bot 1 53 19
coin_collected 54 19 1
bot_coins 1 95
round 335
bot 1 54 19
coin 9 7
coin 49 25
round 336
bot 1 55 20
round 337
bot 1 56 20
round 338
bot 1 57 20
coin_collected 58 20 1
bot_coins 1 96
coin_collected 57 21 1
bot_coins 1 97
round 339
bot 1 56 20
round 340
bot 1 55 21
coin 54 9
coin 4 23
round 341
bot 1 54 21
coin_collected 53 21 1
bot_coins 1 98
round 342
bot 1 53 20
round 343
bot 1 53 19
round 344
bot 1 54 18
coin_collected 54 17 1
bot_coins 1 99
round 345
bot 1 53 17
coin 0 1
coin 58 31
round 346
bot 1 52 17
round 347
bot 1 51 17
round 348
bot 1 50 17
round 349
bot 1 49 17
coin_collected 48 17 1
bot_coins 1 100
round 350
bot 1 48 18
coin 54 11
coin 4 21
round 351
bot 1 47 19
round 352
bot 1 46 20
round 353
bot 1 46 21
round 354
bot 1 47 22
round 355
bot 1 48 23
coin 40 32
coin 19 0
round 356
bot 1 49 24
coin_collected 49 25 1
bot_coins 1 101
round 357
bot 1 48 25
round 358
bot 1 47 26
round 359
bot 1 47 27
round 360
bot 1 48 28
coin 46 26
coin 12 6
round 361
bot 1 48 29
round 362
bot 1 48 30
coin_collected 48 31 1
bot_coins 1 102
round 363
bot 1 49 31
round 364
bot 1 50 32
coin_collected 50 32 1
bot_coins 1 103
round 365
bot 1 51 0
coin 54 16
coin 4 16
round 366
bot 1 52 1
round 367
bot 1 53 2
round 368
bot 1 54 3
round 369
bot 1 55 4
round 370
bot 1 56 5
coin_collected 57 5 1
bot_coins 1 104
coin 24 5
coin 34 27
round 371
bot 1 55 5
coin_collected 55 6 1
bot_coins 1 105
round 372
bot 1 56 6
round 373
bot 1 57 7
round 374
bot 1 58 8
round 375
bot 1 0 9
coin 21 30
coin 37 2
round 376
bot 1 1 10
coin_collected 1 11 1
bot_coins 1 106
round 377
bot 1 2 11
coin_collected 2 11 1
bot_coins 1 107
coin_collected 2 12 1
bot_coins 1 108
round 378
bot 1 2 12
round 379
bot 1 3 13
coin_collected 3 13 1
bot_coins 1 109
round 380
bot 1 4 14
coin_collected 4 15 1
bot_coins 1 110
coin 40 26
coin 18 6
round 381
bot 1 4 15
coin_collected 4 16 1
bot_coins 1 111
round 382
bot 1 5 14
coin_collected 5 13 1
bot_coins 1 112
round 383
bot 1 5 15
round 384
bot 1 6 16
round 385
bot 1 5 17
coin_collected 5 18 1
bot_coins 1 113
coin 43 6
coin 15 26
round 386
bot 1 6 18
round 387
bot 1 7 19
round 388
bot 1 6 20
round 389
bot 1 5 21
coin_collected 4 21 1
bot_coins 1 114
round 390
bot 1 4 22
coin_collected 4 23 1
bot_coins 1 115
coin 28 11
coin 30 24
round 391
bot 1 5 21
round 392
bot 1 6 20
round 393
bot 1 7 19
round 394
bot 1 8 19
round 395
bot 1 9 18
coin 54 17
coin 4 15
round 396
bot 1 10 17
coin_collected 10 16 1
bot_coins 1 116
round 397
bot 1 9 16
round 398
bot 1 8 15
round 399
bot 1 7 14
round 400
bot 1 6 14
coin 52 22
coin 4 8
round 401
bot 1 5 15
coin_collected 4 15 1
bot_coins 1 117
round 402
bot 1 4 14
round 403
bot 1 3 13
round 404
bot 1 2 12
round 405
bot 1 1 11
coin 45 18
coin 13 14
round 406
bot 1 1 10
round 407
bot 1 2 9
round 408
bot 1 3 8
coin_collected 4 8 1
bot_coins 1 118
coin_collected 3 8 1
bot_coins 1 119
round 409
bot 1 4 7
round 410
bot 1 5 6
coin 20 31
coin 38 1
round 411
bot 1 6 5
coin_collected 6 5 1
bot_coins 1 120
round 412
bot 1 7 5
round 413
bot 1 8 6
round 414
bot 1 9 7
coin_collected 9 7 1
bot_coins 1 121
round 415
bot 1 9 8
coin_collected 9 9 1
bot_coins 1 122
coin 32 0
coin 26 32
round 416
bot 1 10 9
coin_collected 11 9 1
bot_coins 1 123
round 417
bot 1 11 9
round 418
bot 1 12 8
round 419
bot 1 12 7
coin_collected 12 6 1
bot_coins 1 124
round 420
bot 1 13 6
coin 17 10
coin 41 22
round 421
bot 1 14 6
round 422
bot 1 15 6
round 423
bot 1 16 6
round 424
bot 1 17 6
coin_collected 18 6 1
bot_coins 1 125
round 425
bot 1 18 6
coin 32 16
coin 26 16
round 426
bot 1 19 6
round 427
bot 1 20 7
coin_collected 21 7 1
bot_coins 1 126
round 428
bot 1 21 6
round 429
bot 1 22 5
round 430
bot 1 23 5
coin_collected 24 5 1
bot_coins 1 127
coin 17 15
coin 41 16
round 431
bot 1 24 4
round 432
bot 1 23 3
round 433
bot 1 22 2
round 434
bot 1 21 1
round 435
bot 1 20 0
coin_collected 19 0 1
bot_coins 1 128
coin 15 9
coin 43 23
round 436
bot 1 21 32
round 437
bot 1 21 31
coin_collected 20 31 1
bot_coins 1 129
coin_collected 21 30 1
bot_coins 1 130
round 438
bot 1 20 31
coin_collected 19 31 1
bot_coins 1 131
round 439
bot 1 21 30
round 440
bot 1 22 29
coin 10 11
coin 48 21
round 441
bot 1 23 30
round 442
bot 1 24 31
round 443
bot 1 25 32
coin_collected 26 32 1
bot_coins 1 132
round 444
bot 1 26 32
round 445
bot 1 27 0
coin_collected 28 0 1
bot_coins 1 133
coin 43 26
coin 15 6
round 446
bot 1 28 32
round 447
bot 1 29 32
coin_collected 30 32 1
bot_coins 1 134
round 448
bot 1 30 0
round 449
bot 1 31 0
coin_collected 32 0 1
bot_coins 1 135
round 450
bot 1 32 1
coin 51 21
coin 9 11
round 451
bot 1 33 2
round 452
bot 1 34 3
round 453
bot 1 35 2
round 454
bot 1 36 1
round 455
bot 1 37 1
coin_collected 38 1 1
bot_coins 1 136
coin_collected 37 2 1
bot_coins 1 137
coin 58 25
coin 0 7
round 456
bot 1 38 0
round 457
bot 1 39 32
coin_collected 40 32 1
bot_coins 1 138
round 458
bot 1 40 31
round 459
bot 1 41 30
round 460
bot 1 42 29
coin 40 28
coin 19 4
round 461
bot 1 41 28
coin_collected 40 28 1
bot_coins 1 139
round 462
bot 1 40 27
coin_collected 40 26 1
bot_coins 1 140
round 463
bot 1 41 26
round 464
bot 1 42 26
coin_collected 43 26 1
bot_coins 1 141
round 465
bot 1 43 25
coin 29 17
coin 29 15
round 466
bot 1 43 24
coin_collected 43 23 1
bot_coins 1 142
round 467
bot 1 42 23
round 468
bot 1 41 22
coin_collected 41 22 1
bot_coins 1 143
round 469
bot 1 40 21
round 470
bot 1 39 20
coin 9 18
coin 46 14
round 471
bot 1 38 19
round 472
bot 1 37 18
coin_collected 37 17 1
bot_coins 1 144
round 473
bot 1 36 17
round 474
bot 1 35 16
round 475
bot 1 34 15
coin 44 26
coin 14 6
round 476
bot 1 33 16
coin_collected 32 16 1
bot_coins 1 145
round 477
bot 1 32 15
round 478
bot 1 31 16
coin_collected 31 17 1
bot_coins 1 146
round 479
bot 1 30 15
coin_collected 29 15 1
bot_coins 1 147
round 480
bot 1 29 14
coin 9 7
coin 49 25
round 481
bot 1 28 15
coin_collected 27 15 1
bot_coins 1 148
round 482
bot 1 27 16
coin_collected 26 16 1
bot_coins 1 149
round 483
bot 1 28 17
coin_collected 29 17 1
bot_coins 1 150
round 484
bot 1 27 17
round 485
bot 1 26 18
coin 0 22
coin 58 10
round 486
bot 1 25 19
round 487
bot 1 24 20
coin_collected 24 21 1
bot_coins 1 151
round 488
bot 1 23 21
round 489
bot 1 24 22
round 490
bot 1 25 23
coin 42 16
coin 16 16
round 491
bot 1 26 24
round 492
bot 1 27 25
coin_collected 27 26 1
bot_coins 1 152
round 493
bot 1 28 25
round 494
bot 1 29 24
coin_collected 30 24 1
bot_coins 1 153
round 495
bot 1 30 25
coin 58 9
coin 0 23
round 496
bot 1 31 26
round 497
bot 1 32 27
round 498
bot 1 33 27
coin_collected 34 27 1
bot_coins 1 154
round 499
bot 1 34 28
round 500
bot 1 35 29
coin 14 0
coin 44 32
match_over 1
