match
match_id 1657668903706_np
match_time 1657668903710
num_bots 2
##MatchConfig
mode DEATHMATCH
num_rounds 500
random_seed 1657668903706
move_time_limit 1000
coin_spawn_period 5
coin_spawn_volume 2
##MapConfig
map_size 59 33
view_radius 11
mining_radius 1
attack_radius 4
block 16 0
block 17 0
block 18 0
block 45 0
block 46 0
block 47 0
block 16 1
block 17 1
block 18 1
block 16 2
block 17 2
block 18 2
block 13 3
block 14 3
block 15 3
block 16 3
block 17 3
block 18 3
block 13 4
block 14 4
block 15 4
block 16 4
block 17 4
block 18 4
block 13 5
block 14 5
block 15 5
block 16 5
block 17 5
block 18 5
block 10 6
block 11 6
block 5 7
block 6 7
block 7 7
block 8 7
block 10 7
block 11 7
block 32 7
block 33 7
block 34 7
block 5 8
block 6 8
block 7 8
block 8 8
block 10 8
block 11 8
block 18 8
block 19 8
block 20 8
block 21 8
block 22 8
block 23 8
block 32 8
block 33 8
block 34 8
block 35 8
block 36 8
block 37 8
block 38 8
block 3 9
block 4 9
block 5 9
block 6 9
block 7 9
block 8 9
block 18 9
block 19 9
block 20 9
block 21 9
block 22 9
block 23 9
block 30 9
block 31 9
block 32 9
block 33 9
block 34 9
block 35 9
block 36 9
block 37 9
block 38 9
block 3 10
block 4 10
block 5 10
block 6 10
block 7 10
block 8 10
block 18 10
block 19 10
block 20 10
block 21 10
block 22 10
block 23 10
block 30 10
block 31 10
block 33 10
block 34 10
block 35 10
block 36 10
block 37 10
block 38 10
block 3 11
block 4 11
block 5 11
block 6 11
block 7 11
block 8 11
block 18 11
block 19 11
block 20 11
block 21 11
block 22 11
block 23 11
block 30 11
block 31 11
block 33 11
block 34 11
block 35 11
block 36 11
block 37 11
block 38 11
block 3 12
block 4 12
block 5 12
block 6 12
block 7 12
block 8 12
block 9 12
block 10 12
block 11 12
block 12 12
block 13 12
block 18 12
block 19 12
block 20 12
block 21 12
block 22 12
block 23 12
block 30 12
block 31 12
block 47 12
block 48 12
block 49 12
block 50 12
block 51 12
block 52 12
block 53 12
block 7 13
block 8 13
block 9 13
block 10 13
block 11 13
block 12 13
block 13 13
block 18 13
block 19 13
block 20 13
block 21 13
block 22 13
block 23 13
block 30 13
block 31 13
block 47 13
block 48 13
block 49 13
block 50 13
block 51 13
block 52 13
block 53 13
block 54 13
block 55 13
block 56 13
block 57 13
block 58 13
block 47 14
block 48 14
block 49 14
block 50 14
block 51 14
block 52 14
block 53 14
block 54 14
block 55 14
block 56 14
block 57 14
block 58 14
block 11 15
block 12 15
block 13 15
block 14 15
block 15 15
block 47 15
block 48 15
block 49 15
block 50 15
block 51 15
block 52 15
block 53 15
block 54 15
block 55 15
block 56 15
block 57 15
block 58 15
block 11 16
block 12 16
block 13 16
block 14 16
block 15 16
block 47 16
block 48 16
block 49 16
block 50 16
block 51 16
block 52 16
block 53 16
block 55 16
block 56 16
block 57 16
block 58 16
block 11 17
block 12 17
block 13 17
block 14 17
block 15 17
block 16 17
block 17 17
block 41 17
block 42 17
block 43 17
block 55 17
block 56 17
block 57 17
block 58 17
block 11 18
block 12 18
block 13 18
block 14 18
block 15 18
block 16 18
block 17 18
block 27 18
block 28 18
block 29 18
block 30 18
block 31 18
block 32 18
block 33 18
block 41 18
block 42 18
block 43 18
block 55 18
block 56 18
block 57 18
block 58 18
block 11 19
block 12 19
block 13 19
block 14 19
block 15 19
block 16 19
block 17 19
block 27 19
block 28 19
block 29 19
block 30 19
block 31 19
block 32 19
block 33 19
block 41 19
block 42 19
block 43 19
block 55 19
block 56 19
block 57 19
block 58 19
block 11 20
block 12 20
block 13 20
block 14 20
block 15 20
block 27 20
block 28 20
block 29 20
block 30 20
block 31 20
block 32 20
block 33 20
block 41 20
block 42 20
block 43 20
block 27 21
block 28 21
block 29 21
block 30 21
block 31 21
block 32 21
block 33 21
block 41 21
block 42 21
block 43 21
block 16 22
block 17 22
block 27 22
block 28 22
block 29 22
block 30 22
block 31 22
block 32 22
block 33 22
block 16 23
block 17 23
block 27 23
block 28 23
block 29 23
block 30 23
block 31 23
block 32 23
block 33 23
block 14 24
block 15 24
block 16 24
block 17 24
block 18 24
block 19 24
block 14 25
block 15 25
block 16 25
block 17 25
block 18 25
block 19 25
block 16 26
block 17 26
block 16 27
block 17 27
block 38 27
block 39 27
block 16 28
block 17 28
block 38 28
block 39 28
block 45 28
block 46 28
block 47 28
block 16 29
block 17 29
block 18 29
block 45 29
block 46 29
block 47 29
block 6 30
block 7 30
block 8 30
block 9 30
block 10 30
block 11 30
block 16 30
block 17 30
block 18 30
block 45 30
block 46 30
block 47 30
block 6 31
block 7 31
block 8 31
block 9 31
block 10 31
block 11 31
block 16 31
block 17 31
block 18 31
block 45 31
block 46 31
block 47 31
block 16 32
block 17 32
block 18 32
block 45 32
block 46 32
block 47 32
##BotsAndCoinsInfo
bot_name 0 server-starter-bot
bot_name 1 MEDU7A
bot 0 44 8
bot_coins 0 0
bot 1 4 8
bot_coins 1 0
coin 41 13
coin 17 20
round 1
bot 0 44 7
bot 1 3 7
round 2
bot 0 44 6
bot 1 2 6
round 3
bot 0 44 5
bot 1 1 5
round 4
bot 0 44 4
bot 1 0 4
round 5
bot 0 44 3
bot 1 58 3
coin 7 16
coin 51 17
round 6
bot 0 44 2
bot 1 57 2
round 7
bot 0 44 3
bot 1 56 1
round 8
bot 0 44 4
bot 1 55 0
round 9
bot 0 44 5
bot 1 54 32
round 10
bot 0 44 6
bot 1 53 31
coin 0 31
coin 58 1
round 11
bot 0 44 7
bot 1 54 31
round 12
bot 0 44 8
bot 1 55 32
round 13
bot 0 44 9
bot 1 56 0
round 14
bot 0 44 10
bot 1 57 1
coin_collected 58 1 1
bot_coins 1 1
round 15
bot 0 44 11
bot 1 58 0
coin 17 7
coin 41 25
round 16
bot 0 45 12
bot 1 0 32
coin_collected 0 31 1
bot_coins 1 2
round 17
bot 0 46 13
bot 1 1 31
round 18
bot 1 2 30
round 19
bot 1 3 29
round 20
bot 1 4 28
coin 7 23
coin 51 9
round 21
bot 1 5 27
round 22
bot 1 5 26
round 23
bot 0 46 14
bot 1 6 25
round 24
bot 0 46 15
bot 1 7 24
coin_collected 7 23 1
bot_coins 1 3
round 25
bot 0 46 16
bot 1 8 23
coin 1 32
coin 57 0
round 26
bot 0 46 17
bot 1 7 22
round 27
bot 0 46 18
bot 1 6 21
round 28
bot 0 46 19
bot 1 5 20
round 29
bot 0 46 20
bot 1 6 19
round 30
bot 0 47 19
bot 1 7 18
coin 4 13
coin 54 19
round 31
bot 0 48 18
bot 1 7 17
coin_collected 7 16 1
bot_coins 1 4
round 32
bot 0 49 17
bot 1 6 16
round 33
bot 1 5 15
round 34
bot 1 4 14
coin_collected 4 13 1
bot_coins 1 5
round 35
bot 1 3 15
coin 52 8
coin 6 24
round 36
bot 1 2 16
round 37
bot 1 1 17
round 38
bot 1 1 18
round 39
bot 1 2 19
round 40
bot 1 3 20
coin 25 16
coin 33 16
round 41
bot 1 4 21
round 42
bot 1 5 22
round 43
bot 1 6 23
coin_collected 6 24 1
bot_coins 1 6
round 44
bot 1 7 24
round 45
bot 1 8 25
coin 4 8
coin 54 24
round 46
bot 1 9 26
round 47
bot 1 8 26
round 48
bot 1 7 27
round 49
bot 1 6 28
round 50
bot 1 5 29
coin 14 12
coin 44 20
round 51
bot 1 4 30
round 52
bot 1 3 31
round 53
bot 1 2 32
coin_collected 1 32 1
bot_coins 1 7
round 54
bot 1 1 0
round 55
bot 1 0 1
coin 28 16
coin 30 16
round 56
bot 1 58 0
coin_collected 57 0 1
bot_coins 1 8
round 57
bot 1 57 1
round 58
bot 1 56 2
round 59
bot 1 55 3
round 60
bot 1 54 4
coin 49 28
coin 9 4
round 61
bot 1 53 5
round 62
bot 1 52 6
round 63
bot 1 51 7
round 64
bot 1 51 8
coin_collected 52 8 1
bot_coins 1 9
coin_collected 51 9 1
bot_coins 1 10
round 65
bot 0 48 17
bot 1 50 7
coin 47 19
coin 11 14
round 66
bot 0 47 17
bot 1 49 6
round 67
bot 0 46 17
bot 1 48 7
round 68
bot 0 45 17
bot 1 47 8
round 69
bot 0 44 17
bot 1 46 9
round 70
bot 1 45 10
coin 46 14
coin 10 18
round 71
bot 0 44 16
bot 1 44 11
round 72
bot 0 44 15
bot 1 43 12
attack 1 0
bot_coins 0 0
bot_coins 1 10
match_over 0
round 73
bot 1 42 13
coin_collected 41 13 1
bot_coins 1 11
round 74
bot 1 43 12
round 75
bot 1 44 13
coin 7 2
coin 51 30
round 76
bot 1 45 14
coin_collected 46 14 1
bot_coins 1 12
round 77
bot 1 44 15
round 78
bot 1 45 16
round 79
bot 1 46 17
round 80
bot 1 47 18
coin_collected 47 19 1
bot_coins 1 13
coin 53 9
coin 5 23
round 81
bot 1 46 19
round 82
bot 1 45 20
coin_collected 44 20 1
bot_coins 1 14
round 83
bot 1 44 21
round 84
bot 1 43 22
round 85
bot 1 42 23
coin 19 26
coin 39 6
round 86
bot 1 41 24
coin_collected 41 25 1
bot_coins 1 15
round 87
bot 1 42 25
round 88
bot 1 43 26
round 89
bot 1 44 27
round 90
bot 1 45 26
coin 20 25
coin 38 7
round 91
bot 1 46 26
round 92
bot 1 47 27
round 93
bot 1 48 28
coin_collected 49 28 1
bot_coins 1 16
round 94
bot 1 49 29
round 95
bot 1 50 30
coin_collected 51 30 1
bot_coins 1 17
coin 4 13
coin 54 20
round 96
bot 1 51 29
round 97
bot 1 52 28
round 98
bot 1 53 27
round 99
bot 1 54 26
round 100
bot 1 54 25
coin_collected 54 24 1
bot_coins 1 18
coin 25 21
coin 32 11
round 101
bot 1 55 24
round 102
bot 1 56 23
round 103
bot 1 56 22
round 104
bot 1 55 21
round 105
bot 1 54 20
coin_collected 54 19 1
bot_coins 1 19
coin_collected 54 20 1
bot_coins 1 20
coin 24 16
coin 34 16
round 106
bot 1 54 19
round 107
bot 1 53 18
round 108
bot 1 52 17
coin_collected 51 17 1
bot_coins 1 21
round 109
bot 1 53 18
round 110
bot 1 54 19
coin 28 4
coin 30 28
round 111
bot 1 55 20
round 112
bot 1 56 20
round 113
bot 1 57 20
round 114
bot 1 58 20
round 115
bot 1 0 21
coin 29 11
coin 29 24
round 116
bot 1 1 22
round 117
bot 1 2 21
round 118
bot 1 3 22
round 119
bot 1 4 23
coin_collected 5 23 1
bot_coins 1 22
round 120
bot 1 5 22
coin 40 18
coin 18 14
round 121
bot 1 6 21
round 122
bot 1 7 20
round 123
bot 1 8 19
round 124
bot 1 9 18
coin_collected 10 18 1
bot_coins 1 23
round 125
bot 1 8 17
coin 54 31
coin 4 1
round 126
bot 1 9 16
round 127
bot 1 10 15
round 128
bot 1 11 14
coin_collected 11 14 1
bot_coins 1 24
round 129
bot 1 12 14
round 130
bot 1 13 14
coin 23 29
coin 35 3
round 131
bot 1 14 13
coin_collected 14 12 1
bot_coins 1 25
round 132
bot 1 15 14
round 133
bot 1 16 15
round 134
bot 1 17 14
coin_collected 18 14 1
bot_coins 1 26
round 135
bot 1 18 15
coin 41 28
coin 19 4
round 136
bot 1 19 16
round 137
bot 1 20 17
round 138
bot 1 21 16
round 139
bot 1 22 15
round 140
bot 1 23 15
coin 56 10
coin 2 22
round 141
bot 1 24 16
coin_collected 25 16 1
bot_coins 1 27
coin_collected 24 16 1
bot_coins 1 28
round 142
bot 1 25 15
round 143
bot 1 26 14
round 144
bot 1 27 14
round 145
bot 1 28 15
coin_collected 28 16 1
bot_coins 1 29
coin 54 18
coin 4 14
round 146
bot 1 29 16
coin_collected 30 16 1
bot_coins 1 30
round 147
bot 1 30 15
round 148
bot 1 31 15
round 149
bot 1 32 16
coin_collected 33 16 1
bot_coins 1 31
round 150
bot 1 33 16
coin_collected 34 16 1
bot_coins 1 32
coin 33 27
coin 25 5
round 151
bot 1 34 15
round 152
bot 1 34 14
round 153
bot 1 33 13
round 154
bot 1 32 12
coin_collected 32 11 1
bot_coins 1 33
round 155
bot 1 32 13
coin 46 23
coin 12 9
round 156
bot 1 31 14
round 157
bot 1 30 14
round 158
bot 1 29 13
round 159
bot 1 29 12
coin_collected 29 11 1
bot_coins 1 34
round 160
bot 1 28 11
coin 58 26
coin 0 6
round 161
bot 1 27 10
round 162
bot 1 26 9
round 163
bot 1 25 8
round 164
bot 1 26 7
round 165
bot 1 25 6
coin_collected 25 5 1
bot_coins 1 35
coin 32 32
coin 26 0
round 166
bot 1 26 5
round 167
bot 1 27 4
coin_collected 28 4 1
bot_coins 1 36
round 168
bot 1 26 3
round 169
bot 1 25 2
round 170
bot 1 26 1
coin_collected 26 0 1
bot_coins 1 37
coin 3 13
coin 54 19
round 171
bot 1 26 0
round 172
bot 1 25 32
round 173
bot 1 24 31
round 174
bot 1 23 30
coin_collected 23 29 1
bot_coins 1 38
round 175
bot 1 22 29
coin 50 17
coin 8 15
round 176
bot 1 21 28
round 177
bot 1 20 27
round 178
bot 1 20 26
coin_collected 20 25 1
bot_coins 1 39
coin_collected 19 26 1
bot_coins 1 40
round 179
bot 1 20 25
round 180
bot 1 20 24
coin 17 8
coin 41 24
round 181
bot 1 19 23
round 182
bot 1 18 22
round 183
bot 1 17 21
coin_collected 17 20 1
bot_coins 1 41
round 184
bot 1 18 20
round 185
bot 1 19 19
coin 51 17
coin 7 15
round 186
bot 1 20 18
round 187
bot 1 21 18
round 188
bot 1 22 19
round 189
bot 1 23 20
round 190
bot 1 24 21
coin_collected 25 21 1
bot_coins 1 42
coin 58 28
coin 0 4
round 191
bot 1 25 22
round 192
bot 1 26 23
round 193
bot 1 27 24
round 194
bot 1 28 24
coin_collected 29 24 1
bot_coins 1 43
round 195
bot 1 29 25
coin 20 32
coin 38 0
round 196
bot 1 30 26
round 197
bot 1 30 27
coin_collected 30 28 1
bot_coins 1 44
round 198
bot 1 31 28
round 199
bot 1 32 27
coin_collected 33 27 1
bot_coins 1 45
round 200
bot 1 33 28
coin 9 23
coin 49 9
round 201
bot 1 34 29
round 202
bot 1 33 30
round 203
bot 1 32 31
coin_collected 32 32 1
bot_coins 1 46
round 204
bot 1 33 32
round 205
bot 1 34 0
coin 26 15
coin 32 17
round 206
bot 1 35 1
round 207
bot 1 35 2
coin_collected 35 3 1
bot_coins 1 47
round 208
bot 1 36 3
round 209
bot 1 37 4
round 210
bot 1 38 5
coin 53 24
coin 4 7
round 211
bot 1 38 6
coin_collected 39 6 1
bot_coins 1 48
coin_collected 38 7 1
bot_coins 1 49
round 212
bot 1 37 5
round 213
bot 1 36 4
round 214
bot 1 36 3
round 215
bot 1 37 2
coin 54 10
coin 4 22
round 216
bot 1 38 1
coin_collected 38 0 1
bot_coins 1 50
round 217
bot 1 39 0
round 218
bot 1 40 32
round 219
bot 1 41 31
round 220
bot 1 42 30
coin 53 8
coin 5 24
round 221
bot 1 41 29
coin_collected 41 28 1
bot_coins 1 51
round 222
bot 1 42 28
round 223
bot 1 43 27
round 224
bot 1 42 26
round 225
bot 1 41 25
coin_collected 41 24 1
bot_coins 1 52
coin 9 10
coin 49 22
round 226
bot 1 42 24
round 227
bot 1 43 23
round 228
bot 1 44 22
round 229
bot 1 45 23
coin_collected 46 23 1
bot_coins 1 53
round 230
bot 1 46 22
coin 37 16
coin 21 16
round 231
bot 1 47 23
round 232
bot 1 48 22
coin_collected 49 22 1
bot_coins 1 54
round 233
bot 1 49 21
round 234
bot 1 50 20
round 235
bot 1 51 19
coin 53 25
coin 5 6
round 236
bot 1 52 18
round 237
bot 1 51 17
coin_collected 50 17 1
bot_coins 1 55
coin_collected 51 17 1
bot_coins 1 56
round 238
bot 1 52 18
round 239
bot 1 53 19
coin_collected 54 19 1
bot_coins 1 57
round 240
bot 1 54 19
coin_collected 54 18 1
bot_coins 1 58
coin 34 31
coin 24 1
round 241
bot 1 55 20
round 242
bot 1 56 21
round 243
bot 1 55 22
round 244
bot 1 54 23
round 245
bot 1 53 24
coin_collected 53 24 1
bot_coins 1 59
coin_collected 53 25 1
bot_coins 1 60
coin 45 18
coin 13 14
round 246
bot 1 54 25
round 247
bot 1 55 26
round 248
bot 1 56 27
round 249
bot 1 57 28
coin_collected 58 28 1
bot_coins 1 61
round 250
bot 1 58 27
coin_collected 58 26 1
bot_coins 1 62
coin 6 13
coin 52 19
round 251
bot 1 0 26
round 252
bot 1 1 25
round 253
bot 1 2 24
round 254
bot 1 3 23
round 255
bot 1 3 22
coin_collected 4 22 1
bot_coins 1 63
coin_collected 2 22 1
bot_coins 1 64
coin 12 32
coin 46 1
round 256
bot 1 4 22
round 257
bot 1 5 23
coin_collected 5 24 1
bot_coins 1 65
round 258
bot 1 6 24
round 259
bot 1 7 24
round 260
bot 1 8 23
coin_collected 9 23 1
bot_coins 1 66
coin 15 6
coin 43 26
round 261
bot 1 7 22
round 262
bot 1 6 21
round 263
bot 1 5 20
round 264
bot 1 6 19
round 265
bot 1 7 18
coin 16 20
coin 42 12
round 266
bot 1 6 17
round 267
bot 1 6 16
round 268
bot 1 7 15
coin_collected 8 15 1
bot_coins 1 67
coin_collected 7 15 1
bot_coins 1 68
round 269
bot 1 6 14
coin_collected 6 13 1
bot_coins 1 69
round 270
bot 1 5 13
coin_collected 4 13 1
bot_coins 1 70
coin 24 8
coin 34 24
round 271
bot 1 4 13
coin_collected 4 14 1
bot_coins 1 71
coin_collected 3 13 1
bot_coins 1 72
round 272
bot 1 3 13
round 273
bot 1 2 12
round 274
bot 1 1 11
round 275
bot 1 1 10
coin 23 5
coin 35 27
round 276
bot 1 2 9
round 277
bot 1 3 8
coin_collected 4 8 1
bot_coins 1 73
round 278
bot 1 4 7
coin_collected 4 7 1
bot_coins 1 74
round 279
bot 1 5 6
coin_collected 5 6 1
bot_coins 1 75
round 280
bot 1 4 5
coin 3 3
coin 55 29
round 281
bot 1 3 4
coin_collected 3 3 1
bot_coins 1 76
round 282
bot 1 2 3
round 283
bot 1 1 4
coin_collected 0 4 1
bot_coins 1 77
round 284
bot 1 0 5
coin_collected 0 6 1
bot_coins 1 78
round 285
bot 1 58 5
coin 43 25
coin 15 7
round 286
bot 1 57 6
round 287
bot 1 56 7
round 288
bot 1 55 8
round 289
bot 1 54 9
coin_collected 54 10 1
bot_coins 1 79
coin_collected 53 9 1
bot_coins 1 80
round 290
bot 1 53 8
coin_collected 53 8 1
bot_coins 1 81
coin 0 14
coin 0 18
round 291
bot 1 54 9
round 292
bot 1 55 10
coin_collected 56 10 1
bot_coins 1 82
round 293
bot 1 56 10
round 294
bot 1 57 11
round 295
bot 1 58 12
coin 43 2
coin 15 30
round 296
bot 1 0 13
coin_collected 0 14 1
bot_coins 1 83
round 297
bot 1 1 14
round 298
bot 1 2 15
round 299
bot 1 1 16
round 300
bot 1 0 17
coin_collected 0 18 1
bot_coins 1 84
coin 46 16
coin 10 16
round 301
bot 1 1 18
round 302
bot 1 0 19
round 303
bot 1 58 20
round 304
bot 1 57 21
round 305
bot 1 56 22
coin 42 2
coin 15 31
round 306
bot 1 55 21
round 307
bot 1 54 20
round 308
bot 1 53 19
coin_collected 52 19 1
bot_coins 1 85
round 309
bot 1 52 20
round 310
bot 1 51 21
coin 5 28
coin 53 4
round 311
bot 1 50 22
round 312
bot 1 49 23
round 313
bot 1 48 24
round 314
bot 1 47 25
round 315
bot 1 46 26
coin 41 5
coin 18 27
round 316
bot 1 45 27
round 317
bot 1 44 26
coin_collected 43 26 1
bot_coins 1 86
round 318
bot 1 43 25
coin_collected 43 25 1
bot_coins 1 87
round 319
bot 1 42 24
round 320
bot 1 41 23
coin 39 31
coin 19 1
round 321
bot 1 40 22
round 322
bot 1 39 21
round 323
bot 1 39 20
round 324
bot 1 40 19
coin_collected 40 18 1
bot_coins 1 88
round 325
bot 1 39 18
coin 30 17
coin 28 15
round 326
bot 1 38 17
round 327
bot 1 37 16
coin_collected 37 16 1
bot_coins 1 89
round 328
bot 1 36 15
round 329
bot 1 35 14
round 330
bot 1 34 14
coin 55 11
coin 3 21
round 331
bot 1 33 15
round 332
bot 1 32 16
coin_collected 32 17 1
bot_coins 1 90
round 333
bot 1 31 17
coin_collected 30 17 1
bot_coins 1 91
round 334
bot 1 30 16
round 335
bot 1 29 15
coin_collected 28 15 1
bot_coins 1 92
coin 24 16
coin 34 16
round 336
bot 1 28 16
round 337
bot 1 27 15
coin_collected 26 15 1
bot_coins 1 93
round 338
bot 1 26 16
round 339
bot 1 25 16
coin_collected 24 16 1
bot_coins 1 94
round 340
bot 1 24 17
coin 19 7
coin 39 25
round 341
bot 1 23 16
round 342
bot 1 22 16
coin_collected 21 16 1
bot_coins 1 95
round 343
bot 1 21 16
round 344
bot 1 20 17
round 345
bot 1 19 18
coin 28 26
coin 30 6
round 346
bot 1 18 19
round 347
bot 1 17 20
coin_collected 16 20 1
bot_coins 1 96
round 348
bot 1 18 21
round 349
bot 1 19 22
round 350
bot 1 20 23
coin 2 18
coin 56 12
round 351
bot 1 21 24
round 352
bot 1 20 25
round 353
bot 1 19 26
round 354
bot 1 18 27
coin_collected 18 27 1
bot_coins 1 97
round 355
bot 1 19 28
coin 36 15
coin 22 17
round 356
bot 1 20 29
round 357
bot 1 21 30
round 358
bot 1 20 31
coin_collected 20 32 1
bot_coins 1 98
round 359
bot 1 20 32
round 360
bot 1 19 0
coin_collected 19 1 1
bot_coins 1 99
coin 32 11
coin 26 21
round 361
bot 1 20 1
round 362
bot 1 19 2
round 363
bot 1 19 3
coin_collected 19 4 1
bot_coins 1 100
round 364
bot 1 19 4
round 365
bot 1 19 5
coin 18 26
coin 40 6
round 366
bot 1 18 6
round 367
bot 1 17 7
coin_collected 17 7 1
bot_coins 1 101
coin_collected 17 8 1
bot_coins 1 102
round 368
bot 1 16 6
coin_collected 15 6 1
bot_coins 1 103
round 369
bot 1 15 6
coin_collected 15 7 1
bot_coins 1 104
round 370
bot 1 14 6
coin 46 13
coin 10 19
round 371
bot 1 13 7
round 372
bot 1 12 8
coin_collected 12 9 1
bot_coins 1 105
round 373
bot 1 11 9
round 374
bot 1 10 10
coin_collected 9 10 1
bot_coins 1 106
round 375
bot 1 9 9
coin 29 24
coin 29 8
round 376
bot 1 9 8
round 377
bot 1 9 7
round 378
bot 1 8 6
round 379
bot 1 9 5
coin_collected 9 4 1
bot_coins 1 107
round 380
bot 1 8 4
coin 14 21
coin 44 11
round 381
bot 1 7 3
coin_collected 7 2 1
bot_coins 1 108
round 382
bot 1 6 2
round 383
bot 1 5 1
coin_collected 4 1 1
bot_coins 1 109
round 384
bot 1 4 0
round 385
bot 1 3 32
coin 44 10
coin 14 22
round 386
bot 1 3 31
round 387
bot 1 4 30
round 388
bot 1 5 29
coin_collected 5 28 1
bot_coins 1 110
round 389
bot 1 4 28
round 390
bot 1 3 27
coin 19 32
coin 39 0
round 391
bot 1 2 26
round 392
bot 1 1 25
round 393
bot 1 1 24
round 394
bot 1 2 23
round 395
bot 1 3 22
coin_collected 3 21 1
bot_coins 1 111
coin 42 26
coin 16 6
round 396
bot 1 2 21
round 397
bot 1 1 20
round 398
bot 1 2 19
coin_collected 2 18 1
bot_coins 1 112
round 399
bot 1 1 18
round 400
bot 1 0 17
coin 21 24
coin 37 7
round 401
bot 1 0 16
round 402
bot 1 0 15
round 403
bot 1 0 14
round 404
bot 1 0 13
round 405
bot 1 58 12
coin 7 0
coin 51 32
round 406
bot 1 57 11
round 407
bot 1 56 11
coin_collected 56 12 1
bot_coins 1 113
coin_collected 55 11 1
bot_coins 1 114
round 408
bot 1 55 10
round 409
bot 1 54 9
round 410
bot 1 53 8
coin 26 22
coin 32 10
round 411
bot 1 52 7
round 412
bot 1 51 8
round 413
bot 1 50 9
coin_collected 49 9 1
bot_coins 1 115
round 414
bot 1 49 8
round 415
bot 1 48 7
coin 26 31
coin 32 1
round 416
bot 1 47 8
round 417
bot 1 46 9
round 418
bot 1 45 10
coin_collected 44 10 1
bot_coins 1 116
round 419
bot 1 44 9
round 420
bot 1 43 8
coin 29 12
coin 29 17
round 421
bot 1 42 7
round 422
bot 1 41 6
coin_collected 40 6 1
bot_coins 1 117
coin_collected 41 5 1
bot_coins 1 118
round 423
bot 1 40 5
round 424
bot 1 40 4
round 425
bot 1 41 3
coin 4 5
coin 54 27
round 426
bot 1 42 2
coin_collected 42 2 1
bot_coins 1 119
coin_collected 43 2 1
bot_coins 1 120
round 427
bot 1 41 1
round 428
bot 1 40 0
coin_collected 39 0 1
bot_coins 1 121
round 429
bot 1 39 32
coin_collected 39 31 1
bot_coins 1 122
round 430
bot 1 38 31
coin 30 3
coin 28 29
round 431
bot 1 37 30
round 432
bot 1 36 29
round 433
bot 1 35 28
coin_collected 35 27 1
bot_coins 1 123
round 434
bot 1 34 29
round 435
bot 1 34 30
coin_collected 34 31 1
bot_coins 1 124
coin 10 17
coin 46 15
round 436
bot 1 33 31
round 437
bot 1 32 32
round 438
bot 1 32 0
coin_collected 32 1 1
bot_coins 1 125
round 439
bot 1 31 1
round 440
bot 1 30 2
coin_collected 30 3 1
bot_coins 1 126
coin 29 28
coin 29 4
round 441
bot 1 29 3
coin_collected 29 4 1
bot_coins 1 127
round 442
bot 1 29 4
round 443
bot 1 30 5
coin_collected 30 6 1
bot_coins 1 128
round 444
bot 1 29 6
round 445
bot 1 29 7
coin_collected 29 8 1
bot_coins 1 129
coin 41 2
coin 19 30
round 446
bot 1 28 8
round 447
bot 1 27 9
round 448
bot 1 28 10
round 449
bot 1 29 11
coin_collected 29 12 1
bot_coins 1 130
round 450
bot 1 28 12
coin 46 12
coin 12 21
round 451
bot 1 29 13
round 452
bot 1 30 14
round 453
bot 1 31 14
round 454
bot 1 32 13
round 455
bot 1 32 12
coin_collected 32 11 1
bot_coins 1 131
coin 32 6
coin 26 26
round 456
bot 1 32 11
coin_collected 32 10 1
bot_coins 1 132
round 457
bot 1 32 12
round 458
bot 1 32 13
round 459
bot 1 33 14
round 460
bot 1 34 15
coin_collected 34 16 1
bot_coins 1 133
coin 35 12
coin 23 20
round 461
bot 1 35 15
coin_collected 36 15 1
bot_coins 1 134
round 462
bot 1 36 14
round 463
bot 1 35 13
coin_collected 35 12 1
bot_coins 1 135
round 464
bot 1 34 13
round 465
bot 1 33 14
coin 42 30
coin 15 2
round 466
bot 1 32 15
round 467
bot 1 31 16
round 468
bot 1 30 17
coin_collected 29 17 1
bot_coins 1 136
round 469
bot 1 29 16
round 470
bot 1 28 16
coin 44 21
coin 14 11
round 471
bot 1 27 17
round 472
bot 1 26 18
round 473
bot 1 25 19
round 474
bot 1 25 20
round 475
bot 1 26 21
coin_collected 26 21 1
bot_coins 1 137
coin_collected 26 22 1
bot_coins 1 138
coin 54 16
coin 4 16
round 476
bot 1 25 22
round 477
bot 1 24 23
round 478
bot 1 25 24
round 479
bot 1 26 25
coin_collected 26 26 1
bot_coins 1 139
round 480
bot 1 27 26
coin_collected 28 26 1
bot_coins 1 140
coin 44 28
coin 14 2
round 481
bot 1 28 27
round 482
bot 1 28 28
coin_collected 28 29 1
bot_coins 1 141
coin_collected 29 28 1
bot_coins 1 142
round 483
bot 1 27 29
round 484
bot 1 26 30
coin_collected 26 31 1
bot_coins 1 143
round 485
bot 1 25 31
coin 15 8
coin 43 24
round 486
bot 1 24 32
round 487
bot 1 24 0
coin_collected 24 1 1
bot_coins 1 144
round 488
bot 1 23 1
round 489
bot 1 22 1
round 490
bot 1 21 0
coin 19 29
coin 39 3
round 491
bot 1 20 32
coin_collected 19 32 1
bot_coins 1 145
round 492
bot 1 19 31
coin_collected 19 30 1
bot_coins 1 146
round 493
bot 1 19 30
coin_collected 19 29 1
bot_coins 1 147
round 494
bot 1 19 29
round 495
bot 1 18 28
coin 0 19
coin 0 13
round 496
bot 1 18 27
coin_collected 18 26 1
bot_coins 1 148
round 497
bot 1 19 26
round 498
bot 1 20 25
round 499
bot 1 20 24
coin_collected 21 24 1
bot_coins 1 149
round 500
bot 1 19 23
coin 19 31
coin 39 1
match_over 1
