match
match_id 1657669008208_nt
match_time 1657669008211
num_bots 2
##MatchConfig
mode DEATHMATCH
num_rounds 500
random_seed 1657669008208
move_time_limit 1000
coin_spawn_period 5
coin_spawn_volume 2
##MapConfig
map_size 59 33
view_radius 11
mining_radius 1
attack_radius 4
block 16 0
block 17 0
block 18 0
block 45 0
block 46 0
block 47 0
block 16 1
block 17 1
block 18 1
block 16 2
block 17 2
block 18 2
block 13 3
block 14 3
block 15 3
block 16 3
block 17 3
block 18 3
block 13 4
block 14 4
block 15 4
block 16 4
block 17 4
block 18 4
block 13 5
block 14 5
block 15 5
block 16 5
block 17 5
block 18 5
block 10 6
block 11 6
block 5 7
block 6 7
block 7 7
block 8 7
block 10 7
block 11 7
block 32 7
block 33 7
block 34 7
block 5 8
block 6 8
block 7 8
block 8 8
block 10 8
block 11 8
block 18 8
block 19 8
block 20 8
block 21 8
block 22 8
block 23 8
block 32 8
block 33 8
block 34 8
block 35 8
block 36 8
block 37 8
block 38 8
block 3 9
block 4 9
block 5 9
block 6 9
block 7 9
block 8 9
block 18 9
block 19 9
block 20 9
block 21 9
block 22 9
block 23 9
block 30 9
block 31 9
block 32 9
block 33 9
block 34 9
block 35 9
block 36 9
block 37 9
block 38 9
block 3 10
block 4 10
block 5 10
block 6 10
block 7 10
block 8 10
block 18 10
block 19 10
block 20 10
block 21 10
block 22 10
block 23 10
block 30 10
block 31 10
block 33 10
block 34 10
block 35 10
block 36 10
block 37 10
block 38 10
block 3 11
block 4 11
block 5 11
block 6 11
block 7 11
block 8 11
block 18 11
block 19 11
block 20 11
block 21 11
block 22 11
block 23 11
block 30 11
block 31 11
block 33 11
block 34 11
block 35 11
block 36 11
block 37 11
block 38 11
block 3 12
block 4 12
block 5 12
block 6 12
block 7 12
block 8 12
block 9 12
block 10 12
block 11 12
block 12 12
block 13 12
block 18 12
block 19 12
block 20 12
block 21 12
block 22 12
block 23 12
block 30 12
block 31 12
block 47 12
block 48 12
block 49 12
block 50 12
block 51 12
block 52 12
block 53 12
block 7 13
block 8 13
block 9 13
block 10 13
block 11 13
block 12 13
block 13 13
block 18 13
block 19 13
block 20 13
block 21 13
block 22 13
block 23 13
block 30 13
block 31 13
block 47 13
block 48 13
block 49 13
block 50 13
block 51 13
block 52 13
block 53 13
block 54 13
block 55 13
block 56 13
block 57 13
block 58 13
block 47 14
block 48 14
block 49 14
block 50 14
block 51 14
block 52 14
block 53 14
block 54 14
block 55 14
block 56 14
block 57 14
block 58 14
block 11 15
block 12 15
block 13 15
block 14 15
block 15 15
block 47 15
block 48 15
block 49 15
block 50 15
block 51 15
block 52 15
block 53 15
block 54 15
block 55 15
block 56 15
block 57 15
block 58 15
block 11 16
block 12 16
block 13 16
block 14 16
block 15 16
block 47 16
block 48 16
block 49 16
block 50 16
block 51 16
block 52 16
block 53 16
block 55 16
block 56 16
block 57 16
block 58 16
block 11 17
block 12 17
block 13 17
block 14 17
block 15 17
block 16 17
block 17 17
block 41 17
block 42 17
block 43 17
block 55 17
block 56 17
block 57 17
block 58 17
block 11 18
block 12 18
block 13 18
block 14 18
block 15 18
block 16 18
block 17 18
block 27 18
block 28 18
block 29 18
block 30 18
block 31 18
block 32 18
block 33 18
block 41 18
block 42 18
block 43 18
block 55 18
block 56 18
block 57 18
block 58 18
block 11 19
block 12 19
block 13 19
block 14 19
block 15 19
block 16 19
block 17 19
block 27 19
block 28 19
block 29 19
block 30 19
block 31 19
block 32 19
block 33 19
block 41 19
block 42 19
block 43 19
block 55 19
block 56 19
block 57 19
block 58 19
block 11 20
block 12 20
block 13 20
block 14 20
block 15 20
block 27 20
block 28 20
block 29 20
block 30 20
block 31 20
block 32 20
block 33 20
block 41 20
block 42 20
block 43 20
block 27 21
block 28 21
block 29 21
block 30 21
block 31 21
block 32 21
block 33 21
block 41 21
block 42 21
block 43 21
block 16 22
block 17 22
block 27 22
block 28 22
block 29 22
block 30 22
block 31 22
block 32 22
block 33 22
block 16 23
block 17 23
block 27 23
block 28 23
block 29 23
block 30 23
block 31 23
block 32 23
block 33 23
block 14 24
block 15 24
block 16 24
block 17 24
block 18 24
block 19 24
block 14 25
block 15 25
block 16 25
block 17 25
block 18 25
block 19 25
block 16 26
block 17 26
block 16 27
block 17 27
block 38 27
block 39 27
block 16 28
block 17 28
block 38 28
block 39 28
block 45 28
block 46 28
block 47 28
block 16 29
block 17 29
block 18 29
block 45 29
block 46 29
block 47 29
block 6 30
block 7 30
block 8 30
block 9 30
block 10 30
block 11 30
block 16 30
block 17 30
block 18 30
block 45 30
block 46 30
block 47 30
block 6 31
block 7 31
block 8 31
block 9 31
block 10 31
block 11 31
block 16 31
block 17 31
block 18 31
block 45 31
block 46 31
block 47 31
block 16 32
block 17 32
block 18 32
block 45 32
block 46 32
block 47 32
##BotsAndCoinsInfo
bot_name 0 server-starter-bot
bot_name 1 MEDU7A
bot 0 44 8
bot_coins 0 0
bot 1 4 8
bot_coins 1 0
coin 42 2
coin 15 30
round 1
bot 1 3 7
round 2
bot 1 2 6
round 3
bot 1 1 5
round 4
bot 1 0 4
round 5
bot 1 58 3
coin 50 29
coin 8 3
round 6
bot 1 57 2
round 7
bot 1 56 1
round 8
bot 0 45 9
bot 1 55 0
round 9
bot 0 46 10
bot 1 54 32
round 10
bot 0 47 11
bot 1 53 31
coin 29 25
coin 29 7
round 11
bot 1 52 30
round 12
bot 1 51 29
coin_collected 50 29 1
bot_coins 1 1
round 13
bot 1 50 30
round 14
bot 0 46 10
bot 1 49 31
round 15
bot 0 45 9
bot 1 48 32
coin 21 31
coin 37 1
round 16
bot 0 44 8
bot 1 48 0
round 17
bot 0 43 7
bot 1 47 1
round 18
bot 0 42 6
bot 1 46 2
round 19
bot 0 41 5
bot 1 45 3
round 20
bot 0 40 4
bot 1 44 2
coin 57 9
coin 1 23
round 21
bot 0 39 5
bot 1 43 2
coin_collected 42 2 1
bot_coins 1 2
round 22
bot 0 38 6
bot 1 42 1
round 23
bot 0 37 7
bot 1 41 0
round 24
bot 1 40 32
round 25
bot 1 39 0
coin 32 10
coin 26 22
round 26
bot 1 38 1
coin_collected 37 1 1
bot_coins 1 3
round 27
bot 0 36 7
bot 1 37 0
round 28
bot 0 35 7
bot 1 36 1
round 29
bot 1 35 2
round 30
bot 1 34 3
coin 14 22
coin 44 10
round 31
bot 1 33 4
attack 1 0
bot_coins 0 0
bot_coins 1 3
match_over 0
round 32
bot 1 32 5
round 33
bot 1 31 6
round 34
bot 1 30 7
coin_collected 29 7 1
bot_coins 1 4
round 35
bot 1 29 8
coin 4 17
coin 54 16
round 36
bot 1 28 9
round 37
bot 1 27 10
round 38
bot 1 26 11
round 39
bot 1 27 11
round 40
bot 1 28 12
coin 10 29
coin 48 3
round 41
bot 1 29 13
round 42
bot 1 30 14
round 43
bot 1 31 14
round 44
bot 1 32 13
round 45
bot 1 33 12
coin 27 4
coin 31 28
round 46
bot 1 32 11
coin_collected 32 10 1
bot_coins 1 5
round 47
bot 1 33 12
round 48
bot 1 34 13
round 49
bot 1 35 14
round 50
bot 1 36 13
coin 47 3
coin 11 29
round 51
bot 1 37 12
round 52
bot 1 38 12
round 53
bot 1 39 11
round 54
bot 1 40 10
round 55
bot 1 41 11
coin 15 32
coin 43 0
round 56
bot 1 42 11
round 57
bot 1 43 10
coin_collected 44 10 1
bot_coins 1 6
round 58
bot 1 44 9
round 59
bot 1 45 8
round 60
bot 1 46 7
coin 28 13
coin 30 17
round 61
bot 1 47 6
round 62
bot 1 48 5
round 63
bot 1 49 4
round 64
bot 1 48 3
coin_collected 48 3 1
bot_coins 1 7
coin_collected 47 3 1
bot_coins 1 8
round 65
bot 1 47 2
coin 23 29
coin 35 3
round 66
bot 1 46 1
round 67
bot 1 45 1
round 68
bot 1 44 0
coin_collected 43 0 1
bot_coins 1 9
round 69
bot 1 43 32
round 70
bot 1 42 31
coin 42 1
coin 15 31
round 71
bot 1 41 32
round 72
bot 1 42 0
coin_collected 42 1 1
bot_coins 1 10
round 73
bot 1 41 32
round 74
bot 1 40 32
round 75
bot 1 39 0
coin 1 8
coin 57 24
round 76
bot 1 38 1
round 77
bot 1 37 2
round 78
bot 1 36 3
coin_collected 35 3 1
bot_coins 1 11
round 79
bot 1 35 2
round 80
bot 1 34 1
coin 14 1
coin 44 31
round 81
bot 1 33 0
round 82
bot 1 32 32
round 83
bot 1 31 31
round 84
bot 1 30 30
round 85
bot 1 31 29
coin_collected 31 28 1
bot_coins 1 12
coin 34 4
coin 24 28
round 86
bot 1 30 28
round 87
bot 1 29 27
round 88
bot 1 29 26
coin_collected 29 25 1
bot_coins 1 13
round 89
bot 1 28 25
round 90
bot 1 27 26
coin 31 1
coin 27 31
round 91
bot 1 26 27
round 92
bot 1 25 28
coin_collected 24 28 1
bot_coins 1 14
round 93
bot 1 24 29
coin_collected 23 29 1
bot_coins 1 15
round 94
bot 1 23 30
round 95
bot 1 22 31
coin_collected 21 31 1
bot_coins 1 16
coin 45 26
coin 13 6
round 96
bot 1 23 30
round 97
bot 1 24 29
round 98
bot 1 25 30
round 99
bot 1 26 31
coin_collected 27 31 1
bot_coins 1 17
round 100
bot 1 27 31
coin 58 3
coin 0 29
round 101
bot 1 28 32
round 102
bot 1 29 0
round 103
bot 1 30 1
coin_collected 31 1 1
bot_coins 1 18
round 104
bot 1 29 2
round 105
bot 1 28 3
coin 39 30
coin 19 2
round 106
bot 1 27 3
coin_collected 27 4 1
bot_coins 1 19
round 107
bot 1 28 4
round 108
bot 1 29 5
round 109
bot 1 30 6
round 110
bot 1 31 6
coin 4 28
coin 54 4
round 111
bot 1 32 5
round 112
bot 1 33 4
coin_collected 34 4 1
bot_coins 1 20
round 113
bot 1 34 3
round 114
bot 1 35 2
round 115
bot 1 36 1
coin 45 17
coin 13 14
round 116
bot 1 37 0
round 117
bot 1 38 32
round 118
bot 1 39 31
coin_collected 39 30 1
bot_coins 1 21
round 119
bot 1 40 30
round 120
bot 1 41 29
coin 9 11
coin 49 21
round 121
bot 1 42 30
round 122
bot 1 43 31
coin_collected 44 31 1
bot_coins 1 22
round 123
bot 1 42 30
round 124
bot 1 43 29
round 125
bot 1 44 28
coin 42 16
coin 16 16
round 126
bot 1 45 27
coin_collected 45 26 1
bot_coins 1 23
round 127
bot 1 46 26
round 128
bot 1 47 25
round 129
bot 1 48 24
round 130
bot 1 49 23
coin 28 31
coin 30 1
round 131
bot 1 49 22
coin_collected 49 21 1
bot_coins 1 24
round 132
bot 1 48 21
round 133
bot 1 47 20
round 134
bot 1 46 19
round 135
bot 1 45 18
coin_collected 45 17 1
bot_coins 1 25
coin 2 12
coin 56 20
round 136
bot 1 44 17
round 137
bot 1 43 16
coin_collected 42 16 1
bot_coins 1 26
round 138
bot 1 44 15
round 139
bot 1 44 14
round 140
bot 1 45 13
coin 13 0
coin 44 32
round 141
bot 1 46 12
round 142
bot 1 47 11
round 143
bot 1 48 10
round 144
bot 1 49 9
round 145
bot 1 50 8
coin 30 29
coin 28 3
round 146
bot 1 51 7
round 147
bot 1 52 6
round 148
bot 1 53 5
round 149
bot 1 54 4
coin_collected 54 4 1
bot_coins 1 27
round 150
bot 1 55 3
coin 13 29
coin 45 3
round 151
bot 1 56 2
round 152
bot 1 57 3
coin_collected 58 3 1
bot_coins 1 28
round 153
bot 1 57 4
round 154
bot 1 58 5
round 155
bot 1 0 6
coin 13 21
coin 45 11
round 156
bot 1 1 7
coin_collected 1 8 1
bot_coins 1 29
round 157
bot 1 0 8
round 158
bot 1 58 9
coin_collected 57 9 1
bot_coins 1 30
round 159
bot 1 0 10
round 160
bot 1 1 11
coin 42 4
coin 15 28
round 161
bot 1 2 12
coin_collected 2 12 1
bot_coins 1 31
round 162
bot 1 3 13
round 163
bot 1 4 14
round 164
bot 1 5 15
round 165
bot 1 4 16
coin_collected 4 17 1
bot_coins 1 32
coin 29 17
coin 29 15
round 166
bot 1 5 17
round 167
bot 1 6 18
round 168
bot 1 7 19
round 169
bot 1 8 20
round 170
bot 1 9 21
coin 51 4
coin 7 28
round 171
bot 1 10 22
round 172
bot 1 11 21
round 173
bot 1 12 21
coin_collected 13 21 1
bot_coins 1 33
round 174
bot 1 13 22
coin_collected 14 22 1
bot_coins 1 34
round 175
bot 1 14 23
coin 18 26
coin 40 6
round 176
bot 1 13 24
round 177
bot 1 12 25
round 178
bot 1 11 26
round 179
bot 1 10 27
round 180
bot 1 10 28
coin_collected 10 29 1
bot_coins 1 35
coin 49 20
coin 10 11
round 181
bot 1 11 29
coin_collected 11 29 1
bot_coins 1 36
round 182
bot 1 12 30
round 183
bot 1 13 31
round 184
bot 1 14 32
coin_collected 15 32 1
bot_coins 1 37
round 185
bot 1 14 0
coin_collected 13 0 1
bot_coins 1 38
coin_collected 14 1 1
bot_coins 1 39
coin 24 18
coin 34 14
round 186
bot 1 14 32
round 187
bot 1 15 31
coin_collected 15 30 1
bot_coins 1 40
coin_collected 15 31 1
bot_coins 1 41
round 188
bot 1 14 31
round 189
bot 1 13 30
coin_collected 13 29 1
bot_coins 1 42
round 190
bot 1 13 29
coin 51 1
coin 7 32
round 191
bot 1 14 28
coin_collected 15 28 1
bot_coins 1 43
round 192
bot 1 13 27
round 193
bot 1 12 26
round 194
bot 1 11 25
round 195
bot 1 10 26
coin 10 19
coin 46 13
round 196
bot 1 9 27
round 197
bot 1 8 28
coin_collected 7 28 1
bot_coins 1 44
round 198
bot 1 7 27
round 199
bot 1 6 28
round 200
bot 1 5 28
coin_collected 4 28 1
bot_coins 1 45
coin 34 21
coin 24 11
round 201
bot 1 4 29
round 202
bot 1 3 30
round 203
bot 1 2 29
round 204
bot 1 1 29
coin_collected 0 29 1
bot_coins 1 46
round 205
bot 1 0 28
coin 48 11
coin 10 21
round 206
bot 1 58 27
round 207
bot 1 57 26
round 208
bot 1 57 25
coin_collected 57 24 1
bot_coins 1 47
round 209
bot 1 58 24
round 210
bot 1 0 23
coin_collected 1 23 1
bot_coins 1 48
coin 18 18
coin 40 14
round 211
bot 1 58 22
round 212
bot 1 57 21
round 213
bot 1 57 20
coin_collected 56 20 1
bot_coins 1 49
round 214
bot 1 56 20
round 215
bot 1 55 20
coin 46 1
coin 12 31
round 216
bot 1 54 19
round 217
bot 1 53 18
round 218
bot 1 54 17
coin_collected 54 16 1
bot_coins 1 50
round 219
bot 1 53 18
round 220
bot 1 52 19
coin 38 13
coin 20 19
round 221
bot 1 51 20
round 222
bot 1 50 20
coin_collected 49 20 1
bot_coins 1 51
round 223
bot 1 49 19
round 224
bot 1 48 18
round 225
bot 1 47 17
coin 30 5
coin 28 27
round 226
bot 1 46 16
round 227
bot 1 45 15
round 228
bot 1 46 14
coin_collected 46 13 1
bot_coins 1 52
round 229
bot 1 45 13
round 230
bot 1 45 12
coin_collected 45 11 1
bot_coins 1 53
coin 10 29
coin 48 3
round 231
bot 1 46 11
round 232
bot 1 47 11
coin_collected 48 11 1
bot_coins 1 54
round 233
bot 1 46 10
round 234
bot 1 45 9
round 235
bot 1 44 8
coin 44 31
coin 14 1
round 236
bot 1 43 7
round 237
bot 1 42 6
round 238
bot 1 41 6
coin_collected 40 6 1
bot_coins 1 55
round 239
bot 1 42 5
coin_collected 42 4 1
bot_coins 1 56
round 240
bot 1 43 4
coin 29 24
coin 29 8
round 241
bot 1 44 3
coin_collected 45 3 1
bot_coins 1 57
round 242
bot 1 43 2
round 243
bot 1 42 1
round 244
bot 1 43 0
round 245
bot 1 44 32
coin_collected 44 31 1
bot_coins 1 58
coin_collected 44 32 1
bot_coins 1 59
coin 23 25
coin 35 7
round 246
bot 1 44 0
round 247
bot 1 45 1
coin_collected 46 1 1
bot_coins 1 60
round 248
bot 1 46 2
round 249
bot 1 47 3
coin_collected 48 3 1
bot_coins 1 61
round 250
bot 1 48 2
coin 19 21
coin 39 11
round 251
bot 1 49 1
round 252
bot 1 50 1
coin_collected 51 1 1
bot_coins 1 62
round 253
bot 1 51 2
round 254
bot 1 51 3
coin_collected 51 4 1
bot_coins 1 63
round 255
bot 1 52 3
coin 56 0
coin 2 32
round 256
bot 1 53 2
round 257
bot 1 54 1
round 258
bot 1 55 0
coin_collected 56 0 1
bot_coins 1 64
round 259
bot 1 56 1
round 260
bot 1 57 0
coin 3 16
coin 54 16
round 261
bot 1 58 32
round 262
bot 1 0 31
round 263
bot 1 1 32
coin_collected 2 32 1
bot_coins 1 65
round 264
bot 1 2 0
round 265
bot 1 3 1
coin 21 14
coin 37 18
round 266
bot 1 4 1
round 267
bot 1 5 0
round 268
bot 1 6 32
coin_collected 7 32 1
bot_coins 1 66
round 269
bot 1 7 0
round 270
bot 1 8 1
coin 55 3
coin 3 29
round 271
bot 1 8 2
coin_collected 8 3 1
bot_coins 1 67
round 272
bot 1 9 3
round 273
bot 1 10 4
round 274
bot 1 11 5
round 275
bot 1 12 6
coin_collected 13 6 1
bot_coins 1 68
coin 14 21
coin 44 11
round 276
bot 1 12 7
round 277
bot 1 12 8
round 278
bot 1 11 9
round 279
bot 1 11 10
round 280
bot 1 10 11
coin_collected 10 11 1
bot_coins 1 69
coin_collected 9 11 1
bot_coins 1 70
coin 2 19
coin 56 12
round 281
bot 1 11 10
round 282
bot 1 12 10
round 283
bot 1 13 11
round 284
bot 1 14 12
round 285
bot 1 15 13
coin 20 3
coin 38 29
round 286
bot 1 14 14
coin_collected 13 14 1
bot_coins 1 71
round 287
bot 1 15 14
round 288
bot 1 16 15
coin_collected 16 16 1
bot_coins 1 72
round 289
bot 1 17 16
round 290
bot 1 18 17
coin_collected 18 18 1
bot_coins 1 73
coin 50 17
coin 8 15
round 291
bot 1 19 18
round 292
bot 1 20 19
coin_collected 20 19 1
bot_coins 1 74
round 293
bot 1 19 20
coin_collected 19 21 1
bot_coins 1 75
round 294
bot 1 20 21
round 295
bot 1 21 22
coin 26 3
coin 32 29
round 296
bot 1 22 23
round 297
bot 1 23 24
coin_collected 23 25 1
bot_coins 1 76
round 298
bot 1 24 23
round 299
bot 1 25 22
coin_collected 26 22 1
bot_coins 1 77
round 300
bot 1 26 23
coin 36 3
coin 22 29
round 301
bot 1 27 24
round 302
bot 1 28 24
coin_collected 29 24 1
bot_coins 1 78
round 303
bot 1 29 25
round 304
bot 1 30 26
round 305
bot 1 31 27
coin 0 16
coin 0 17
round 306
bot 1 30 28
coin_collected 30 29 1
bot_coins 1 79
round 307
bot 1 31 29
coin_collected 32 29 1
bot_coins 1 80
round 308
bot 1 30 30
round 309
bot 1 29 31
coin_collected 28 31 1
bot_coins 1 81
round 310
bot 1 30 32
coin 9 3
coin 49 29
round 311
bot 1 30 0
coin_collected 30 1 1
bot_coins 1 82
round 312
bot 1 29 1
round 313
bot 1 28 2
coin_collected 28 3 1
bot_coins 1 83
round 314
bot 1 27 3
coin_collected 26 3 1
bot_coins 1 84
round 315
bot 1 28 4
coin 3 21
coin 55 11
round 316
bot 1 29 5
coin_collected 30 5 1
bot_coins 1 85
round 317
bot 1 30 6
round 318
bot 1 29 7
coin_collected 29 8 1
bot_coins 1 86
round 319
bot 1 28 8
round 320
bot 1 27 9
coin 54 12
coin 4 20
round 321
bot 1 26 10
round 322
bot 1 25 11
coin_collected 24 11 1
bot_coins 1 87
round 323
bot 1 26 12
round 324
bot 1 27 13
coin_collected 28 13 1
bot_coins 1 88
round 325
bot 1 28 14
coin 43 22
coin 15 10
round 326
bot 1 29 15
coin_collected 29 15 1
bot_coins 1 89
round 327
bot 1 30 16
coin_collected 30 17 1
bot_coins 1 90
round 328
bot 1 30 17
coin_collected 29 17 1
bot_coins 1 91
round 329
bot 1 31 16
round 330
bot 1 32 15
coin 15 2
coin 43 30
round 331
bot 1 33 14
coin_collected 34 14 1
bot_coins 1 92
round 332
bot 1 34 15
round 333
bot 1 35 16
round 334
bot 1 36 17
round 335
bot 1 37 18
coin_collected 37 18 1
bot_coins 1 93
coin 55 27
coin 3 5
round 336
bot 1 38 17
round 337
bot 1 39 16
round 338
bot 1 40 15
coin_collected 40 14 1
bot_coins 1 94
round 339
bot 1 39 14
round 340
bot 1 38 13
coin_collected 38 13 1
bot_coins 1 95
coin 9 20
coin 49 11
round 341
bot 1 39 12
coin_collected 39 11 1
bot_coins 1 96
round 342
bot 1 40 11
round 343
bot 1 41 10
round 344
bot 1 42 10
round 345
bot 1 43 11
coin_collected 44 11 1
bot_coins 1 97
coin 57 32
coin 1 0
round 346
bot 1 44 10
round 347
bot 1 45 9
round 348
bot 1 46 9
round 349
bot 1 47 10
round 350
bot 1 48 11
coin_collected 49 11 1
bot_coins 1 98
coin 45 21
coin 13 11
round 351
bot 1 49 10
round 352
bot 1 50 9
round 353
bot 1 51 8
round 354
bot 1 52 9
round 355
bot 1 53 10
coin 4 4
coin 54 28
round 356
bot 1 54 11
coin_collected 54 12 1
bot_coins 1 99
coin_collected 55 11 1
bot_coins 1 100
round 357
bot 1 55 12
coin_collected 56 12 1
bot_coins 1 101
round 358
bot 1 56 11
round 359
bot 1 57 11
round 360
bot 1 58 12
coin 56 9
coin 2 23
round 361
bot 1 0 13
round 362
bot 1 1 14
round 363
bot 1 0 15
coin_collected 0 16 1
bot_coins 1 102
round 364
bot 1 0 16
coin_collected 0 17 1
bot_coins 1 103
round 365
bot 1 1 17
coin 55 12
coin 3 20
round 366
bot 1 2 18
coin_collected 2 19 1
bot_coins 1 104
round 367
bot 1 3 19
coin_collected 3 20 1
bot_coins 1 105
round 368
bot 1 3 20
coin_collected 4 20 1
bot_coins 1 106
coin_collected 3 21 1
bot_coins 1 107
round 369
bot 1 2 21
round 370
bot 1 2 22
coin_collected 2 23 1
bot_coins 1 108
coin 24 22
coin 34 12
round 371
bot 1 1 23
round 372
bot 1 0 24
round 373
bot 1 58 25
round 374
bot 1 57 26
round 375
bot 1 56 27
coin_collected 55 27 1
bot_coins 1 109
coin 58 23
coin 0 9
round 376
bot 1 55 28
coin_collected 54 28 1
bot_coins 1 110
round 377
bot 1 56 29
round 378
bot 1 57 30
round 379
bot 1 57 31
coin_collected 57 32 1
bot_coins 1 111
round 380
bot 1 58 32
coin 45 18
coin 13 14
round 381
bot 1 0 0
coin_collected 1 0 1
bot_coins 1 112
round 382
bot 1 1 1
round 383
bot 1 2 2
round 384
bot 1 3 3
round 385
bot 1 3 4
coin_collected 4 4 1
bot_coins 1 113
coin_collected 3 5 1
bot_coins 1 114
coin 15 6
coin 43 26
round 386
bot 1 3 5
round 387
bot 1 2 6
round 388
bot 1 1 7
round 389
bot 1 0 8
coin_collected 0 9 1
bot_coins 1 115
round 390
bot 1 58 8
coin 54 23
coin 4 8
round 391
bot 1 57 9
coin_collected 56 9 1
bot_coins 1 116
round 392
bot 1 56 10
round 393
bot 1 55 11
coin_collected 55 12 1
bot_coins 1 117
round 394
bot 1 54 10
round 395
bot 1 53 9
coin 2 7
coin 56 25
round 396
bot 1 52 8
round 397
bot 1 52 7
round 398
bot 1 53 6
round 399
bot 1 54 5
round 400
bot 1 55 4
coin_collected 55 3 1
bot_coins 1 118
coin 21 7
coin 37 25
round 401
bot 1 56 3
round 402
bot 1 57 4
round 403
bot 1 58 5
round 404
bot 1 0 6
round 405
bot 1 1 7
coin_collected 2 7 1
bot_coins 1 119
coin 39 8
coin 20 24
round 406
bot 1 2 7
round 407
bot 1 3 8
coin_collected 4 8 1
bot_coins 1 120
round 408
bot 1 4 7
round 409
bot 1 5 6
round 410
bot 1 6 5
coin 12 2
coin 48 30
round 411
bot 1 7 4
round 412
bot 1 8 3
coin_collected 9 3 1
bot_coins 1 121
round 413
bot 1 9 2
round 414
bot 1 10 3
round 415
bot 1 11 4
coin 22 27
coin 36 5
round 416
bot 1 12 3
coin_collected 12 2 1
bot_coins 1 122
round 417
bot 1 13 2
round 418
bot 1 14 2
coin_collected 15 2 1
bot_coins 1 123
coin_collected 14 1 1
bot_coins 1 124
round 419
bot 1 13 1
round 420
bot 1 12 0
coin 9 15
coin 49 17
round 421
bot 1 12 32
coin_collected 12 31 1
bot_coins 1 125
round 422
bot 1 12 31
round 423
bot 1 12 30
round 424
bot 1 11 29
coin_collected 10 29 1
bot_coins 1 126
round 425
bot 1 10 28
coin 58 4
coin 0 28
round 426
bot 1 10 27
round 427
bot 1 11 26
round 428
bot 1 12 25
round 429
bot 1 13 24
round 430
bot 1 13 23
coin 11 32
coin 47 1
round 431
bot 1 12 22
round 432
bot 1 11 21
coin_collected 10 21 1
bot_coins 1 127
round 433
bot 1 10 20
coin_collected 10 19 1
bot_coins 1 128
coin_collected 9 20 1
bot_coins 1 129
round 434
bot 1 9 19
round 435
bot 1 8 18
coin 43 1
coin 15 31
round 436
bot 1 7 17
round 437
bot 1 7 16
round 438
bot 1 8 15
coin_collected 8 15 1
bot_coins 1 130
coin_collected 9 15 1
bot_coins 1 131
round 439
bot 1 7 15
round 440
bot 1 6 16
coin 55 32
coin 3 0
round 441
bot 1 5 17
round 442
bot 1 4 16
coin_collected 3 16 1
bot_coins 1 132
round 443
bot 1 3 17
round 444
bot 1 2 18
round 445
bot 1 1 19
coin 58 26
coin 0 6
round 446
bot 1 0 20
round 447
bot 1 58 21
round 448
bot 1 58 22
coin_collected 58 23 1
bot_coins 1 133
round 449
bot 1 57 23
round 450
bot 1 56 24
coin_collected 56 25 1
bot_coins 1 134
coin 9 25
coin 49 7
round 451
bot 1 55 23
coin_collected 54 23 1
bot_coins 1 135
round 452
bot 1 54 22
round 453
bot 1 53 21
round 454
bot 1 52 20
round 455
bot 1 51 19
coin 39 7
coin 20 25
round 456
bot 1 50 18
coin_collected 50 17 1
bot_coins 1 136
round 457
bot 1 49 17
coin_collected 49 17 1
bot_coins 1 137
round 458
bot 1 48 18
round 459
bot 1 47 17
round 460
bot 1 46 18
coin_collected 45 18 1
bot_coins 1 138
coin 46 1
coin 12 31
round 461
bot 1 45 19
round 462
bot 1 45 20
coin_collected 45 21 1
bot_coins 1 139
round 463
bot 1 44 21
round 464
bot 1 43 22
coin_collected 43 22 1
bot_coins 1 140
round 465
bot 1 42 23
coin 32 15
coin 26 17
round 466
bot 1 42 24
round 467
bot 1 43 25
coin_collected 43 26 1
bot_coins 1 141
round 468
bot 1 44 26
round 469
bot 1 45 27
round 470
bot 1 46 26
coin 20 6
coin 38 26
round 471
bot 1 47 27
round 472
bot 1 48 28
round 473
bot 1 48 29
coin_collected 48 30 1
bot_coins 1 142
coin_collected 49 29 1
bot_coins 1 143
round 474
bot 1 49 30
round 475
bot 1 50 31
coin 4 14
coin 54 18
round 476
bot 1 49 32
round 477
bot 1 48 0
round 478
bot 1 47 1
coin_collected 46 1 1
bot_coins 1 144
coin_collected 47 1 1
bot_coins 1 145
round 479
bot 1 46 2
round 480
bot 1 45 1
coin 37 17
coin 21 15
round 481
bot 1 44 1
coin_collected 43 1 1
bot_coins 1 146
round 482
bot 1 43 2
round 483
bot 1 42 3
round 484
bot 1 41 4
round 485
bot 1 40 5
coin 52 17
coin 6 15
round 486
bot 1 39 6
coin_collected 39 7 1
bot_coins 1 147
round 487
bot 1 38 5
round 488
bot 1 37 4
round 489
bot 1 36 4
coin_collected 36 3 1
bot_coins 1 148
coin_collected 36 5 1
bot_coins 1 149
round 490
bot 1 35 5
coin 25 20
coin 33 12
round 491
bot 1 35 6
coin_collected 35 7 1
bot_coins 1 150
round 492
bot 1 36 5
round 493
bot 1 37 5
round 494
bot 1 38 6
round 495
bot 1 39 7
coin_collected 39 8 1
bot_coins 1 151
coin 44 3
coin 14 29
round 496
bot 1 40 6
round 497
bot 1 41 5
round 498
bot 1 42 4
round 499
bot 1 43 3
coin_collected 44 3 1
bot_coins 1 152
round 500
bot 1 42 2
coin 49 11
coin 9 21
match_over 1
