match
match_id 1657669496749_ok
match_time 1657669496752
num_bots 2
##MatchConfig
mode DEATHMATCH
num_rounds 500
random_seed 1657669496749
move_time_limit 1000
coin_spawn_period 5
coin_spawn_volume 2
##MapConfig
map_size 59 33
view_radius 11
mining_radius 1
attack_radius 4
block 16 0
block 17 0
block 18 0
block 45 0
block 46 0
block 47 0
block 16 1
block 17 1
block 18 1
block 16 2
block 17 2
block 18 2
block 13 3
block 14 3
block 15 3
block 16 3
block 17 3
block 18 3
block 13 4
block 14 4
block 15 4
block 16 4
block 17 4
block 18 4
block 13 5
block 14 5
block 15 5
block 16 5
block 17 5
block 18 5
block 10 6
block 11 6
block 5 7
block 6 7
block 7 7
block 8 7
block 10 7
block 11 7
block 32 7
block 33 7
block 34 7
block 5 8
block 6 8
block 7 8
block 8 8
block 10 8
block 11 8
block 18 8
block 19 8
block 20 8
block 21 8
block 22 8
block 23 8
block 32 8
block 33 8
block 34 8
block 35 8
block 36 8
block 37 8
block 38 8
block 3 9
block 4 9
block 5 9
block 6 9
block 7 9
block 8 9
block 18 9
block 19 9
block 20 9
block 21 9
block 22 9
block 23 9
block 30 9
block 31 9
block 32 9
block 33 9
block 34 9
block 35 9
block 36 9
block 37 9
block 38 9
block 3 10
block 4 10
block 5 10
block 6 10
block 7 10
block 8 10
block 18 10
block 19 10
block 20 10
block 21 10
block 22 10
block 23 10
block 30 10
block 31 10
block 33 10
block 34 10
block 35 10
block 36 10
block 37 10
block 38 10
block 3 11
block 4 11
block 5 11
block 6 11
block 7 11
block 8 11
block 18 11
block 19 11
block 20 11
block 21 11
block 22 11
block 23 11
block 30 11
block 31 11
block 33 11
block 34 11
block 35 11
block 36 11
block 37 11
block 38 11
block 3 12
block 4 12
block 5 12
block 6 12
block 7 12
block 8 12
block 9 12
block 10 12
block 11 12
block 12 12
block 13 12
block 18 12
block 19 12
block 20 12
block 21 12
block 22 12
block 23 12
block 30 12
block 31 12
block 47 12
block 48 12
block 49 12
block 50 12
block 51 12
block 52 12
block 53 12
block 7 13
block 8 13
block 9 13
block 10 13
block 11 13
block 12 13
block 13 13
block 18 13
block 19 13
block 20 13
block 21 13
block 22 13
block 23 13
block 30 13
block 31 13
block 47 13
block 48 13
block 49 13
block 50 13
block 51 13
block 52 13
block 53 13
block 54 13
block 55 13
block 56 13
block 57 13
block 58 13
block 47 14
block 48 14
block 49 14
block 50 14
block 51 14
block 52 14
block 53 14
block 54 14
block 55 14
block 56 14
block 57 14
block 58 14
block 11 15
block 12 15
block 13 15
block 14 15
block 15 15
block 47 15
block 48 15
block 49 15
block 50 15
block 51 15
block 52 15
block 53 15
block 54 15
block 55 15
block 56 15
block 57 15
block 58 15
block 11 16
block 12 16
block 13 16
block 14 16
block 15 16
block 47 16
block 48 16
block 49 16
block 50 16
block 51 16
block 52 16
block 53 16
block 55 16
block 56 16
block 57 16
block 58 16
block 11 17
block 12 17
block 13 17
block 14 17
block 15 17
block 16 17
block 17 17
block 41 17
block 42 17
block 43 17
block 55 17
block 56 17
block 57 17
block 58 17
block 11 18
block 12 18
block 13 18
block 14 18
block 15 18
block 16 18
block 17 18
block 27 18
block 28 18
block 29 18
block 30 18
block 31 18
block 32 18
block 33 18
block 41 18
block 42 18
block 43 18
block 55 18
block 56 18
block 57 18
block 58 18
block 11 19
block 12 19
block 13 19
block 14 19
block 15 19
block 16 19
block 17 19
block 27 19
block 28 19
block 29 19
block 30 19
block 31 19
block 32 19
block 33 19
block 41 19
block 42 19
block 43 19
block 55 19
block 56 19
block 57 19
block 58 19
block 11 20
block 12 20
block 13 20
block 14 20
block 15 20
block 27 20
block 28 20
block 29 20
block 30 20
block 31 20
block 32 20
block 33 20
block 41 20
block 42 20
block 43 20
block 27 21
block 28 21
block 29 21
block 30 21
block 31 21
block 32 21
block 33 21
block 41 21
block 42 21
block 43 21
block 16 22
block 17 22
block 27 22
block 28 22
block 29 22
block 30 22
block 31 22
block 32 22
block 33 22
block 16 23
block 17 23
block 27 23
block 28 23
block 29 23
block 30 23
block 31 23
block 32 23
block 33 23
block 14 24
block 15 24
block 16 24
block 17 24
block 18 24
block 19 24
block 14 25
block 15 25
block 16 25
block 17 25
block 18 25
block 19 25
block 16 26
block 17 26
block 16 27
block 17 27
block 38 27
block 39 27
block 16 28
block 17 28
block 38 28
block 39 28
block 45 28
block 46 28
block 47 28
block 16 29
block 17 29
block 18 29
block 45 29
block 46 29
block 47 29
block 6 30
block 7 30
block 8 30
block 9 30
block 10 30
block 11 30
block 16 30
block 17 30
block 18 30
block 45 30
block 46 30
block 47 30
block 6 31
block 7 31
block 8 31
block 9 31
block 10 31
block 11 31
block 16 31
block 17 31
block 18 31
block 45 31
block 46 31
block 47 31
block 16 32
block 17 32
block 18 32
block 45 32
block 46 32
block 47 32
##BotsAndCoinsInfo
bot_name 0 server-starter-bot
bot_name 1 MEDU7A
bot 0 44 8
bot_coins 0 0
bot 1 4 8
bot_coins 1 0
coin 32 1
coin 26 31
round 1
bot 0 43 7
bot 1 3 7
round 2
bot 0 42 6
bot 1 2 6
round 3
bot 0 41 5
bot 1 1 5
round 4
bot 0 40 4
bot 1 0 4
round 5
bot 0 39 3
bot 1 58 3
coin 6 27
coin 52 5
round 6
bot 0 38 2
bot 1 57 2
round 7
bot 0 37 1
bot 1 56 3
round 8
bot 0 36 0
bot 1 55 4
round 9
bot 0 35 0
bot 1 54 5
round 10
bot 0 34 0
bot 1 53 5
coin_collected 52 5 1
bot_coins 1 1
coin 2 31
coin 56 1
round 11
bot 0 33 0
bot 1 54 4
round 12
bot 0 32 0
bot 1 55 3
coin_collected 32 1 0
bot_coins 0 1
round 13
bot 0 31 0
bot 1 56 2
coin_collected 56 1 1
bot_coins 1 2
round 14
bot 0 30 0
bot 1 57 1
round 15
bot 0 29 0
bot 1 58 0
coin 46 2
coin 12 30
round 16
bot 0 30 0
bot 1 0 32
round 17
bot 0 31 0
bot 1 1 31
coin_collected 2 31 1
bot_coins 1 3
round 18
bot 0 32 0
bot 1 2 30
round 19
bot 0 33 0
bot 1 3 29
round 20
bot 0 34 0
bot 1 4 28
coin 43 2
coin 15 30
round 21
bot 0 35 0
bot 1 5 27
coin_collected 6 27 1
bot_coins 1 4
round 22
bot 0 36 0
bot 1 6 26
round 23
bot 0 37 32
bot 1 7 25
round 24
bot 0 38 31
bot 1 8 26
round 25
bot 0 39 30
bot 1 9 27
coin 9 8
coin 49 24
round 26
bot 0 40 29
bot 1 10 27
round 27
bot 0 41 28
bot 1 11 28
round 28
bot 0 42 27
bot 1 12 29
coin_collected 12 30 1
bot_coins 1 5
round 29
bot 0 43 26
bot 1 13 29
round 30
bot 0 44 25
bot 1 14 30
coin_collected 15 30 1
bot_coins 1 6
coin 27 28
coin 31 4
round 31
bot 0 45 24
bot 1 13 29
round 32
bot 0 46 23
bot 1 12 28
round 33
bot 0 47 22
bot 1 11 27
round 34
bot 0 48 21
bot 1 11 26
round 35
bot 0 49 20
bot 1 12 25
coin 43 30
coin 15 2
round 36
bot 0 50 19
bot 1 13 24
round 37
bot 0 51 18
bot 1 14 23
round 38
bot 0 52 17
bot 1 15 22
round 39
bot 1 16 21
round 40
bot 0 53 18
bot 1 17 20
coin 30 24
coin 28 8
round 41
bot 0 54 19
bot 1 18 19
round 42
bot 0 55 20
bot 1 19 18
round 43
bot 0 56 21
bot 1 20 17
round 44
bot 0 57 22
bot 1 21 16
round 45
bot 0 58 23
bot 1 22 15
coin 39 20
coin 19 14
round 46
bot 0 0 24
bot 1 21 14
round 47
bot 0 1 25
bot 1 20 14
coin_collected 19 14 1
bot_coins 1 7
round 48
bot 0 2 26
bot 1 21 14
round 49
bot 0 1 27
bot 1 22 14
round 50
bot 0 0 28
bot 1 23 14
coin 18 17
coin 40 15
round 51
bot 0 58 29
bot 1 22 14
round 52
bot 0 57 30
bot 1 21 15
round 53
bot 0 56 31
bot 1 20 16
round 54
bot 0 55 32
bot 1 19 17
coin_collected 18 17 1
bot_coins 1 8
round 55
bot 0 54 0
bot 1 20 17
coin 8 20
coin 50 11
round 56
bot 0 53 0
bot 1 21 18
round 57
bot 0 52 0
bot 1 22 19
round 58
bot 0 51 0
bot 1 23 20
round 59
bot 0 50 0
bot 1 24 21
round 60
bot 0 49 0
bot 1 25 22
coin 18 17
coin 40 14
round 61
bot 0 48 0
bot 1 26 23
round 62
bot 1 27 24
round 63
bot 0 49 1
bot 1 28 25
round 64
bot 0 50 2
bot 1 29 24
coin_collected 30 24 1
bot_coins 1 9
round 65
bot 0 51 3
bot 1 28 25
coin 57 30
coin 1 2
round 66
bot 0 52 4
bot 1 27 26
round 67
bot 0 53 5
bot 1 27 27
coin_collected 27 28 1
bot_coins 1 10
round 68
bot 0 54 6
bot 1 28 28
round 69
bot 1 27 29
round 70
bot 1 26 30
coin_collected 26 31 1
bot_coins 1 11
coin 39 31
coin 19 1
round 71
bot 1 27 31
round 72
bot 1 28 32
round 73
bot 1 29 0
round 74
bot 1 30 1
round 75
bot 0 53 7
bot 1 31 2
coin 58 20
coin 0 12
round 76
bot 0 52 8
bot 1 31 3
coin_collected 31 4 1
bot_coins 1 12
round 77
bot 0 51 9
bot 1 31 4
round 78
bot 0 50 10
bot 1 30 5
coin_collected 50 11 0
bot_coins 0 2
round 79
bot 0 49 11
bot 1 29 6
round 80
bot 1 28 7
coin_collected 28 8 1
bot_coins 1 13
coin 11 14
coin 47 18
round 81
bot 1 27 8
round 82
bot 1 26 7
round 83
bot 0 49 10
bot 1 25 6
round 84
bot 0 49 9
bot 1 24 5
round 85
bot 0 49 8
bot 1 23 4
coin 34 12
coin 24 20
round 86
bot 0 49 7
bot 1 22 3
round 87
bot 0 49 6
bot 1 21 2
round 88
bot 0 49 5
bot 1 20 1
coin_collected 19 1 1
bot_coins 1 14
round 89
bot 0 49 4
bot 1 19 2
round 90
bot 0 48 5
bot 1 19 3
coin 32 10
coin 26 22
round 91
bot 0 47 6
bot 1 19 4
round 92
bot 0 46 7
bot 1 19 5
round 93
bot 0 45 8
bot 1 18 6
round 94
bot 0 44 9
bot 1 17 6
round 95
bot 0 43 10
bot 1 16 6
coin 54 31
coin 4 1
round 96
bot 0 42 11
bot 1 15 6
round 97
bot 0 41 12
bot 1 14 6
round 98
bot 0 40 13
bot 1 13 7
coin_collected 40 14 0
bot_coins 0 3
round 99
bot 0 39 14
bot 1 12 8
round 100
bot 0 38 15
bot 1 11 9
coin 26 14
coin 32 17
round 101
bot 0 37 16
bot 1 10 9
round 102
bot 0 38 16
bot 1 9 8
coin_collected 9 8 1
bot_coins 1 15
round 103
bot 0 39 16
bot 1 9 7
round 104
bot 0 40 16
bot 1 8 6
coin_collected 40 15 0
bot_coins 0 4
round 105
bot 0 41 16
bot 1 7 5
coin 31 30
coin 27 2
round 106
bot 0 42 16
bot 1 6 4
round 107
bot 0 43 16
bot 1 5 3
round 108
bot 0 44 16
bot 1 4 2
coin_collected 4 1 1
bot_coins 1 16
round 109
bot 0 43 16
bot 1 3 3
round 110
bot 0 42 16
bot 1 2 2
coin_collected 1 2 1
bot_coins 1 17
coin 24 26
coin 34 6
round 111
bot 0 41 16
bot 1 1 1
round 112
bot 0 40 16
bot 1 0 0
round 113
bot 0 39 16
bot 1 58 32
round 114
bot 0 38 16
bot 1 57 31
coin_collected 57 30 1
bot_coins 1 18
round 115
bot 0 37 16
bot 1 56 30
coin 13 14
coin 45 18
round 116
bot 0 37 17
bot 1 55 31
coin_collected 54 31 1
bot_coins 1 19
round 117
bot 0 37 18
bot 1 54 30
round 118
bot 0 37 19
bot 1 53 29
round 119
bot 0 37 20
bot 1 52 28
round 120
bot 0 37 21
bot 1 51 27
coin 14 26
coin 44 6
round 121
bot 0 37 22
bot 1 50 26
round 122
bot 0 37 23
bot 1 49 25
coin_collected 49 24 1
bot_coins 1 20
round 123
bot 0 37 24
bot 1 48 24
round 124
bot 0 37 25
bot 1 47 23
round 125
bot 0 37 26
bot 1 46 22
coin 36 12
coin 22 20
round 126
bot 0 37 27
bot 1 45 21
round 127
bot 0 37 28
bot 1 44 20
round 128
bot 0 37 29
bot 1 45 19
coin_collected 45 18 1
bot_coins 1 21
round 129
bot 1 46 18
coin_collected 47 18 1
bot_coins 1 22
round 130
bot 1 45 17
coin 10 19
coin 46 13
round 131
bot 1 44 16
round 132
bot 1 45 15
round 133
bot 1 46 14
coin_collected 46 13 1
bot_coins 1 23
round 134
bot 1 45 13
round 135
bot 1 44 12
coin 1 23
coin 57 9
round 136
bot 0 38 29
bot 1 43 11
round 137
bot 0 39 29
bot 1 42 10
round 138
bot 0 40 29
bot 1 42 9
round 139
bot 0 41 29
bot 1 43 8
round 140
bot 0 42 29
bot 1 44 7
coin_collected 44 6 1
bot_coins 1 24
coin 54 17
coin 4 15
round 141
bot 0 43 29
bot 1 43 6
coin_collected 43 30 0
bot_coins 0 5
round 142
bot 0 44 29
bot 1 42 5
round 143
bot 1 42 4
round 144
bot 0 44 28
bot 1 43 3
coin_collected 43 2 1
bot_coins 1 25
round 145
bot 0 44 27
bot 1 44 2
coin 19 31
coin 39 1
round 146
bot 0 44 26
bot 1 45 2
coin_collected 46 2 1
bot_coins 1 26
round 147
bot 0 44 25
bot 1 44 1
round 148
bot 0 44 24
bot 1 43 0
round 149
bot 0 44 23
bot 1 42 32
round 150
bot 0 44 22
bot 1 41 31
coin 24 21
coin 35 12
round 151
bot 0 44 21
bot 1 40 31
coin_collected 39 31 1
bot_coins 1 27
round 152
bot 0 44 20
bot 1 39 32
round 153
bot 1 39 0
coin_collected 39 1 1
bot_coins 1 28
round 154
bot 1 38 1
round 155
bot 1 37 2
coin 41 29
coin 19 3
round 156
bot 1 36 3
round 157
bot 1 35 4
round 158
bot 1 34 5
coin_collected 34 6 1
bot_coins 1 29
round 159
bot 1 33 4
round 160
bot 0 45 20
bot 1 32 3
coin 2 5
coin 56 27
round 161
bot 0 46 20
bot 1 31 2
round 162
bot 0 47 20
bot 1 30 1
round 163
bot 0 48 20
bot 1 29 1
round 164
bot 0 49 20
bot 1 28 2
coin_collected 27 2 1
bot_coins 1 30
round 165
bot 0 50 20
bot 1 28 1
coin 19 4
coin 39 29
round 166
bot 0 51 20
bot 1 29 0
round 167
bot 0 52 20
bot 1 30 32
round 168
bot 0 53 20
bot 1 31 31
coin_collected 31 30 1
bot_coins 1 31
round 169
bot 0 54 20
bot 1 30 30
round 170
bot 0 55 20
bot 1 29 29
coin 13 2
coin 44 30
round 171
bot 0 56 20
bot 1 28 28
round 172
bot 0 57 20
bot 1 27 27
coin_collected 58 20 0
bot_coins 0 6
round 173
bot 0 58 20
bot 1 26 26
round 174
bot 0 0 20
bot 1 25 26
coin_collected 24 26 1
bot_coins 1 32
round 175
bot 0 1 20
bot 1 24 25
coin 36 31
coin 22 1
round 176
bot 0 2 20
bot 1 23 24
round 177
bot 0 2 21
bot 1 22 23
round 178
bot 0 2 22
bot 1 23 22
round 179
bot 0 2 23
bot 1 24 21
coin_collected 1 23 0
bot_coins 0 7
coin_collected 24 20 1
bot_coins 1 33
coin_collected 24 21 1
bot_coins 1 34
round 180
bot 0 2 24
bot 1 23 20
coin_collected 22 20 1
bot_coins 1 35
coin 39 1
coin 19 30
round 181
bot 0 2 25
bot 1 24 21
round 182
bot 0 2 26
bot 1 25 22
coin_collected 26 22 1
bot_coins 1 36
round 183
bot 0 2 27
bot 1 24 23
round 184
bot 0 2 28
bot 1 23 24
round 185
bot 1 22 25
coin 28 4
coin 30 28
round 186
bot 1 21 26
round 187
bot 1 20 27
round 188
bot 1 19 28
round 189
bot 1 19 29
coin_collected 19 30 1
bot_coins 1 37
round 190
bot 1 19 30
coin_collected 19 31 1
bot_coins 1 38
coin 22 26
coin 36 6
round 191
bot 1 19 31
round 192
bot 1 19 32
round 193
bot 0 3 28
bot 1 19 0
round 194
bot 0 4 28
bot 1 19 1
round 195
bot 0 5 28
bot 1 19 2
coin_collected 19 3 1
bot_coins 1 39
coin 29 11
coin 29 24
round 196
bot 0 6 28
bot 1 19 3
coin_collected 19 4 1
bot_coins 1 40
round 197
bot 0 7 28
bot 1 20 2
round 198
bot 0 8 28
bot 1 21 1
coin_collected 22 1 1
bot_coins 1 41
round 199
bot 0 9 28
bot 1 22 2
round 200
bot 0 10 28
bot 1 23 2
coin 57 10
coin 1 22
round 201
bot 0 9 28
bot 1 24 1
round 202
bot 0 8 28
bot 1 25 2
round 203
bot 0 7 28
bot 1 26 3
round 204
bot 0 6 28
bot 1 27 4
coin_collected 28 4 1
bot_coins 1 42
round 205
bot 0 5 28
bot 1 28 5
coin 6 0
coin 52 32
round 206
bot 0 4 28
bot 1 29 6
round 207
bot 0 3 28
bot 1 30 7
round 208
bot 0 2 28
bot 1 29 8
round 209
bot 0 1 28
bot 1 28 9
round 210
bot 0 0 28
bot 1 29 10
coin_collected 29 11 1
bot_coins 1 43
coin 21 24
coin 37 7
round 211
bot 0 0 27
bot 1 28 11
round 212
bot 0 0 26
bot 1 27 12
round 213
bot 0 0 25
bot 1 26 13
coin_collected 26 14 1
bot_coins 1 44
round 214
bot 0 0 24
bot 1 27 12
round 215
bot 0 0 23
bot 1 28 12
coin 24 11
coin 34 21
round 216
bot 0 0 22
bot 1 29 13
coin_collected 1 22 0
bot_coins 0 8
round 217
bot 1 30 14
round 218
bot 1 31 15
round 219
bot 1 32 14
round 220
bot 1 33 14
coin 15 32
coin 43 0
round 221
bot 1 34 13
coin_collected 34 12 1
bot_coins 1 45
round 222
bot 1 35 12
coin_collected 35 12 1
bot_coins 1 46
coin_collected 36 12 1
bot_coins 1 47
round 223
bot 1 34 13
round 224
bot 1 33 12
round 225
bot 0 58 21
bot 1 32 11
coin_collected 32 10 1
bot_coins 1 48
coin 1 4
coin 57 28
round 226
bot 0 57 20
bot 1 32 12
round 227
bot 1 32 13
round 228
bot 1 33 14
round 229
bot 1 33 15
round 230
bot 1 32 16
coin_collected 32 17 1
bot_coins 1 49
coin 44 28
coin 14 2
round 231
bot 0 58 20
bot 1 33 17
round 232
bot 0 0 20
bot 1 34 18
round 233
bot 0 1 20
bot 1 35 19
round 234
bot 0 2 20
bot 1 34 20
coin_collected 34 21 1
bot_coins 1 50
round 235
bot 0 3 20
bot 1 35 21
coin 10 0
coin 48 32
round 236
bot 0 4 20
bot 1 36 22
round 237
bot 0 5 20
bot 1 37 21
round 238
bot 0 5 21
bot 1 38 20
coin_collected 39 20 1
bot_coins 1 51
round 239
bot 0 5 22
bot 1 39 21
round 240
bot 0 5 23
bot 1 40 22
coin 26 7
coin 32 25
round 241
bot 0 5 24
bot 1 41 23
round 242
bot 0 5 25
bot 1 42 24
round 243
bot 0 5 26
bot 1 43 25
round 244
bot 0 5 27
bot 1 44 26
round 245
bot 0 5 28
bot 1 45 27
coin 57 23
coin 1 9
round 246
bot 0 6 29
bot 1 44 28
coin_collected 44 28 1
bot_coins 1 52
round 247
bot 1 43 27
round 248
bot 1 42 27
round 249
bot 1 41 28
coin_collected 41 29 1
bot_coins 1 53
round 250
bot 1 40 29
coin_collected 39 29 1
bot_coins 1 54
coin 0 9
coin 58 23
round 251
bot 1 41 30
round 252
bot 0 5 29
bot 1 42 31
round 253
bot 0 4 29
bot 1 43 32
coin_collected 43 0 1
bot_coins 1 55
round 254
bot 0 3 29
bot 1 44 31
coin_collected 44 30 1
bot_coins 1 56
round 255
bot 0 2 29
bot 1 43 32
coin 53 4
coin 5 28
round 256
bot 0 1 29
bot 1 42 0
round 257
bot 0 0 29
bot 1 41 1
round 258
bot 0 58 29
bot 1 40 1
coin_collected 39 1 1
bot_coins 1 57
round 259
bot 0 57 29
bot 1 40 2
coin_collected 57 28 0
bot_coins 0 9
round 260
bot 1 39 3
coin 14 21
coin 44 11
round 261
bot 1 39 4
round 262
bot 1 38 5
round 263
bot 1 37 6
coin_collected 37 7 1
bot_coins 1 58
coin_collected 36 6 1
bot_coins 1 59
round 264
bot 1 36 5
round 265
bot 1 35 4
coin 32 30
coin 26 2
round 266
bot 1 34 3
round 267
bot 1 33 2
round 268
bot 0 57 30
bot 1 34 1
round 269
bot 0 57 31
bot 1 35 0
round 270
bot 0 57 32
bot 1 36 32
coin_collected 36 31 1
bot_coins 1 60
coin 54 4
coin 4 28
round 271
bot 0 57 0
bot 1 35 31
round 272
bot 0 57 1
bot 1 34 30
round 273
bot 0 57 2
bot 1 33 30
coin_collected 32 30 1
bot_coins 1 61
round 274
bot 0 57 3
bot 1 32 29
round 275
bot 0 57 4
bot 1 31 28
coin_collected 30 28 1
bot_coins 1 62
coin 5 31
coin 53 1
round 276
bot 0 58 5
bot 1 31 27
round 277
bot 0 0 6
bot 1 32 26
coin_collected 32 25 1
bot_coins 1 63
round 278
bot 0 1 7
bot 1 31 25
round 279
bot 0 2 8
bot 1 30 24
coin_collected 29 24 1
bot_coins 1 64
round 280
bot 1 29 25
coin 18 28
coin 40 4
round 281
bot 1 28 26
round 282
bot 1 27 27
round 283
bot 1 26 28
round 284
bot 1 25 27
round 285
bot 0 1 8
bot 1 24 26
coin_collected 1 9 0
bot_coins 0 10
coin 50 18
coin 8 14
round 286
bot 0 0 8
bot 1 23 26
coin_collected 22 26 1
bot_coins 1 65
coin_collected 0 9 0
bot_coins 0 11
round 287
bot 0 58 8
bot 1 22 25
round 288
bot 0 57 8
bot 1 21 24
coin_collected 21 24 1
bot_coins 1 66
coin_collected 57 9 0
bot_coins 0 12
round 289
bot 0 56 8
bot 1 20 25
round 290
bot 0 55 8
bot 1 19 26
coin 24 4
coin 34 28
round 291
bot 0 54 8
bot 1 18 27
coin_collected 18 28 1
bot_coins 1 67
round 292
bot 0 55 8
bot 1 18 28
round 293
bot 0 56 8
bot 1 19 29
round 294
bot 0 57 8
bot 1 20 30
round 295
bot 0 58 8
bot 1 21 31
coin 2 30
coin 56 2
round 296
bot 0 0 8
bot 1 22 32
round 297
bot 0 1 8
bot 1 23 0
round 298
bot 0 2 8
bot 1 24 1
round 299
bot 1 25 2
coin_collected 26 2 1
bot_coins 1 68
round 300
bot 1 24 3
coin_collected 24 4 1
bot_coins 1 69
coin 21 29
coin 37 3
round 301
bot 1 24 4
round 302
bot 1 25 5
round 303
bot 1 26 6
coin_collected 26 7 1
bot_coins 1 70
round 304
bot 1 25 7
round 305
bot 1 24 8
coin 57 27
coin 1 5
round 306
bot 0 3 7
bot 1 25 9
round 307
bot 0 4 6
bot 1 24 10
coin_collected 24 11 1
bot_coins 1 71
round 308
bot 0 5 5
bot 1 25 11
round 309
bot 0 6 4
bot 1 25 12
round 310
bot 0 7 3
bot 1 24 13
coin 43 29
coin 15 1
round 311
bot 0 8 2
bot 1 23 14
round 312
bot 0 9 1
bot 1 22 14
round 313
bot 0 10 0
bot 1 21 15
coin_collected 10 0 0
bot_coins 0 13
round 314
bot 0 11 32
bot 1 20 16
round 315
bot 0 12 31
bot 1 19 17
coin_collected 18 17 1
bot_coins 1 72
coin 23 3
coin 35 29
round 316
bot 0 13 30
bot 1 18 16
round 317
bot 0 14 29
bot 1 17 15
round 318
bot 0 15 28
bot 1 16 14
round 319
bot 0 14 28
bot 1 15 13
round 320
bot 0 13 28
bot 1 14 13
coin 34 22
coin 24 10
round 321
bot 0 12 28
bot 1 13 14
coin_collected 13 14 1
bot_coins 1 73
round 322
bot 0 11 28
bot 1 12 14
coin_collected 11 14 1
bot_coins 1 74
round 323
bot 0 10 28
bot 1 11 14
round 324
bot 0 9 28
bot 1 10 15
round 325
bot 0 8 28
bot 1 9 14
coin_collected 8 14 1
bot_coins 1 75
coin 58 28
coin 0 4
round 326
bot 0 7 28
bot 1 8 15
round 327
bot 0 6 27
bot 1 7 16
round 328
bot 0 5 26
bot 1 6 15
round 329
bot 0 4 25
bot 1 5 15
coin_collected 4 15 1
bot_coins 1 76
round 330
bot 0 3 24
bot 1 4 14
coin 26 20
coin 32 12
round 331
bot 0 2 23
bot 1 3 13
round 332
bot 0 1 22
bot 1 2 12
round 333
bot 0 0 21
bot 1 1 12
coin_collected 0 12 1
bot_coins 1 77
round 334
bot 0 58 22
bot 1 0 11
coin_collected 58 23 0
bot_coins 0 14
round 335
bot 0 57 23
bot 1 58 10
coin_collected 57 10 1
bot_coins 1 78
coin_collected 57 23 0
bot_coins 0 15
coin 49 5
coin 9 27
round 336
bot 0 56 24
bot 1 0 9
round 337
bot 0 55 25
bot 1 1 8
round 338
bot 0 54 26
bot 1 0 7
round 339
bot 0 53 27
bot 1 0 6
round 340
bot 0 52 28
bot 1 1 5
coin_collected 2 5 1
bot_coins 1 79
coin_collected 1 4 1
bot_coins 1 80
coin_collected 1 5 1
bot_coins 1 81
coin 17 6
coin 41 26
round 341
bot 0 51 29
bot 1 0 4
coin_collected 0 4 1
bot_coins 1 82
round 342
bot 0 50 30
bot 1 58 3
round 343
bot 0 49 31
bot 1 57 2
coin_collected 56 2 1
bot_coins 1 83
round 344
bot 0 48 32
bot 1 56 2
coin_collected 48 32 0
bot_coins 0 16
round 345
bot 1 55 3
coin 21 27
coin 37 5
round 346
bot 1 54 4
coin_collected 54 4 1
bot_coins 1 84
coin_collected 53 4 1
bot_coins 1 85
round 347
bot 1 53 3
round 348
bot 1 53 2
coin_collected 53 1 1
bot_coins 1 86
round 349
bot 1 52 1
round 350
bot 1 52 0
coin_collected 52 32 1
bot_coins 1 87
coin 13 1
coin 44 31
round 351
bot 1 53 32
round 352
bot 1 54 31
round 353
bot 1 55 30
round 354
bot 1 56 29
round 355
bot 1 57 28
coin_collected 57 27 1
bot_coins 1 88
coin_collected 58 28 1
bot_coins 1 89
coin 9 11
coin 49 21
round 356
bot 1 56 27
coin_collected 56 27 1
bot_coins 1 90
round 357
bot 0 49 0
bot 1 57 26
round 358
bot 0 50 1
bot 1 58 25
round 359
bot 0 51 2
bot 1 0 24
round 360
bot 0 52 3
bot 1 1 25
coin 40 1
coin 19 31
round 361
bot 0 53 4
bot 1 2 26
round 362
bot 0 54 5
bot 1 3 27
round 363
bot 0 55 6
bot 1 4 28
coin_collected 4 28 1
bot_coins 1 91
coin_collected 5 28 1
bot_coins 1 92
round 364
bot 0 56 7
bot 1 5 29
round 365
bot 0 57 8
bot 1 5 30
coin_collected 5 31 1
bot_coins 1 93
coin 17 10
coin 41 22
round 366
bot 0 58 9
bot 1 5 31
round 367
bot 0 0 10
bot 1 6 32
coin_collected 6 0 1
bot_coins 1 94
round 368
bot 0 1 11
bot 1 7 0
round 369
bot 0 2 12
bot 1 8 1
round 370
bot 0 3 13
bot 1 9 2
coin 48 3
coin 10 29
round 371
bot 0 4 14
bot 1 10 3
round 372
bot 0 5 15
bot 1 11 4
round 373
bot 0 6 16
bot 1 12 3
round 374
bot 0 7 16
bot 1 13 2
coin_collected 13 1 1
bot_coins 1 95
coin_collected 13 2 1
bot_coins 1 96
coin_collected 14 2 1
bot_coins 1 97
round 375
bot 0 8 16
bot 1 14 1
coin_collected 15 1 1
bot_coins 1 98
coin 7 5
coin 51 27
round 376
bot 0 9 16
bot 1 15 0
coin_collected 15 32 1
bot_coins 1 99
round 377
bot 0 10 16
bot 1 15 1
coin_collected 15 2 1
bot_coins 1 100
round 378
bot 1 14 0
round 379
bot 1 13 32
round 380
bot 0 10 17
bot 1 12 31
coin 8 16
coin 50 17
round 381
bot 0 10 18
bot 1 12 30
coin_collected 10 19 0
bot_coins 0 17
round 382
bot 0 10 19
bot 1 11 29
coin_collected 10 29 1
bot_coins 1 101
round 383
bot 0 10 20
bot 1 10 28
round 384
bot 0 10 21
bot 1 10 27
coin_collected 9 27 1
bot_coins 1 102
round 385
bot 0 10 22
bot 1 11 26
coin 41 25
coin 17 7
round 386
bot 0 10 23
bot 1 12 25
attack 1 0
bot_coins 0 0
bot_coins 1 119
match_over 0
round 387
bot 1 13 26
coin_collected 14 26 1
bot_coins 1 120
round 388
bot 1 12 25
round 389
bot 1 13 24
round 390
bot 1 14 23
coin 2 29
coin 56 3
round 391
bot 1 14 22
coin_collected 14 21 1
bot_coins 1 121
round 392
bot 1 13 21
round 393
bot 1 12 21
round 394
bot 1 11 21
round 395
bot 1 10 20
coin 51 18
coin 7 14
round 396
bot 1 9 20
coin_collected 8 20 1
bot_coins 1 122
round 397
bot 1 8 19
round 398
bot 1 7 18
round 399
bot 1 8 17
coin_collected 8 16 1
bot_coins 1 123
round 400
bot 1 7 16
coin 12 6
coin 46 26
round 401
bot 1 7 15
coin_collected 7 14 1
bot_coins 1 124
round 402
bot 1 6 14
round 403
bot 1 5 13
round 404
bot 1 4 13
round 405
bot 1 3 13
coin 39 14
coin 19 18
round 406
bot 1 2 12
round 407
bot 1 1 11
round 408
bot 1 1 10
round 409
bot 1 2 9
round 410
bot 1 3 8
coin 43 16
coin 16 16
round 411
bot 1 4 7
round 412
bot 1 5 6
round 413
bot 1 6 5
coin_collected 7 5 1
bot_coins 1 125
round 414
bot 1 5 4
round 415
bot 1 4 3
coin 23 20
coin 35 12
round 416
bot 1 3 2
round 417
bot 1 2 1
round 418
bot 1 1 0
round 419
bot 1 0 32
round 420
bot 1 1 31
coin 45 21
coin 13 11
round 421
bot 1 2 30
coin_collected 2 29 1
bot_coins 1 126
coin_collected 2 30 1
bot_coins 1 127
round 422
bot 1 1 31
round 423
bot 1 0 32
round 424
bot 1 58 0
round 425
bot 1 57 1
coin 15 30
coin 43 2
round 426
bot 1 56 2
coin_collected 56 3 1
bot_coins 1 128
round 427
bot 1 55 3
round 428
bot 1 54 4
round 429
bot 1 53 5
round 430
bot 1 52 6
coin 22 22
coin 36 12
round 431
bot 1 51 5
round 432
bot 1 50 5
coin_collected 49 5 1
bot_coins 1 129
round 433
bot 1 49 4
round 434
bot 1 48 3
coin_collected 48 3 1
bot_coins 1 130
round 435
bot 1 47 4
coin 8 32
coin 50 0
round 436
bot 1 46 3
round 437
bot 1 45 2
round 438
bot 1 44 2
coin_collected 43 2 1
bot_coins 1 131
round 439
bot 1 43 1
round 440
bot 1 42 0
coin 18 28
coin 40 5
round 441
bot 1 41 1
coin_collected 40 1 1
bot_coins 1 132
round 442
bot 1 40 2
round 443
bot 1 39 3
round 444
bot 1 40 4
coin_collected 40 4 1
bot_coins 1 133
coin_collected 40 5 1
bot_coins 1 134
round 445
bot 1 39 3
coin 26 21
coin 32 11
round 446
bot 1 38 3
coin_collected 37 3 1
bot_coins 1 135
round 447
bot 1 37 4
coin_collected 37 5 1
bot_coins 1 136
round 448
bot 1 36 3
round 449
bot 1 35 2
round 450
bot 1 34 1
coin 35 4
coin 23 28
round 451
bot 1 33 0
round 452
bot 1 32 32
round 453
bot 1 32 31
round 454
bot 1 33 30
round 455
bot 1 34 29
coin_collected 35 29 1
bot_coins 1 137
coin_collected 34 28 1
bot_coins 1 138
coin 26 32
coin 32 0
round 456
bot 1 33 30
round 457
bot 1 32 31
round 458
bot 1 32 32
coin_collected 32 0 1
bot_coins 1 139
round 459
bot 1 32 0
round 460
bot 1 33 1
coin 7 3
coin 51 29
round 461
bot 1 34 2
round 462
bot 1 35 3
coin_collected 35 4 1
bot_coins 1 140
round 463
bot 1 34 4
round 464
bot 1 33 5
round 465
bot 1 32 4
coin 54 16
coin 4 16
round 466
bot 1 31 5
round 467
bot 1 30 4
round 468
bot 1 29 3
round 469
bot 1 28 2
round 470
bot 1 27 1
coin 18 22
coin 40 10
round 471
bot 1 26 0
coin_collected 26 32 1
bot_coins 1 141
round 472
bot 1 25 32
round 473
bot 1 24 31
round 474
bot 1 23 30
round 475
bot 1 22 29
coin_collected 21 29 1
bot_coins 1 142
coin 2 1
coin 56 31
round 476
bot 1 21 28
coin_collected 21 27 1
bot_coins 1 143
round 477
bot 1 22 28
coin_collected 23 28 1
bot_coins 1 144
round 478
bot 1 21 27
round 479
bot 1 20 27
round 480
bot 1 19 28
coin_collected 18 28 1
bot_coins 1 145
coin 41 31
coin 19 1
round 481
bot 1 19 29
round 482
bot 1 19 30
coin_collected 19 31 1
bot_coins 1 146
round 483
bot 1 19 31
round 484
bot 1 19 32
round 485
bot 1 19 0
coin_collected 19 1 1
bot_coins 1 147
coin 19 4
coin 39 29
round 486
bot 1 19 1
round 487
bot 1 19 2
round 488
bot 1 19 3
coin_collected 19 4 1
bot_coins 1 148
round 489
bot 1 19 4
round 490
bot 1 19 5
coin 48 25
coin 9 7
round 491
bot 1 18 6
coin_collected 17 6 1
bot_coins 1 149
round 492
bot 1 17 7
coin_collected 17 7 1
bot_coins 1 150
round 493
bot 1 16 8
round 494
bot 1 17 9
coin_collected 17 10 1
bot_coins 1 151
round 495
bot 1 16 10
coin 51 11
coin 7 21
round 496
bot 1 15 11
round 497
bot 1 14 11
coin_collected 13 11 1
bot_coins 1 152
round 498
bot 1 14 12
round 499
bot 1 14 13
round 500
bot 1 15 14
coin 13 0
coin 44 32
match_over 1
