match
match_id 1657669423309_oh
match_time 1657669423312
num_bots 2
##MatchConfig
mode DEATHMATCH
num_rounds 500
random_seed 1657669423309
move_time_limit 1000
coin_spawn_period 5
coin_spawn_volume 2
##MapConfig
map_size 59 33
view_radius 11
mining_radius 1
attack_radius 4
block 16 0
block 17 0
block 18 0
block 45 0
block 46 0
block 47 0
block 16 1
block 17 1
block 18 1
block 16 2
block 17 2
block 18 2
block 13 3
block 14 3
block 15 3
block 16 3
block 17 3
block 18 3
block 13 4
block 14 4
block 15 4
block 16 4
block 17 4
block 18 4
block 13 5
block 14 5
block 15 5
block 16 5
block 17 5
block 18 5
block 10 6
block 11 6
block 5 7
block 6 7
block 7 7
block 8 7
block 10 7
block 11 7
block 32 7
block 33 7
block 34 7
block 5 8
block 6 8
block 7 8
block 8 8
block 10 8
block 11 8
block 18 8
block 19 8
block 20 8
block 21 8
block 22 8
block 23 8
block 32 8
block 33 8
block 34 8
block 35 8
block 36 8
block 37 8
block 38 8
block 3 9
block 4 9
block 5 9
block 6 9
block 7 9
block 8 9
block 18 9
block 19 9
block 20 9
block 21 9
block 22 9
block 23 9
block 30 9
block 31 9
block 32 9
block 33 9
block 34 9
block 35 9
block 36 9
block 37 9
block 38 9
block 3 10
block 4 10
block 5 10
block 6 10
block 7 10
block 8 10
block 18 10
block 19 10
block 20 10
block 21 10
block 22 10
block 23 10
block 30 10
block 31 10
block 33 10
block 34 10
block 35 10
block 36 10
block 37 10
block 38 10
block 3 11
block 4 11
block 5 11
block 6 11
block 7 11
block 8 11
block 18 11
block 19 11
block 20 11
block 21 11
block 22 11
block 23 11
block 30 11
block 31 11
block 33 11
block 34 11
block 35 11
block 36 11
block 37 11
block 38 11
block 3 12
block 4 12
block 5 12
block 6 12
block 7 12
block 8 12
block 9 12
block 10 12
block 11 12
block 12 12
block 13 12
block 18 12
block 19 12
block 20 12
block 21 12
block 22 12
block 23 12
block 30 12
block 31 12
block 47 12
block 48 12
block 49 12
block 50 12
block 51 12
block 52 12
block 53 12
block 7 13
block 8 13
block 9 13
block 10 13
block 11 13
block 12 13
block 13 13
block 18 13
block 19 13
block 20 13
block 21 13
block 22 13
block 23 13
block 30 13
block 31 13
block 47 13
block 48 13
block 49 13
block 50 13
block 51 13
block 52 13
block 53 13
block 54 13
block 55 13
block 56 13
block 57 13
block 58 13
block 47 14
block 48 14
block 49 14
block 50 14
block 51 14
block 52 14
block 53 14
block 54 14
block 55 14
block 56 14
block 57 14
block 58 14
block 11 15
block 12 15
block 13 15
block 14 15
block 15 15
block 47 15
block 48 15
block 49 15
block 50 15
block 51 15
block 52 15
block 53 15
block 54 15
block 55 15
block 56 15
block 57 15
block 58 15
block 11 16
block 12 16
block 13 16
block 14 16
block 15 16
block 47 16
block 48 16
block 49 16
block 50 16
block 51 16
block 52 16
block 53 16
block 55 16
block 56 16
block 57 16
block 58 16
block 11 17
block 12 17
block 13 17
block 14 17
block 15 17
block 16 17
block 17 17
block 41 17
block 42 17
block 43 17
block 55 17
block 56 17
block 57 17
block 58 17
block 11 18
block 12 18
block 13 18
block 14 18
block 15 18
block 16 18
block 17 18
block 27 18
block 28 18
block 29 18
block 30 18
block 31 18
block 32 18
block 33 18
block 41 18
block 42 18
block 43 18
block 55 18
block 56 18
block 57 18
block 58 18
block 11 19
block 12 19
block 13 19
block 14 19
block 15 19
block 16 19
block 17 19
block 27 19
block 28 19
block 29 19
block 30 19
block 31 19
block 32 19
block 33 19
block 41 19
block 42 19
block 43 19
block 55 19
block 56 19
block 57 19
block 58 19
block 11 20
block 12 20
block 13 20
block 14 20
block 15 20
block 27 20
block 28 20
block 29 20
block 30 20
block 31 20
block 32 20
block 33 20
block 41 20
block 42 20
block 43 20
block 27 21
block 28 21
block 29 21
block 30 21
block 31 21
block 32 21
block 33 21
block 41 21
block 42 21
block 43 21
block 16 22
block 17 22
block 27 22
block 28 22
block 29 22
block 30 22
block 31 22
block 32 22
block 33 22
block 16 23
block 17 23
block 27 23
block 28 23
block 29 23
block 30 23
block 31 23
block 32 23
block 33 23
block 14 24
block 15 24
block 16 24
block 17 24
block 18 24
block 19 24
block 14 25
block 15 25
block 16 25
block 17 25
block 18 25
block 19 25
block 16 26
block 17 26
block 16 27
block 17 27
block 38 27
block 39 27
block 16 28
block 17 28
block 38 28
block 39 28
block 45 28
block 46 28
block 47 28
block 16 29
block 17 29
block 18 29
block 45 29
block 46 29
block 47 29
block 6 30
block 7 30
block 8 30
block 9 30
block 10 30
block 11 30
block 16 30
block 17 30
block 18 30
block 45 30
block 46 30
block 47 30
block 6 31
block 7 31
block 8 31
block 9 31
block 10 31
block 11 31
block 16 31
block 17 31
block 18 31
block 45 31
block 46 31
block 47 31
block 16 32
block 17 32
block 18 32
block 45 32
block 46 32
block 47 32
##BotsAndCoinsInfo
bot_name 0 server-starter-bot
bot_name 1 MEDU7A
bot 0 44 8
bot_coins 0 0
bot 1 4 8
bot_coins 1 0
coin 37 3
coin 21 29
round 1
bot 0 43 7
bot 1 3 7
round 2
bot 0 42 6
bot 1 2 6
round 3
bot 0 41 5
bot 1 1 5
round 4
bot 0 40 4
bot 1 0 4
round 5
bot 0 39 3
bot 1 58 3
coin 9 23
coin 49 9
round 6
bot 0 38 2
bot 1 57 2
round 7
bot 0 37 3
bot 1 56 3
coin_collected 37 3 0
bot_coins 0 1
round 8
bot 0 36 4
bot 1 55 4
round 9
bot 0 35 5
bot 1 54 5
round 10
bot 0 34 6
bot 1 53 6
coin 46 6
coin 12 26
round 11
bot 1 52 7
round 12
bot 1 51 8
round 13
bot 0 33 6
bot 1 50 9
coin_collected 49 9 1
bot_coins 1 1
round 14
bot 0 32 6
bot 1 49 8
round 15
bot 0 31 6
bot 1 48 7
coin 24 19
coin 34 13
round 16
bot 0 30 6
bot 1 47 6
coin_collected 46 6 1
bot_coins 1 2
round 17
bot 0 29 6
bot 1 46 5
round 18
bot 0 28 6
bot 1 45 4
round 19
bot 0 27 6
bot 1 44 3
round 20
bot 0 27 5
bot 1 43 2
coin 19 14
coin 39 18
round 21
bot 0 27 4
bot 1 42 1
round 22
bot 0 27 3
bot 1 41 0
round 23
bot 0 27 2
bot 1 40 32
round 24
bot 0 27 1
bot 1 39 31
round 25
bot 0 27 0
bot 1 38 30
coin 9 11
coin 49 21
round 26
bot 0 27 32
bot 1 37 31
round 27
bot 0 26 31
bot 1 36 30
round 28
bot 0 25 30
bot 1 35 31
round 29
bot 0 24 29
bot 1 34 30
round 30
bot 0 23 28
bot 1 33 31
coin 0 32
coin 58 0
round 31
bot 0 22 27
bot 1 32 30
round 32
bot 0 21 26
bot 1 31 29
round 33
bot 0 20 25
bot 1 30 28
round 34
bot 1 29 27
round 35
bot 1 28 26
coin 24 4
coin 34 28
round 36
bot 0 19 26
bot 1 29 27
round 37
bot 0 18 27
bot 1 30 26
round 38
bot 1 31 26
round 39
bot 1 32 27
round 40
bot 1 33 28
coin_collected 34 28 1
bot_coins 1 3
coin 5 5
coin 53 27
round 41
bot 1 32 27
round 42
bot 1 31 26
round 43
bot 1 32 25
round 44
bot 1 33 24
round 45
bot 1 34 23
coin 9 8
coin 49 24
round 46
bot 1 34 22
round 47
bot 1 35 21
round 48
bot 1 36 20
round 49
bot 1 37 19
round 50
bot 1 38 18
coin_collected 39 18 1
bot_coins 1 4
coin 34 28
coin 24 5
round 51
bot 1 37 17
round 52
bot 1 36 16
round 53
bot 0 18 26
bot 1 35 15
round 54
bot 1 34 14
coin_collected 34 13 1
bot_coins 1 5
round 55
bot 1 33 13
coin 3 5
coin 55 27
round 56
bot 1 32 13
round 57
bot 1 31 14
round 58
bot 1 30 14
round 59
bot 1 29 13
round 60
bot 1 28 12
coin 50 28
coin 8 4
round 61
bot 1 27 11
round 62
bot 1 26 10
round 63
bot 1 25 9
round 64
bot 1 24 8
round 65
bot 1 23 7
coin 35 3
coin 23 29
round 66
bot 1 23 6
round 67
bot 1 24 5
coin_collected 24 4 1
bot_coins 1 6
coin_collected 24 5 1
bot_coins 1 7
round 68
bot 1 23 4
round 69
bot 1 22 3
round 70
bot 1 21 2
coin 50 3
coin 8 29
round 71
bot 1 22 1
round 72
bot 1 23 0
round 73
bot 1 22 32
round 74
bot 1 21 31
round 75
bot 1 21 30
coin_collected 21 29 1
bot_coins 1 8
coin 47 1
coin 12 31
round 76
bot 1 22 29
coin_collected 23 29 1
bot_coins 1 9
round 77
bot 1 21 28
attack 1 0
bot_coins 0 0
bot_coins 1 10
match_over 0
round 78
bot 1 20 27
round 79
bot 1 19 26
round 80
bot 1 20 25
coin 49 25
coin 9 7
round 81
bot 1 20 24
round 82
bot 1 21 23
round 83
bot 1 22 22
round 84
bot 1 23 21
round 85
bot 1 24 20
coin_collected 24 19 1
bot_coins 1 11
coin 37 19
coin 21 14
round 86
bot 1 23 19
round 87
bot 1 22 18
round 88
bot 1 21 17
round 89
bot 1 20 16
round 90
bot 1 19 15
coin_collected 19 14 1
bot_coins 1 12
coin 38 14
coin 20 18
round 91
bot 1 20 14
coin_collected 21 14 1
bot_coins 1 13
round 92
bot 1 19 15
round 93
bot 1 19 16
round 94
bot 1 20 17
coin_collected 20 18 1
bot_coins 1 14
round 95
bot 1 19 18
coin 39 10
coin 19 22
round 96
bot 1 18 19
round 97
bot 1 18 20
round 98
bot 1 19 21
coin_collected 19 22 1
bot_coins 1 15
round 99
bot 1 18 20
round 100
bot 1 17 20
coin 51 9
coin 7 23
round 101
bot 1 16 21
round 102
bot 1 15 22
round 103
bot 1 14 23
round 104
bot 1 13 24
round 105
bot 1 12 25
coin_collected 12 26 1
bot_coins 1 16
coin 31 14
coin 26 18
round 106
bot 1 11 24
round 107
bot 1 10 23
coin_collected 9 23 1
bot_coins 1 17
round 108
bot 1 9 22
round 109
bot 1 8 23
coin_collected 7 23 1
bot_coins 1 18
round 110
bot 1 7 24
coin 7 1
coin 51 31
round 111
bot 1 6 25
round 112
bot 1 6 26
round 113
bot 1 7 27
round 114
bot 1 8 28
coin_collected 8 29 1
bot_coins 1 19
round 115
bot 1 9 27
coin 43 3
coin 15 29
round 116
bot 1 10 28
round 117
bot 1 11 29
round 118
bot 1 12 30
coin_collected 12 31 1
bot_coins 1 20
round 119
bot 1 13 30
round 120
bot 1 14 29
coin_collected 15 29 1
bot_coins 1 21
coin 19 4
coin 39 29
round 121
bot 1 13 30
round 122
bot 1 12 31
round 123
bot 1 11 32
round 124
bot 1 10 0
round 125
bot 1 9 1
coin 15 0
coin 43 32
round 126
bot 1 8 1
coin_collected 7 1 1
bot_coins 1 22
round 127
bot 1 7 2
round 128
bot 1 6 3
round 129
bot 1 5 4
coin_collected 5 5 1
bot_coins 1 23
round 130
bot 1 4 5
coin_collected 3 5 1
bot_coins 1 24
coin 21 18
coin 37 14
round 131
bot 1 3 4
round 132
bot 1 2 3
round 133
bot 1 1 2
round 134
bot 1 0 1
round 135
bot 1 0 0
coin_collected 58 0 1
bot_coins 1 25
coin_collected 0 32 1
bot_coins 1 26
coin 11 5
coin 47 27
round 136
bot 1 58 32
round 137
bot 1 57 31
round 138
bot 1 56 30
round 139
bot 1 55 29
round 140
bot 1 54 28
coin 32 26
coin 26 6
round 141
bot 1 54 27
coin_collected 55 27 1
bot_coins 1 27
coin_collected 53 27 1
bot_coins 1 28
round 142
bot 1 53 26
round 143
bot 1 52 25
round 144
bot 1 51 24
round 145
bot 1 50 23
coin 0 18
coin 0 14
round 146
bot 1 49 24
coin_collected 49 24 1
bot_coins 1 29
coin_collected 49 25 1
bot_coins 1 30
round 147
bot 1 48 23
round 148
bot 1 49 22
coin_collected 49 21 1
bot_coins 1 31
round 149
bot 1 48 23
round 150
bot 1 47 24
coin 53 28
coin 5 4
round 151
bot 1 46 25
round 152
bot 1 47 26
coin_collected 47 27 1
bot_coins 1 32
round 153
bot 1 48 27
round 154
bot 1 49 28
coin_collected 50 28 1
bot_coins 1 33
round 155
bot 1 50 29
coin 36 28
coin 22 4
round 156
bot 1 51 30
coin_collected 51 31 1
bot_coins 1 34
round 157
bot 1 51 29
round 158
bot 1 52 28
coin_collected 53 28 1
bot_coins 1 35
round 159
bot 1 51 29
round 160
bot 1 50 30
coin 48 8
coin 10 24
round 161
bot 1 49 31
round 162
bot 1 48 32
round 163
bot 1 48 0
round 164
bot 1 47 1
coin_collected 47 1 1
bot_coins 1 36
round 165
bot 1 48 2
coin 1 11
coin 57 21
round 166
bot 1 49 3
coin_collected 50 3 1
bot_coins 1 37
round 167
bot 1 48 4
round 168
bot 1 47 5
round 169
bot 1 47 6
round 170
bot 1 48 7
coin_collected 48 8 1
bot_coins 1 38
coin 44 25
coin 14 7
round 171
bot 1 49 8
round 172
bot 1 50 9
coin_collected 51 9 1
bot_coins 1 39
round 173
bot 1 49 8
round 174
bot 1 48 7
round 175
bot 1 47 6
coin 19 3
coin 38 29
round 176
bot 1 46 5
round 177
bot 1 45 4
round 178
bot 1 44 3
coin_collected 43 3 1
bot_coins 1 40
round 179
bot 1 43 2
round 180
bot 1 42 1
coin 30 8
coin 28 24
round 181
bot 1 43 0
coin_collected 43 32 1
bot_coins 1 41
round 182
bot 1 42 32
round 183
bot 1 41 31
round 184
bot 1 40 30
round 185
bot 1 39 29
coin_collected 39 29 1
bot_coins 1 42
coin_collected 38 29 1
bot_coins 1 43
coin 14 21
coin 44 11
round 186
bot 1 38 30
round 187
bot 1 37 29
round 188
bot 1 36 28
coin_collected 36 28 1
bot_coins 1 44
round 189
bot 1 35 28
coin_collected 34 28 1
bot_coins 1 45
round 190
bot 1 34 27
coin 44 32
coin 14 0
round 191
bot 1 33 26
coin_collected 32 26 1
bot_coins 1 46
round 192
bot 1 32 27
round 193
bot 1 31 26
round 194
bot 1 30 25
round 195
bot 1 29 24
coin_collected 28 24 1
bot_coins 1 47
coin 48 28
coin 10 4
round 196
bot 1 28 25
round 197
bot 1 27 24
round 198
bot 1 26 23
round 199
bot 1 25 22
round 200
bot 1 24 21
coin 32 12
coin 26 20
round 201
bot 1 25 20
coin_collected 26 20 1
bot_coins 1 48
round 202
bot 1 26 19
coin_collected 26 18 1
bot_coins 1 49
round 203
bot 1 25 18
round 204
bot 1 24 17
round 205
bot 1 23 17
coin 46 14
coin 10 18
round 206
bot 1 22 18
coin_collected 21 18 1
bot_coins 1 50
round 207
bot 1 21 17
round 208
bot 1 20 17
round 209
bot 1 19 18
round 210
bot 1 18 19
coin 53 4
coin 5 28
round 211
bot 1 17 20
round 212
bot 1 16 21
round 213
bot 1 15 21
coin_collected 14 21 1
bot_coins 1 51
round 214
bot 1 14 22
round 215
bot 1 13 22
coin 30 25
coin 28 7
round 216
bot 1 12 23
round 217
bot 1 11 24
coin_collected 10 24 1
bot_coins 1 52
round 218
bot 1 10 23
round 219
bot 1 9 22
round 220
bot 1 8 21
coin 34 19
coin 24 13
round 221
bot 1 9 20
round 222
bot 1 10 19
coin_collected 10 18 1
bot_coins 1 53
round 223
bot 1 9 18
round 224
bot 1 8 17
round 225
bot 1 7 16
coin 3 24
coin 55 8
round 226
bot 1 6 15
round 227
bot 1 5 14
round 228
bot 1 4 15
round 229
bot 1 3 16
round 230
bot 1 2 17
coin 44 10
coin 14 22
round 231
bot 1 1 18
coin_collected 0 18 1
bot_coins 1 54
round 232
bot 1 0 19
round 233
bot 1 58 20
round 234
bot 1 57 21
coin_collected 57 21 1
bot_coins 1 55
round 235
bot 1 58 22
coin 25 0
coin 33 32
round 236
bot 1 0 23
round 237
bot 1 1 24
round 238
bot 1 2 24
coin_collected 3 24 1
bot_coins 1 56
round 239
bot 1 3 25
round 240
bot 1 4 26
coin 18 28
coin 40 4
round 241
bot 1 5 27
coin_collected 5 28 1
bot_coins 1 57
round 242
bot 1 6 28
round 243
bot 1 5 29
round 244
bot 1 4 30
round 245
bot 1 5 31
coin 2 12
coin 56 20
round 246
bot 1 6 32
round 247
bot 1 7 0
round 248
bot 1 8 1
round 249
bot 1 9 2
round 250
bot 1 10 3
coin_collected 10 4 1
bot_coins 1 58
coin 37 32
coin 21 0
round 251
bot 1 11 4
coin_collected 11 5 1
bot_coins 1 59
round 252
bot 1 10 5
round 253
bot 1 9 6
coin_collected 9 7 1
bot_coins 1 60
round 254
bot 1 8 5
coin_collected 8 4 1
bot_coins 1 61
round 255
bot 1 7 4
coin 48 17
coin 10 15
round 256
bot 1 6 4
coin_collected 5 4 1
bot_coins 1 62
round 257
bot 1 7 5
round 258
bot 1 8 6
round 259
bot 1 9 7
coin_collected 9 8 1
bot_coins 1 63
round 260
bot 1 9 8
coin 52 1
coin 5 31
round 261
bot 1 10 9
round 262
bot 1 9 10
coin_collected 9 11 1
bot_coins 1 64
round 263
bot 1 10 9
round 264
bot 1 11 9
round 265
bot 1 12 8
coin 13 8
coin 45 24
round 266
bot 1 13 7
coin_collected 13 8 1
bot_coins 1 65
coin_collected 14 7 1
bot_coins 1 66
round 267
bot 1 14 6
round 268
bot 1 15 6
round 269
bot 1 16 6
round 270
bot 1 17 6
coin 27 26
coin 31 6
round 271
bot 1 18 6
round 272
bot 1 19 5
coin_collected 19 4 1
bot_coins 1 67
round 273
bot 1 19 4
coin_collected 19 3 1
bot_coins 1 68
round 274
bot 1 20 3
round 275
bot 1 21 4
coin_collected 22 4 1
bot_coins 1 69
coin 50 19
coin 8 14
round 276
bot 1 22 3
round 277
bot 1 22 2
round 278
bot 1 21 1
coin_collected 21 0 1
bot_coins 1 70
round 279
bot 1 22 0
round 280
bot 1 23 32
coin 32 1
coin 26 31
round 281
bot 1 24 0
coin_collected 25 0 1
bot_coins 1 71
round 282
bot 1 25 32
round 283
bot 1 26 31
coin_collected 26 31 1
bot_coins 1 72
round 284
bot 1 27 30
round 285
bot 1 28 29
coin 6 14
coin 52 18
round 286
bot 1 27 28
round 287
bot 1 27 27
coin_collected 27 26 1
bot_coins 1 73
round 288
bot 1 28 26
round 289
bot 1 29 25
coin_collected 30 25 1
bot_coins 1 74
round 290
bot 1 30 26
coin 43 29
coin 15 2
round 291
bot 1 31 27
round 292
bot 1 32 28
round 293
bot 1 33 29
round 294
bot 1 34 30
round 295
bot 1 33 31
coin_collected 33 32 1
bot_coins 1 75
coin 10 20
coin 48 11
round 296
bot 1 32 32
round 297
bot 1 32 0
coin_collected 32 1 1
bot_coins 1 76
round 298
bot 1 33 1
round 299
bot 1 34 2
round 300
bot 1 35 3
coin_collected 35 3 1
bot_coins 1 77
coin 46 13
coin 10 19
round 301
bot 1 36 2
round 302
bot 1 37 1
round 303
bot 1 37 0
coin_collected 37 32 1
bot_coins 1 78
round 304
bot 1 38 1
round 305
bot 1 39 2
coin 12 7
coin 46 25
round 306
bot 1 40 3
coin_collected 40 4 1
bot_coins 1 79
round 307
bot 1 41 4
round 308
bot 1 42 5
round 309
bot 1 43 6
round 310
bot 1 42 7
coin 15 1
coin 43 31
round 311
bot 1 42 8
round 312
bot 1 43 9
round 313
bot 1 44 10
coin_collected 44 10 1
bot_coins 1 80
coin_collected 44 11 1
bot_coins 1 81
round 314
bot 1 45 11
round 315
bot 1 46 12
coin_collected 46 13 1
bot_coins 1 82
coin 57 26
coin 1 6
round 316
bot 1 47 11
coin_collected 48 11 1
bot_coins 1 83
round 317
bot 1 46 12
round 318
bot 1 46 13
coin_collected 46 14 1
bot_coins 1 84
round 319
bot 1 45 14
round 320
bot 1 45 15
coin 10 5
coin 48 27
round 321
bot 1 46 16
round 322
bot 1 47 17
coin_collected 48 17 1
bot_coins 1 85
round 323
bot 1 48 18
round 324
bot 1 49 19
coin_collected 50 19 1
bot_coins 1 86
round 325
bot 1 50 20
coin 9 16
coin 49 17
round 326
bot 1 49 21
round 327
bot 1 48 22
round 328
bot 1 47 23
round 329
bot 1 46 24
coin_collected 45 24 1
bot_coins 1 87
coin_collected 46 25 1
bot_coins 1 88
round 330
bot 1 47 25
coin 39 15
coin 19 17
round 331
bot 1 48 26
coin_collected 48 27 1
bot_coins 1 89
round 332
bot 1 48 27
coin_collected 48 28 1
bot_coins 1 90
round 333
bot 1 47 27
round 334
bot 1 46 26
round 335
bot 1 45 27
coin 50 11
coin 8 21
round 336
bot 1 44 28
round 337
bot 1 43 29
coin_collected 43 29 1
bot_coins 1 91
round 338
bot 1 43 30
coin_collected 43 31 1
bot_coins 1 92
round 339
bot 1 44 31
coin_collected 44 32 1
bot_coins 1 93
round 340
bot 1 43 30
coin 47 11
coin 11 21
round 341
bot 1 42 29
round 342
bot 1 42 28
round 343
bot 1 43 27
round 344
bot 1 44 26
coin_collected 44 25 1
bot_coins 1 94
round 345
bot 1 43 25
coin 22 25
coin 36 7
round 346
bot 1 42 24
round 347
bot 1 41 23
round 348
bot 1 40 22
round 349
bot 1 39 21
round 350
bot 1 38 20
coin 49 4
coin 9 28
round 351
bot 1 37 19
coin_collected 37 19 1
bot_coins 1 95
round 352
bot 1 36 18
round 353
bot 1 36 17
round 354
bot 1 37 16
round 355
bot 1 38 15
coin_collected 39 15 1
bot_coins 1 96
coin_collected 38 14 1
bot_coins 1 97
coin 44 27
coin 14 6
round 356
bot 1 37 14
coin_collected 37 14 1
bot_coins 1 98
round 357
bot 1 37 13
round 358
bot 1 38 12
round 359
bot 1 39 11
coin_collected 39 10 1
bot_coins 1 99
round 360
bot 1 39 10
coin 13 14
coin 45 18
round 361
bot 1 39 9
round 362
bot 1 39 8
round 363
bot 1 38 7
round 364
bot 1 37 7
coin_collected 36 7 1
bot_coins 1 100
round 365
bot 1 36 6
coin 19 23
coin 39 9
round 366
bot 1 37 6
round 367
bot 1 38 7
round 368
bot 1 39 8
coin_collected 39 9 1
bot_coins 1 101
round 369
bot 1 38 7
round 370
bot 1 37 6
coin 46 7
coin 12 25
round 371
bot 1 36 5
round 372
bot 1 35 4
round 373
bot 1 34 4
round 374
bot 1 33 5
round 375
bot 1 32 6
coin_collected 31 6 1
bot_coins 1 102
coin 23 19
coin 35 13
round 376
bot 1 31 7
round 377
bot 1 30 8
coin_collected 30 8 1
bot_coins 1 103
round 378
bot 1 29 7
coin_collected 28 7 1
bot_coins 1 104
round 379
bot 1 28 6
round 380
bot 1 27 6
coin_collected 26 6 1
bot_coins 1 105
coin 18 6
coin 40 26
round 381
bot 1 26 7
round 382
bot 1 25 8
round 383
bot 1 24 9
round 384
bot 1 24 10
round 385
bot 1 24 11
coin 38 7
coin 20 25
round 386
bot 1 24 12
coin_collected 24 13 1
bot_coins 1 106
round 387
bot 1 24 13
round 388
bot 1 23 14
round 389
bot 1 22 15
round 390
bot 1 21 16
coin 17 20
coin 41 12
round 391
bot 1 20 17
coin_collected 19 17 1
bot_coins 1 107
round 392
bot 1 21 18
round 393
bot 1 22 19
coin_collected 23 19 1
bot_coins 1 108
round 394
bot 1 21 20
round 395
bot 1 20 21
coin 7 6
coin 51 26
round 396
bot 1 19 22
coin_collected 19 23 1
bot_coins 1 109
round 397
bot 1 19 23
round 398
bot 1 20 24
coin_collected 20 25 1
bot_coins 1 110
round 399
bot 1 21 25
coin_collected 22 25 1
bot_coins 1 111
round 400
bot 1 20 25
coin 41 30
coin 19 2
round 401
bot 1 19 26
round 402
bot 1 18 27
coin_collected 18 28 1
bot_coins 1 112
round 403
bot 1 19 26
round 404
bot 1 20 25
round 405
bot 1 20 24
coin 15 30
coin 43 2
round 406
bot 1 19 23
round 407
bot 1 18 22
round 408
bot 1 17 21
coin_collected 17 20 1
bot_coins 1 113
round 409
bot 1 16 21
round 410
bot 1 15 22
coin_collected 14 22 1
bot_coins 1 114
coin 1 10
coin 57 22
round 411
bot 1 14 21
round 412
bot 1 13 22
round 413
bot 1 12 23
round 414
bot 1 11 22
coin_collected 11 21 1
bot_coins 1 115
round 415
bot 1 10 21
coin_collected 10 20 1
bot_coins 1 116
coin 7 23
coin 51 9
round 416
bot 1 9 21
coin_collected 8 21 1
bot_coins 1 117
round 417
bot 1 10 20
coin_collected 10 19 1
bot_coins 1 118
round 418
bot 1 9 19
round 419
bot 1 8 18
round 420
bot 1 9 17
coin_collected 9 16 1
bot_coins 1 119
coin 29 10
coin 29 24
round 421
bot 1 8 16
round 422
bot 1 7 15
round 423
bot 1 7 14
coin_collected 6 14 1
bot_coins 1 120
coin_collected 8 14 1
bot_coins 1 121
round 424
bot 1 8 14
round 425
bot 1 9 15
coin_collected 10 15 1
bot_coins 1 122
coin 36 7
coin 22 25
round 426
bot 1 10 15
round 427
bot 1 11 14
round 428
bot 1 12 14
coin_collected 13 14 1
bot_coins 1 123
round 429
bot 1 13 14
round 430
bot 1 14 13
coin 42 3
coin 15 29
round 431
bot 1 14 12
round 432
bot 1 13 11
round 433
bot 1 12 10
round 434
bot 1 11 9
round 435
bot 1 12 8
coin_collected 12 7 1
bot_coins 1 124
coin 19 3
coin 39 29
round 436
bot 1 12 7
round 437
bot 1 13 6
coin_collected 14 6 1
bot_coins 1 125
round 438
bot 1 12 5
round 439
bot 1 11 4
round 440
bot 1 12 3
coin 50 25
coin 9 7
round 441
bot 1 13 2
round 442
bot 1 14 1
coin_collected 15 1 1
bot_coins 1 126
coin_collected 14 0 1
bot_coins 1 127
round 443
bot 1 15 1
coin_collected 15 0 1
bot_coins 1 128
coin_collected 15 2 1
bot_coins 1 129
round 444
bot 1 14 0
round 445
bot 1 13 32
coin 17 21
coin 41 11
round 446
bot 1 14 31
round 447
bot 1 15 30
coin_collected 15 29 1
bot_coins 1 130
coin_collected 15 30 1
bot_coins 1 131
round 448
bot 1 14 29
round 449
bot 1 13 28
round 450
bot 1 12 27
coin 47 27
coin 11 5
round 451
bot 1 12 26
coin_collected 12 25 1
bot_coins 1 132
round 452
bot 1 11 27
round 453
bot 1 10 28
coin_collected 9 28 1
bot_coins 1 133
round 454
bot 1 9 27
round 455
bot 1 8 26
coin 39 3
coin 19 29
round 456
bot 1 7 25
round 457
bot 1 7 24
coin_collected 7 23 1
bot_coins 1 134
round 458
bot 1 6 25
round 459
bot 1 5 26
round 460
bot 1 4 27
coin 47 7
coin 11 25
round 461
bot 1 3 28
round 462
bot 1 4 29
round 463
bot 1 5 30
coin_collected 5 31 1
bot_coins 1 135
round 464
bot 1 4 31
round 465
bot 1 4 32
coin 4 26
coin 54 6
round 466
bot 1 5 0
round 467
bot 1 6 1
round 468
bot 1 7 2
round 469
bot 1 8 3
round 470
bot 1 9 4
coin 58 8
coin 0 24
round 471
bot 1 10 5
coin_collected 11 5 1
bot_coins 1 136
coin_collected 10 5 1
bot_coins 1 137
round 472
bot 1 9 6
coin_collected 9 7 1
bot_coins 1 138
round 473
bot 1 8 6
coin_collected 7 6 1
bot_coins 1 139
round 474
bot 1 7 5
round 475
bot 1 6 5
coin 8 20
coin 51 11
round 476
bot 1 5 6
round 477
bot 1 4 7
round 478
bot 1 3 8
round 479
bot 1 2 9
round 480
bot 1 1 10
coin_collected 1 10 1
bot_coins 1 140
coin_collected 1 11 1
bot_coins 1 141
coin 22 28
coin 36 4
round 481
bot 1 2 11
coin_collected 2 12 1
bot_coins 1 142
round 482
bot 1 1 12
round 483
bot 1 0 13
coin_collected 0 14 1
bot_coins 1 143
round 484
bot 1 58 12
round 485
bot 1 57 11
coin 16 6
coin 42 26
round 486
bot 1 56 10
round 487
bot 1 55 9
coin_collected 55 8 1
bot_coins 1 144
round 488
bot 1 54 8
round 489
bot 1 53 8
round 490
bot 1 52 9
coin_collected 51 9 1
bot_coins 1 145
coin 40 1
coin 19 31
round 491
bot 1 51 10
coin_collected 51 11 1
bot_coins 1 146
round 492
bot 1 50 9
round 493
bot 1 49 8
round 494
bot 1 48 7
coin_collected 47 7 1
bot_coins 1 147
round 495
bot 1 47 7
coin_collected 46 7 1
bot_coins 1 148
coin 21 5
coin 37 27
round 496
bot 1 46 6
round 497
bot 1 45 5
round 498
bot 1 44 4
round 499
bot 1 43 3
coin_collected 42 3 1
bot_coins 1 149
coin_collected 43 2 1
bot_coins 1 150
round 500
bot 1 42 2
coin 24 11
coin 34 21
match_over 1
